  London Bridge.cpp
C:\Users\Window\source\repos\London Bridge\London Bridge\London Bridge.cpp(18,36): warning C4305: 'initializing': truncation from 'double' to 'float'
C:\Users\Window\source\repos\London Bridge\London Bridge\London Bridge.cpp(28,24): warning C4305: 'initializing': truncation from 'double' to 'float'
C:\Users\Window\source\repos\London Bridge\London Bridge\London Bridge.cpp(42,16): warning C4305: '=': truncation from 'double' to 'float'
C:\Users\Window\source\repos\London Bridge\London Bridge\London Bridge.cpp(45,16): warning C4305: '=': truncation from 'double' to 'float'
C:\Users\Window\source\repos\London Bridge\London Bridge\London Bridge.cpp(379,36): warning C4244: 'argument': conversion from 'double' to 'GLint', possible loss of data
C:\Users\Window\source\repos\London Bridge\London Bridge\London Bridge.cpp(379,28): warning C4244: 'argument': conversion from 'double' to 'GLint', possible loss of data
C:\Users\Window\source\repos\London Bridge\London Bridge\London Bridge.cpp(389,63): warning C4244: 'argument': conversion from 'double' to 'GLint', possible loss of data
C:\Users\Window\source\repos\London Bridge\London Bridge\London Bridge.cpp(389,55): warning C4244: 'argument': conversion from 'double' to 'GLint', possible loss of data
C:\Users\Window\source\repos\London Bridge\London Bridge\London Bridge.cpp(395,36): warning C4305: 'argument': truncation from 'double' to 'GLclampf'
C:\Users\Window\source\repos\London Bridge\London Bridge\London Bridge.cpp(412,33): warning C4305: 'argument': truncation from 'double' to 'GLfloat'
C:\Users\Window\source\repos\London Bridge\London Bridge\London Bridge.cpp(414,24): warning C4305: 'argument': truncation from 'double' to 'float'
C:\Users\Window\source\repos\London Bridge\London Bridge\London Bridge.cpp(420,32): warning C4305: 'argument': truncation from 'double' to 'GLfloat'
C:\Users\Window\source\repos\London Bridge\London Bridge\London Bridge.cpp(422,24): warning C4305: 'argument': truncation from 'double' to 'float'
C:\Users\Window\source\repos\London Bridge\London Bridge\London Bridge.cpp(428,30): warning C4305: 'argument': truncation from 'double' to 'GLfloat'
C:\Users\Window\source\repos\London Bridge\London Bridge\London Bridge.cpp(430,24): warning C4305: 'argument': truncation from 'double' to 'float'
C:\Users\Window\source\repos\London Bridge\London Bridge\London Bridge.cpp(436,29): warning C4305: 'argument': truncation from 'double' to 'GLfloat'
C:\Users\Window\source\repos\London Bridge\London Bridge\London Bridge.cpp(438,24): warning C4305: 'argument': truncation from 'double' to 'float'
C:\Users\Window\source\repos\London Bridge\London Bridge\London Bridge.cpp(444,32): warning C4305: 'argument': truncation from 'double' to 'GLfloat'
C:\Users\Window\source\repos\London Bridge\London Bridge\London Bridge.cpp(446,17): warning C4305: 'argument': truncation from 'double' to 'float'
C:\Users\Window\source\repos\London Bridge\London Bridge\London Bridge.cpp(452,31): warning C4305: 'argument': truncation from 'double' to 'GLfloat'
C:\Users\Window\source\repos\London Bridge\London Bridge\London Bridge.cpp(454,17): warning C4305: 'argument': truncation from 'double' to 'float'
C:\Users\Window\source\repos\London Bridge\London Bridge\London Bridge.cpp(460,30): warning C4305: 'argument': truncation from 'double' to 'GLfloat'
C:\Users\Window\source\repos\London Bridge\London Bridge\London Bridge.cpp(462,25): warning C4305: 'argument': truncation from 'double' to 'float'
C:\Users\Window\source\repos\London Bridge\London Bridge\London Bridge.cpp(468,29): warning C4305: 'argument': truncation from 'double' to 'GLfloat'
C:\Users\Window\source\repos\London Bridge\London Bridge\London Bridge.cpp(470,25): warning C4305: 'argument': truncation from 'double' to 'float'
C:\Users\Window\source\repos\London Bridge\London Bridge\London Bridge.cpp(476,31): warning C4305: 'argument': truncation from 'double' to 'GLfloat'
C:\Users\Window\source\repos\London Bridge\London Bridge\London Bridge.cpp(478,26): warning C4305: 'argument': truncation from 'double' to 'float'
C:\Users\Window\source\repos\London Bridge\London Bridge\London Bridge.cpp(495,30): warning C4305: 'argument': truncation from 'double' to 'GLfloat'
C:\Users\Window\source\repos\London Bridge\London Bridge\London Bridge.cpp(498,25): warning C4305: 'argument': truncation from 'double' to 'float'
C:\Users\Window\source\repos\London Bridge\London Bridge\London Bridge.cpp(505,29): warning C4305: 'argument': truncation from 'double' to 'GLfloat'
C:\Users\Window\source\repos\London Bridge\London Bridge\London Bridge.cpp(508,26): warning C4305: 'argument': truncation from 'double' to 'float'
C:\Users\Window\source\repos\London Bridge\London Bridge\London Bridge.cpp(524,31): warning C4305: 'argument': truncation from 'double' to 'GLfloat'
C:\Users\Window\source\repos\London Bridge\London Bridge\London Bridge.cpp(527,40): warning C4305: 'argument': truncation from 'double' to 'float'
C:\Users\Window\source\repos\London Bridge\London Bridge\London Bridge.cpp(533,31): warning C4305: 'argument': truncation from 'double' to 'GLfloat'
C:\Users\Window\source\repos\London Bridge\London Bridge\London Bridge.cpp(536,40): warning C4305: 'argument': truncation from 'double' to 'float'
C:\Users\Window\source\repos\London Bridge\London Bridge\London Bridge.cpp(542,32): warning C4305: 'argument': truncation from 'double' to 'GLfloat'
C:\Users\Window\source\repos\London Bridge\London Bridge\London Bridge.cpp(545,40): warning C4305: 'argument': truncation from 'double' to 'float'
C:\Users\Window\source\repos\London Bridge\London Bridge\London Bridge.cpp(551,32): warning C4305: 'argument': truncation from 'double' to 'GLfloat'
C:\Users\Window\source\repos\London Bridge\London Bridge\London Bridge.cpp(554,40): warning C4305: 'argument': truncation from 'double' to 'float'
C:\Users\Window\source\repos\London Bridge\London Bridge\London Bridge.cpp(560,19): warning C4805: '==': unsafe mix of type 'boolean' and type 'bool' in operation
C:\Users\Window\source\repos\London Bridge\London Bridge\London Bridge.cpp(562,17): warning C4305: '=': truncation from 'double' to 'float'
C:\Users\Window\source\repos\London Bridge\London Bridge\London Bridge.cpp(572,30): warning C4305: 'argument': truncation from 'double' to 'GLfloat'
C:\Users\Window\source\repos\London Bridge\London Bridge\London Bridge.cpp(583,30): warning C4305: 'argument': truncation from 'double' to 'GLfloat'
C:\Users\Window\source\repos\London Bridge\London Bridge\London Bridge.cpp(591,29): warning C4305: 'argument': truncation from 'double' to 'GLfloat'
C:\Users\Window\source\repos\London Bridge\London Bridge\London Bridge.cpp(599,31): warning C4305: 'argument': truncation from 'double' to 'GLfloat'
C:\Users\Window\source\repos\London Bridge\London Bridge\London Bridge.cpp(607,32): warning C4305: 'argument': truncation from 'double' to 'GLfloat'
C:\Users\Window\source\repos\London Bridge\London Bridge\London Bridge.cpp(618,32): warning C4305: 'argument': truncation from 'double' to 'GLfloat'
C:\Users\Window\source\repos\London Bridge\London Bridge\London Bridge.cpp(620,28): warning C4305: 'argument': truncation from 'double' to 'float'
C:\Users\Window\source\repos\London Bridge\London Bridge\London Bridge.cpp(626,33): warning C4305: 'argument': truncation from 'double' to 'GLfloat'
C:\Users\Window\source\repos\London Bridge\London Bridge\London Bridge.cpp(628,28): warning C4305: 'argument': truncation from 'double' to 'float'
  London Bridge.vcxproj -> C:\Users\Window\source\repos\London Bridge\x64\Debug\London Bridge.exe
