  Weapon.cpp
C:\Users\Window\source\repos\Weapon\Weapon\Weapon.cpp(12,19): warning C4305: 'initializing': truncation from 'double' to 'float'
C:\Users\Window\source\repos\Weapon\Weapon\Weapon.cpp(127,26): warning C4305: 'argument': truncation from 'double' to 'GLfloat'
C:\Users\Window\source\repos\Weapon\Weapon\Weapon.cpp(129,27): warning C4305: 'argument': truncation from 'double' to 'GLfloat'
C:\Users\Window\source\repos\Weapon\Weapon\Weapon.cpp(134,33): warning C4305: 'argument': truncation from 'double' to 'GLfloat'
C:\Users\Window\source\repos\Weapon\Weapon\Weapon.cpp(140,33): warning C4305: 'argument': truncation from 'double' to 'GLfloat'
C:\Users\Window\source\repos\Weapon\Weapon\Weapon.cpp(143,33): warning C4305: 'argument': truncation from 'double' to 'GLfloat'
C:\Users\Window\source\repos\Weapon\Weapon\Weapon.cpp(147,27): warning C4305: 'argument': truncation from 'double' to 'GLfloat'
C:\Users\Window\source\repos\Weapon\Weapon\Weapon.cpp(149,33): warning C4305: 'argument': truncation from 'double' to 'GLfloat'
C:\Users\Window\source\repos\Weapon\Weapon\Weapon.cpp(152,33): warning C4305: 'argument': truncation from 'double' to 'GLfloat'
C:\Users\Window\source\repos\Weapon\Weapon\Weapon.cpp(154,27): warning C4305: 'argument': truncation from 'double' to 'GLfloat'
C:\Users\Window\source\repos\Weapon\Weapon\Weapon.cpp(156,26): warning C4305: 'argument': truncation from 'double' to 'GLfloat'
C:\Users\Window\source\repos\Weapon\Weapon\Weapon.cpp(158,33): warning C4305: 'argument': truncation from 'double' to 'GLfloat'
C:\Users\Window\source\repos\Weapon\Weapon\Weapon.cpp(161,33): warning C4305: 'argument': truncation from 'double' to 'GLfloat'
C:\Users\Window\source\repos\Weapon\Weapon\Weapon.cpp(163,26): warning C4305: 'argument': truncation from 'double' to 'GLfloat'
C:\Users\Window\source\repos\Weapon\Weapon\Weapon.cpp(167,33): warning C4305: 'argument': truncation from 'double' to 'GLfloat'
C:\Users\Window\source\repos\Weapon\Weapon\Weapon.cpp(270,50): warning C4305: 'initializing': truncation from 'double' to 'float'
C:\Users\Window\source\repos\Weapon\Weapon\Weapon.cpp(270,74): warning C4305: 'initializing': truncation from 'double' to 'float'
C:\Users\Window\source\repos\Weapon\Weapon\Weapon.cpp(275,10): warning C4244: '=': conversion from 'double' to 'float', possible loss of data
C:\Users\Window\source\repos\Weapon\Weapon\Weapon.cpp(276,10): warning C4244: '=': conversion from 'double' to 'float', possible loss of data
C:\Users\Window\source\repos\Weapon\Weapon\Weapon.cpp(278,29): warning C4305: 'argument': truncation from 'double' to 'GLfloat'
C:\Users\Window\source\repos\Weapon\Weapon\Weapon.cpp(286,29): warning C4305: 'argument': truncation from 'double' to 'GLfloat'
C:\Users\Window\source\repos\Weapon\Weapon\Weapon.cpp(292,30): warning C4305: 'argument': truncation from 'double' to 'GLfloat'
C:\Users\Window\source\repos\Weapon\Weapon\Weapon.cpp(307,27): warning C4305: 'argument': truncation from 'double' to 'GLfloat'
C:\Users\Window\source\repos\Weapon\Weapon\Weapon.cpp(314,28): warning C4305: 'argument': truncation from 'double' to 'GLfloat'
C:\Users\Window\source\repos\Weapon\Weapon\Weapon.cpp(315,29): warning C4305: 'argument': truncation from 'double' to 'GLfloat'
C:\Users\Window\source\repos\Weapon\Weapon\Weapon.cpp(322,28): warning C4305: 'argument': truncation from 'double' to 'GLfloat'
C:\Users\Window\source\repos\Weapon\Weapon\Weapon.cpp(324,28): warning C4305: 'argument': truncation from 'double' to 'GLfloat'
C:\Users\Window\source\repos\Weapon\Weapon\Weapon.cpp(331,28): warning C4305: 'argument': truncation from 'double' to 'GLfloat'
C:\Users\Window\source\repos\Weapon\Weapon\Weapon.cpp(332,28): warning C4305: 'argument': truncation from 'double' to 'GLfloat'
C:\Users\Window\source\repos\Weapon\Weapon\Weapon.cpp(340,28): warning C4305: 'argument': truncation from 'double' to 'GLfloat'
C:\Users\Window\source\repos\Weapon\Weapon\Weapon.cpp(341,28): warning C4305: 'argument': truncation from 'double' to 'GLfloat'
C:\Users\Window\source\repos\Weapon\Weapon\Weapon.cpp(343,23): warning C4305: 'argument': truncation from 'double' to 'float'
C:\Users\Window\source\repos\Weapon\Weapon\Weapon.cpp(361,28): warning C4305: 'argument': truncation from 'double' to 'GLfloat'
C:\Users\Window\source\repos\Weapon\Weapon\Weapon.cpp(362,27): warning C4305: 'argument': truncation from 'double' to 'float'
C:\Users\Window\source\repos\Weapon\Weapon\Weapon.cpp(368,27): warning C4305: 'argument': truncation from 'double' to 'float'
C:\Users\Window\source\repos\Weapon\Weapon\Weapon.cpp(374,31): warning C4305: 'argument': truncation from 'double' to 'GLfloat'
C:\Users\Window\source\repos\Weapon\Weapon\Weapon.cpp(376,28): warning C4305: 'argument': truncation from 'double' to 'GLfloat'
C:\Users\Window\source\repos\Weapon\Weapon\Weapon.cpp(377,28): warning C4305: 'argument': truncation from 'double' to 'float'
C:\Users\Window\source\repos\Weapon\Weapon\Weapon.cpp(382,31): warning C4305: 'argument': truncation from 'double' to 'GLfloat'
C:\Users\Window\source\repos\Weapon\Weapon\Weapon.cpp(385,28): warning C4305: 'argument': truncation from 'double' to 'float'
C:\Users\Window\source\repos\Weapon\Weapon\Weapon.cpp(391,30): warning C4305: 'argument': truncation from 'double' to 'GLfloat'
C:\Users\Window\source\repos\Weapon\Weapon\Weapon.cpp(393,28): warning C4305: 'argument': truncation from 'double' to 'GLfloat'
C:\Users\Window\source\repos\Weapon\Weapon\Weapon.cpp(394,29): warning C4305: 'argument': truncation from 'double' to 'float'
C:\Users\Window\source\repos\Weapon\Weapon\Weapon.cpp(399,30): warning C4305: 'argument': truncation from 'double' to 'GLfloat'
C:\Users\Window\source\repos\Weapon\Weapon\Weapon.cpp(402,29): warning C4305: 'argument': truncation from 'double' to 'float'
C:\Users\Window\source\repos\Weapon\Weapon\Weapon.cpp(407,32): warning C4305: 'argument': truncation from 'double' to 'GLfloat'
C:\Users\Window\source\repos\Weapon\Weapon\Weapon.cpp(415,31): warning C4305: 'argument': truncation from 'double' to 'GLfloat'
C:\Users\Window\source\repos\Weapon\Weapon\Weapon.cpp(417,28): warning C4305: 'argument': truncation from 'double' to 'GLfloat'
C:\Users\Window\source\repos\Weapon\Weapon\Weapon.cpp(418,29): warning C4305: 'argument': truncation from 'double' to 'float'
C:\Users\Window\source\repos\Weapon\Weapon\Weapon.cpp(423,31): warning C4305: 'argument': truncation from 'double' to 'GLfloat'
C:\Users\Window\source\repos\Weapon\Weapon\Weapon.cpp(426,29): warning C4305: 'argument': truncation from 'double' to 'float'
C:\Users\Window\source\repos\Weapon\Weapon\Weapon.cpp(432,31): warning C4305: 'argument': truncation from 'double' to 'GLfloat'
C:\Users\Window\source\repos\Weapon\Weapon\Weapon.cpp(434,28): warning C4305: 'argument': truncation from 'double' to 'GLfloat'
C:\Users\Window\source\repos\Weapon\Weapon\Weapon.cpp(435,29): warning C4305: 'argument': truncation from 'double' to 'float'
C:\Users\Window\source\repos\Weapon\Weapon\Weapon.cpp(440,31): warning C4305: 'argument': truncation from 'double' to 'GLfloat'
C:\Users\Window\source\repos\Weapon\Weapon\Weapon.cpp(443,29): warning C4305: 'argument': truncation from 'double' to 'float'
C:\Users\Window\source\repos\Weapon\Weapon\Weapon.cpp(449,34): warning C4305: 'argument': truncation from 'double' to 'GLfloat'
C:\Users\Window\source\repos\Weapon\Weapon\Weapon.cpp(451,28): warning C4305: 'argument': truncation from 'double' to 'GLfloat'
C:\Users\Window\source\repos\Weapon\Weapon\Weapon.cpp(452,29): warning C4305: 'argument': truncation from 'double' to 'float'
C:\Users\Window\source\repos\Weapon\Weapon\Weapon.cpp(457,34): warning C4305: 'argument': truncation from 'double' to 'GLfloat'
C:\Users\Window\source\repos\Weapon\Weapon\Weapon.cpp(460,29): warning C4305: 'argument': truncation from 'double' to 'float'
C:\Users\Window\source\repos\Weapon\Weapon\Weapon.cpp(466,11): warning C4305: '=': truncation from 'double' to 'float'
C:\Users\Window\source\repos\Weapon\Weapon\Weapon.cpp(477,30): warning C4305: 'argument': truncation from 'double' to 'GLfloat'
  Weapon.vcxproj -> C:\Users\Window\source\repos\Weapon\x64\Debug\Weapon.exe
