  Enderdragon Head.cpp
C:\Users\Window\source\repos\Character Head\Character Head\Enderdragon Head.cpp(3,10): warning C4067: unexpected tokens following preprocessor directive - expected a newline
C:\Users\Window\source\repos\Character Head\Character Head\Enderdragon Head.cpp(8,15): warning C4305: 'initializing': truncation from 'double' to 'float'
C:\Users\Window\source\repos\Character Head\Character Head\Enderdragon Head.cpp(8,26): warning C4305: 'initializing': truncation from 'double' to 'float'
C:\Users\Window\source\repos\Character Head\Character Head\Enderdragon Head.cpp(9,15): warning C4305: 'initializing': truncation from 'double' to 'float'
C:\Users\Window\source\repos\Character Head\Character Head\Enderdragon Head.cpp(9,27): warning C4305: 'initializing': truncation from 'double' to 'float'
C:\Users\Window\source\repos\Character Head\Character Head\Enderdragon Head.cpp(11,15): warning C4305: 'initializing': truncation from 'double' to 'float'
C:\Users\Window\source\repos\Character Head\Character Head\Enderdragon Head.cpp(13,18): warning C4305: 'initializing': truncation from 'double' to 'float'
C:\Users\Window\source\repos\Character Head\Character Head\Enderdragon Head.cpp(74,25): warning C4305: 'argument': truncation from 'double' to 'GLfloat'
C:\Users\Window\source\repos\Character Head\Character Head\Enderdragon Head.cpp(76,25): warning C4305: 'argument': truncation from 'double' to 'GLfloat'
C:\Users\Window\source\repos\Character Head\Character Head\Enderdragon Head.cpp(78,25): warning C4305: 'argument': truncation from 'double' to 'GLfloat'
C:\Users\Window\source\repos\Character Head\Character Head\Enderdragon Head.cpp(80,25): warning C4305: 'argument': truncation from 'double' to 'GLfloat'
C:\Users\Window\source\repos\Character Head\Character Head\Enderdragon Head.cpp(85,25): warning C4305: 'argument': truncation from 'double' to 'GLfloat'
C:\Users\Window\source\repos\Character Head\Character Head\Enderdragon Head.cpp(87,25): warning C4305: 'argument': truncation from 'double' to 'GLfloat'
C:\Users\Window\source\repos\Character Head\Character Head\Enderdragon Head.cpp(89,25): warning C4305: 'argument': truncation from 'double' to 'GLfloat'
C:\Users\Window\source\repos\Character Head\Character Head\Enderdragon Head.cpp(91,25): warning C4305: 'argument': truncation from 'double' to 'GLfloat'
C:\Users\Window\source\repos\Character Head\Character Head\Enderdragon Head.cpp(96,25): warning C4305: 'argument': truncation from 'double' to 'GLfloat'
C:\Users\Window\source\repos\Character Head\Character Head\Enderdragon Head.cpp(98,25): warning C4305: 'argument': truncation from 'double' to 'GLfloat'
C:\Users\Window\source\repos\Character Head\Character Head\Enderdragon Head.cpp(100,25): warning C4305: 'argument': truncation from 'double' to 'GLfloat'
C:\Users\Window\source\repos\Character Head\Character Head\Enderdragon Head.cpp(102,25): warning C4305: 'argument': truncation from 'double' to 'GLfloat'
C:\Users\Window\source\repos\Character Head\Character Head\Enderdragon Head.cpp(107,25): warning C4305: 'argument': truncation from 'double' to 'GLfloat'
C:\Users\Window\source\repos\Character Head\Character Head\Enderdragon Head.cpp(109,25): warning C4305: 'argument': truncation from 'double' to 'GLfloat'
C:\Users\Window\source\repos\Character Head\Character Head\Enderdragon Head.cpp(111,25): warning C4305: 'argument': truncation from 'double' to 'GLfloat'
C:\Users\Window\source\repos\Character Head\Character Head\Enderdragon Head.cpp(113,25): warning C4305: 'argument': truncation from 'double' to 'GLfloat'
C:\Users\Window\source\repos\Character Head\Character Head\Enderdragon Head.cpp(119,21): warning C4305: 'argument': truncation from 'double' to 'GLfloat'
C:\Users\Window\source\repos\Character Head\Character Head\Enderdragon Head.cpp(121,22): warning C4305: 'argument': truncation from 'double' to 'GLfloat'
C:\Users\Window\source\repos\Character Head\Character Head\Enderdragon Head.cpp(122,25): warning C4305: 'argument': truncation from 'double' to 'GLfloat'
C:\Users\Window\source\repos\Character Head\Character Head\Enderdragon Head.cpp(123,23): warning C4305: 'argument': truncation from 'double' to 'GLfloat'
C:\Users\Window\source\repos\Character Head\Character Head\Enderdragon Head.cpp(124,25): warning C4305: 'argument': truncation from 'double' to 'GLfloat'
C:\Users\Window\source\repos\Character Head\Character Head\Enderdragon Head.cpp(125,22): warning C4305: 'argument': truncation from 'double' to 'GLfloat'
C:\Users\Window\source\repos\Character Head\Character Head\Enderdragon Head.cpp(129,28): warning C4305: 'argument': truncation from 'double' to 'GLfloat'
C:\Users\Window\source\repos\Character Head\Character Head\Enderdragon Head.cpp(130,21): warning C4305: 'argument': truncation from 'double' to 'GLfloat'
C:\Users\Window\source\repos\Character Head\Character Head\Enderdragon Head.cpp(131,28): warning C4305: 'argument': truncation from 'double' to 'GLfloat'
C:\Users\Window\source\repos\Character Head\Character Head\Enderdragon Head.cpp(132,22): warning C4305: 'argument': truncation from 'double' to 'GLfloat'
C:\Users\Window\source\repos\Character Head\Character Head\Enderdragon Head.cpp(133,28): warning C4305: 'argument': truncation from 'double' to 'GLfloat'
C:\Users\Window\source\repos\Character Head\Character Head\Enderdragon Head.cpp(134,24): warning C4305: 'argument': truncation from 'double' to 'GLfloat'
C:\Users\Window\source\repos\Character Head\Character Head\Enderdragon Head.cpp(135,28): warning C4305: 'argument': truncation from 'double' to 'GLfloat'
C:\Users\Window\source\repos\Character Head\Character Head\Enderdragon Head.cpp(136,23): warning C4305: 'argument': truncation from 'double' to 'GLfloat'
C:\Users\Window\source\repos\Character Head\Character Head\Enderdragon Head.cpp(140,28): warning C4305: 'argument': truncation from 'double' to 'GLfloat'
C:\Users\Window\source\repos\Character Head\Character Head\Enderdragon Head.cpp(141,23): warning C4305: 'argument': truncation from 'double' to 'GLfloat'
C:\Users\Window\source\repos\Character Head\Character Head\Enderdragon Head.cpp(142,28): warning C4305: 'argument': truncation from 'double' to 'GLfloat'
C:\Users\Window\source\repos\Character Head\Character Head\Enderdragon Head.cpp(143,24): warning C4305: 'argument': truncation from 'double' to 'GLfloat'
C:\Users\Window\source\repos\Character Head\Character Head\Enderdragon Head.cpp(144,28): warning C4305: 'argument': truncation from 'double' to 'GLfloat'
C:\Users\Window\source\repos\Character Head\Character Head\Enderdragon Head.cpp(145,23): warning C4305: 'argument': truncation from 'double' to 'GLfloat'
C:\Users\Window\source\repos\Character Head\Character Head\Enderdragon Head.cpp(146,28): warning C4305: 'argument': truncation from 'double' to 'GLfloat'
C:\Users\Window\source\repos\Character Head\Character Head\Enderdragon Head.cpp(147,22): warning C4305: 'argument': truncation from 'double' to 'GLfloat'
C:\Users\Window\source\repos\Character Head\Character Head\Enderdragon Head.cpp(152,21): warning C4305: 'argument': truncation from 'double' to 'GLfloat'
C:\Users\Window\source\repos\Character Head\Character Head\Enderdragon Head.cpp(154,22): warning C4305: 'argument': truncation from 'double' to 'GLfloat'
C:\Users\Window\source\repos\Character Head\Character Head\Enderdragon Head.cpp(156,24): warning C4305: 'argument': truncation from 'double' to 'GLfloat'
C:\Users\Window\source\repos\Character Head\Character Head\Enderdragon Head.cpp(158,23): warning C4305: 'argument': truncation from 'double' to 'GLfloat'
C:\Users\Window\source\repos\Character Head\Character Head\Enderdragon Head.cpp(163,23): warning C4305: 'argument': truncation from 'double' to 'GLfloat'
C:\Users\Window\source\repos\Character Head\Character Head\Enderdragon Head.cpp(165,24): warning C4305: 'argument': truncation from 'double' to 'GLfloat'
C:\Users\Window\source\repos\Character Head\Character Head\Enderdragon Head.cpp(167,23): warning C4305: 'argument': truncation from 'double' to 'GLfloat'
C:\Users\Window\source\repos\Character Head\Character Head\Enderdragon Head.cpp(169,22): warning C4305: 'argument': truncation from 'double' to 'GLfloat'
C:\Users\Window\source\repos\Character Head\Character Head\Enderdragon Head.cpp(174,23): warning C4305: 'argument': truncation from 'double' to 'GLfloat'
C:\Users\Window\source\repos\Character Head\Character Head\Enderdragon Head.cpp(176,24): warning C4305: 'argument': truncation from 'double' to 'GLfloat'
C:\Users\Window\source\repos\Character Head\Character Head\Enderdragon Head.cpp(178,24): warning C4305: 'argument': truncation from 'double' to 'GLfloat'
C:\Users\Window\source\repos\Character Head\Character Head\Enderdragon Head.cpp(180,23): warning C4305: 'argument': truncation from 'double' to 'GLfloat'
C:\Users\Window\source\repos\Character Head\Character Head\Enderdragon Head.cpp(184,25): warning C4305: 'argument': truncation from 'double' to 'GLfloat'
C:\Users\Window\source\repos\Character Head\Character Head\Enderdragon Head.cpp(187,10): warning C4244: '=': conversion from 'double' to 'float', possible loss of data
C:\Users\Window\source\repos\Character Head\Character Head\Enderdragon Head.cpp(188,10): warning C4244: '=': conversion from 'double' to 'float', possible loss of data
C:\Users\Window\source\repos\Character Head\Character Head\Enderdragon Head.cpp(194,25): warning C4305: 'argument': truncation from 'double' to 'GLfloat'
C:\Users\Window\source\repos\Character Head\Character Head\Enderdragon Head.cpp(197,11): warning C4244: '=': conversion from 'double' to 'float', possible loss of data
C:\Users\Window\source\repos\Character Head\Character Head\Enderdragon Head.cpp(198,11): warning C4244: '=': conversion from 'double' to 'float', possible loss of data
C:\Users\Window\source\repos\Character Head\Character Head\Enderdragon Head.cpp(206,10): warning C4244: '=': conversion from 'double' to 'float', possible loss of data
C:\Users\Window\source\repos\Character Head\Character Head\Enderdragon Head.cpp(207,10): warning C4244: '=': conversion from 'double' to 'float', possible loss of data
C:\Users\Window\source\repos\Character Head\Character Head\Enderdragon Head.cpp(215,11): warning C4244: '=': conversion from 'double' to 'float', possible loss of data
C:\Users\Window\source\repos\Character Head\Character Head\Enderdragon Head.cpp(216,11): warning C4244: '=': conversion from 'double' to 'float', possible loss of data
C:\Users\Window\source\repos\Character Head\Character Head\Enderdragon Head.cpp(222,28): warning C4305: 'argument': truncation from 'double' to 'GLfloat'
C:\Users\Window\source\repos\Character Head\Character Head\Enderdragon Head.cpp(223,24): warning C4305: 'argument': truncation from 'double' to 'GLfloat'
C:\Users\Window\source\repos\Character Head\Character Head\Enderdragon Head.cpp(224,28): warning C4305: 'argument': truncation from 'double' to 'GLfloat'
C:\Users\Window\source\repos\Character Head\Character Head\Enderdragon Head.cpp(225,23): warning C4305: 'argument': truncation from 'double' to 'GLfloat'
C:\Users\Window\source\repos\Character Head\Character Head\Enderdragon Head.cpp(226,28): warning C4305: 'argument': truncation from 'double' to 'GLfloat'
C:\Users\Window\source\repos\Character Head\Character Head\Enderdragon Head.cpp(227,22): warning C4305: 'argument': truncation from 'double' to 'GLfloat'
C:\Users\Window\source\repos\Character Head\Character Head\Enderdragon Head.cpp(228,28): warning C4305: 'argument': truncation from 'double' to 'GLfloat'
C:\Users\Window\source\repos\Character Head\Character Head\Enderdragon Head.cpp(229,23): warning C4305: 'argument': truncation from 'double' to 'GLfloat'
C:\Users\Window\source\repos\Character Head\Character Head\Enderdragon Head.cpp(233,28): warning C4305: 'argument': truncation from 'double' to 'GLfloat'
C:\Users\Window\source\repos\Character Head\Character Head\Enderdragon Head.cpp(234,23): warning C4305: 'argument': truncation from 'double' to 'GLfloat'
C:\Users\Window\source\repos\Character Head\Character Head\Enderdragon Head.cpp(235,28): warning C4305: 'argument': truncation from 'double' to 'GLfloat'
C:\Users\Window\source\repos\Character Head\Character Head\Enderdragon Head.cpp(236,22): warning C4305: 'argument': truncation from 'double' to 'GLfloat'
C:\Users\Window\source\repos\Character Head\Character Head\Enderdragon Head.cpp(237,28): warning C4305: 'argument': truncation from 'double' to 'GLfloat'
C:\Users\Window\source\repos\Character Head\Character Head\Enderdragon Head.cpp(238,21): warning C4305: 'argument': truncation from 'double' to 'GLfloat'
C:\Users\Window\source\repos\Character Head\Character Head\Enderdragon Head.cpp(239,28): warning C4305: 'argument': truncation from 'double' to 'GLfloat'
C:\Users\Window\source\repos\Character Head\Character Head\Enderdragon Head.cpp(240,22): warning C4305: 'argument': truncation from 'double' to 'GLfloat'
C:\Users\Window\source\repos\Character Head\Character Head\Enderdragon Head.cpp(245,23): warning C4305: 'argument': truncation from 'double' to 'GLfloat'
C:\Users\Window\source\repos\Character Head\Character Head\Enderdragon Head.cpp(247,24): warning C4305: 'argument': truncation from 'double' to 'GLfloat'
C:\Users\Window\source\repos\Character Head\Character Head\Enderdragon Head.cpp(249,24): warning C4305: 'argument': truncation from 'double' to 'GLfloat'
C:\Users\Window\source\repos\Character Head\Character Head\Enderdragon Head.cpp(251,23): warning C4305: 'argument': truncation from 'double' to 'GLfloat'
C:\Users\Window\source\repos\Character Head\Character Head\Enderdragon Head.cpp(256,24): warning C4305: 'argument': truncation from 'double' to 'GLfloat'
C:\Users\Window\source\repos\Character Head\Character Head\Enderdragon Head.cpp(258,23): warning C4305: 'argument': truncation from 'double' to 'GLfloat'
C:\Users\Window\source\repos\Character Head\Character Head\Enderdragon Head.cpp(260,23): warning C4305: 'argument': truncation from 'double' to 'GLfloat'
C:\Users\Window\source\repos\Character Head\Character Head\Enderdragon Head.cpp(265,22): warning C4305: 'argument': truncation from 'double' to 'GLfloat'
C:\Users\Window\source\repos\Character Head\Character Head\Enderdragon Head.cpp(267,23): warning C4305: 'argument': truncation from 'double' to 'GLfloat'
C:\Users\Window\source\repos\Character Head\Character Head\Enderdragon Head.cpp(269,23): warning C4305: 'argument': truncation from 'double' to 'GLfloat'
C:\Users\Window\source\repos\Character Head\Character Head\Enderdragon Head.cpp(271,22): warning C4305: 'argument': truncation from 'double' to 'GLfloat'
C:\Users\Window\source\repos\Character Head\Character Head\Enderdragon Head.cpp(276,23): warning C4305: 'argument': truncation from 'double' to 'GLfloat'
C:\Users\Window\source\repos\Character Head\Character Head\Enderdragon Head.cpp(278,22): warning C4305: 'argument': truncation from 'double' to 'GLfloat'
C:\Users\Window\source\repos\Character Head\Character Head\Enderdragon Head.cpp(280,22): warning C4305: 'argument': truncation from 'double' to 'GLfloat'
C:\Users\Window\source\repos\Character Head\Character Head\Enderdragon Head.cpp(284,25): warning C4305: 'argument': truncation from 'double' to 'GLfloat'
C:\Users\Window\source\repos\Character Head\Character Head\Enderdragon Head.cpp(285,23): warning C4305: 'argument': truncation from 'double' to 'GLfloat'
C:\Users\Window\source\repos\Character Head\Character Head\Enderdragon Head.cpp(286,25): warning C4305: 'argument': truncation from 'double' to 'GLfloat'
C:\Users\Window\source\repos\Character Head\Character Head\Enderdragon Head.cpp(287,23): warning C4305: 'argument': truncation from 'double' to 'GLfloat'
C:\Users\Window\source\repos\Character Head\Character Head\Enderdragon Head.cpp(288,25): warning C4305: 'argument': truncation from 'double' to 'GLfloat'
C:\Users\Window\source\repos\Character Head\Character Head\Enderdragon Head.cpp(289,23): warning C4305: 'argument': truncation from 'double' to 'GLfloat'
C:\Users\Window\source\repos\Character Head\Character Head\Enderdragon Head.cpp(290,25): warning C4305: 'argument': truncation from 'double' to 'GLfloat'
C:\Users\Window\source\repos\Character Head\Character Head\Enderdragon Head.cpp(291,23): warning C4305: 'argument': truncation from 'double' to 'GLfloat'
C:\Users\Window\source\repos\Character Head\Character Head\Enderdragon Head.cpp(295,25): warning C4305: 'argument': truncation from 'double' to 'GLfloat'
C:\Users\Window\source\repos\Character Head\Character Head\Enderdragon Head.cpp(296,22): warning C4305: 'argument': truncation from 'double' to 'GLfloat'
C:\Users\Window\source\repos\Character Head\Character Head\Enderdragon Head.cpp(297,25): warning C4305: 'argument': truncation from 'double' to 'GLfloat'
C:\Users\Window\source\repos\Character Head\Character Head\Enderdragon Head.cpp(298,22): warning C4305: 'argument': truncation from 'double' to 'GLfloat'
C:\Users\Window\source\repos\Character Head\Character Head\Enderdragon Head.cpp(299,25): warning C4305: 'argument': truncation from 'double' to 'GLfloat'
C:\Users\Window\source\repos\Character Head\Character Head\Enderdragon Head.cpp(300,22): warning C4305: 'argument': truncation from 'double' to 'GLfloat'
C:\Users\Window\source\repos\Character Head\Character Head\Enderdragon Head.cpp(301,25): warning C4305: 'argument': truncation from 'double' to 'GLfloat'
C:\Users\Window\source\repos\Character Head\Character Head\Enderdragon Head.cpp(302,22): warning C4305: 'argument': truncation from 'double' to 'GLfloat'
C:\Users\Window\source\repos\Character Head\Character Head\Enderdragon Head.cpp(307,23): warning C4305: 'argument': truncation from 'double' to 'GLfloat'
C:\Users\Window\source\repos\Character Head\Character Head\Enderdragon Head.cpp(309,23): warning C4305: 'argument': truncation from 'double' to 'GLfloat'
C:\Users\Window\source\repos\Character Head\Character Head\Enderdragon Head.cpp(311,23): warning C4305: 'argument': truncation from 'double' to 'GLfloat'
C:\Users\Window\source\repos\Character Head\Character Head\Enderdragon Head.cpp(313,23): warning C4305: 'argument': truncation from 'double' to 'GLfloat'
C:\Users\Window\source\repos\Character Head\Character Head\Enderdragon Head.cpp(318,22): warning C4305: 'argument': truncation from 'double' to 'GLfloat'
C:\Users\Window\source\repos\Character Head\Character Head\Enderdragon Head.cpp(320,22): warning C4305: 'argument': truncation from 'double' to 'GLfloat'
C:\Users\Window\source\repos\Character Head\Character Head\Enderdragon Head.cpp(322,22): warning C4305: 'argument': truncation from 'double' to 'GLfloat'
C:\Users\Window\source\repos\Character Head\Character Head\Enderdragon Head.cpp(324,22): warning C4305: 'argument': truncation from 'double' to 'GLfloat'
C:\Users\Window\source\repos\Character Head\Character Head\Enderdragon Head.cpp(329,23): warning C4305: 'argument': truncation from 'double' to 'GLfloat'
C:\Users\Window\source\repos\Character Head\Character Head\Enderdragon Head.cpp(331,22): warning C4305: 'argument': truncation from 'double' to 'GLfloat'
C:\Users\Window\source\repos\Character Head\Character Head\Enderdragon Head.cpp(333,22): warning C4305: 'argument': truncation from 'double' to 'GLfloat'
C:\Users\Window\source\repos\Character Head\Character Head\Enderdragon Head.cpp(335,23): warning C4305: 'argument': truncation from 'double' to 'GLfloat'
C:\Users\Window\source\repos\Character Head\Character Head\Enderdragon Head.cpp(340,22): warning C4305: 'argument': truncation from 'double' to 'GLfloat'
C:\Users\Window\source\repos\Character Head\Character Head\Enderdragon Head.cpp(342,21): warning C4305: 'argument': truncation from 'double' to 'GLfloat'
C:\Users\Window\source\repos\Character Head\Character Head\Enderdragon Head.cpp(344,21): warning C4305: 'argument': truncation from 'double' to 'GLfloat'
C:\Users\Window\source\repos\Character Head\Character Head\Enderdragon Head.cpp(346,22): warning C4305: 'argument': truncation from 'double' to 'GLfloat'
C:\Users\Window\source\repos\Character Head\Character Head\Enderdragon Head.cpp(350,25): warning C4305: 'argument': truncation from 'double' to 'GLfloat'
C:\Users\Window\source\repos\Character Head\Character Head\Enderdragon Head.cpp(351,25): warning C4305: 'argument': truncation from 'double' to 'GLfloat'
C:\Users\Window\source\repos\Character Head\Character Head\Enderdragon Head.cpp(352,25): warning C4305: 'argument': truncation from 'double' to 'GLfloat'
C:\Users\Window\source\repos\Character Head\Character Head\Enderdragon Head.cpp(353,25): warning C4305: 'argument': truncation from 'double' to 'GLfloat'
C:\Users\Window\source\repos\Character Head\Character Head\Enderdragon Head.cpp(354,25): warning C4305: 'argument': truncation from 'double' to 'GLfloat'
C:\Users\Window\source\repos\Character Head\Character Head\Enderdragon Head.cpp(355,26): warning C4305: 'argument': truncation from 'double' to 'GLfloat'
C:\Users\Window\source\repos\Character Head\Character Head\Enderdragon Head.cpp(356,25): warning C4305: 'argument': truncation from 'double' to 'GLfloat'
C:\Users\Window\source\repos\Character Head\Character Head\Enderdragon Head.cpp(357,26): warning C4305: 'argument': truncation from 'double' to 'GLfloat'
C:\Users\Window\source\repos\Character Head\Character Head\Enderdragon Head.cpp(361,25): warning C4305: 'argument': truncation from 'double' to 'GLfloat'
C:\Users\Window\source\repos\Character Head\Character Head\Enderdragon Head.cpp(362,24): warning C4305: 'argument': truncation from 'double' to 'GLfloat'
C:\Users\Window\source\repos\Character Head\Character Head\Enderdragon Head.cpp(363,25): warning C4305: 'argument': truncation from 'double' to 'GLfloat'
C:\Users\Window\source\repos\Character Head\Character Head\Enderdragon Head.cpp(364,24): warning C4305: 'argument': truncation from 'double' to 'GLfloat'
C:\Users\Window\source\repos\Character Head\Character Head\Enderdragon Head.cpp(365,25): warning C4305: 'argument': truncation from 'double' to 'GLfloat'
C:\Users\Window\source\repos\Character Head\Character Head\Enderdragon Head.cpp(366,25): warning C4305: 'argument': truncation from 'double' to 'GLfloat'
C:\Users\Window\source\repos\Character Head\Character Head\Enderdragon Head.cpp(367,25): warning C4305: 'argument': truncation from 'double' to 'GLfloat'
C:\Users\Window\source\repos\Character Head\Character Head\Enderdragon Head.cpp(368,25): warning C4305: 'argument': truncation from 'double' to 'GLfloat'
C:\Users\Window\source\repos\Character Head\Character Head\Enderdragon Head.cpp(377,25): warning C4305: 'argument': truncation from 'double' to 'GLfloat'
C:\Users\Window\source\repos\Character Head\Character Head\Enderdragon Head.cpp(379,25): warning C4305: 'argument': truncation from 'double' to 'GLfloat'
C:\Users\Window\source\repos\Character Head\Character Head\Enderdragon Head.cpp(381,25): warning C4305: 'argument': truncation from 'double' to 'GLfloat'
C:\Users\Window\source\repos\Character Head\Character Head\Enderdragon Head.cpp(383,25): warning C4305: 'argument': truncation from 'double' to 'GLfloat'
C:\Users\Window\source\repos\Character Head\Character Head\Enderdragon Head.cpp(388,25): warning C4305: 'argument': truncation from 'double' to 'GLfloat'
C:\Users\Window\source\repos\Character Head\Character Head\Enderdragon Head.cpp(390,25): warning C4305: 'argument': truncation from 'double' to 'GLfloat'
C:\Users\Window\source\repos\Character Head\Character Head\Enderdragon Head.cpp(392,25): warning C4305: 'argument': truncation from 'double' to 'GLfloat'
C:\Users\Window\source\repos\Character Head\Character Head\Enderdragon Head.cpp(394,25): warning C4305: 'argument': truncation from 'double' to 'GLfloat'
C:\Users\Window\source\repos\Character Head\Character Head\Enderdragon Head.cpp(399,25): warning C4305: 'argument': truncation from 'double' to 'GLfloat'
C:\Users\Window\source\repos\Character Head\Character Head\Enderdragon Head.cpp(401,25): warning C4305: 'argument': truncation from 'double' to 'GLfloat'
C:\Users\Window\source\repos\Character Head\Character Head\Enderdragon Head.cpp(403,25): warning C4305: 'argument': truncation from 'double' to 'GLfloat'
C:\Users\Window\source\repos\Character Head\Character Head\Enderdragon Head.cpp(405,25): warning C4305: 'argument': truncation from 'double' to 'GLfloat'
C:\Users\Window\source\repos\Character Head\Character Head\Enderdragon Head.cpp(410,25): warning C4305: 'argument': truncation from 'double' to 'GLfloat'
C:\Users\Window\source\repos\Character Head\Character Head\Enderdragon Head.cpp(412,25): warning C4305: 'argument': truncation from 'double' to 'GLfloat'
C:\Users\Window\source\repos\Character Head\Character Head\Enderdragon Head.cpp(414,25): warning C4305: 'argument': truncation from 'double' to 'GLfloat'
C:\Users\Window\source\repos\Character Head\Character Head\Enderdragon Head.cpp(416,25): warning C4305: 'argument': truncation from 'double' to 'GLfloat'
C:\Users\Window\source\repos\Character Head\Character Head\Enderdragon Head.cpp(422,21): warning C4305: 'argument': truncation from 'double' to 'GLfloat'
C:\Users\Window\source\repos\Character Head\Character Head\Enderdragon Head.cpp(424,22): warning C4305: 'argument': truncation from 'double' to 'GLfloat'
C:\Users\Window\source\repos\Character Head\Character Head\Enderdragon Head.cpp(425,25): warning C4305: 'argument': truncation from 'double' to 'GLfloat'
C:\Users\Window\source\repos\Character Head\Character Head\Enderdragon Head.cpp(426,23): warning C4305: 'argument': truncation from 'double' to 'GLfloat'
C:\Users\Window\source\repos\Character Head\Character Head\Enderdragon Head.cpp(427,25): warning C4305: 'argument': truncation from 'double' to 'GLfloat'
C:\Users\Window\source\repos\Character Head\Character Head\Enderdragon Head.cpp(428,22): warning C4305: 'argument': truncation from 'double' to 'GLfloat'
C:\Users\Window\source\repos\Character Head\Character Head\Enderdragon Head.cpp(432,28): warning C4305: 'argument': truncation from 'double' to 'GLfloat'
C:\Users\Window\source\repos\Character Head\Character Head\Enderdragon Head.cpp(433,21): warning C4305: 'argument': truncation from 'double' to 'GLfloat'
C:\Users\Window\source\repos\Character Head\Character Head\Enderdragon Head.cpp(434,28): warning C4305: 'argument': truncation from 'double' to 'GLfloat'
C:\Users\Window\source\repos\Character Head\Character Head\Enderdragon Head.cpp(435,22): warning C4305: 'argument': truncation from 'double' to 'GLfloat'
C:\Users\Window\source\repos\Character Head\Character Head\Enderdragon Head.cpp(436,28): warning C4305: 'argument': truncation from 'double' to 'GLfloat'
C:\Users\Window\source\repos\Character Head\Character Head\Enderdragon Head.cpp(437,24): warning C4305: 'argument': truncation from 'double' to 'GLfloat'
C:\Users\Window\source\repos\Character Head\Character Head\Enderdragon Head.cpp(438,28): warning C4305: 'argument': truncation from 'double' to 'GLfloat'
C:\Users\Window\source\repos\Character Head\Character Head\Enderdragon Head.cpp(439,23): warning C4305: 'argument': truncation from 'double' to 'GLfloat'
C:\Users\Window\source\repos\Character Head\Character Head\Enderdragon Head.cpp(443,28): warning C4305: 'argument': truncation from 'double' to 'GLfloat'
C:\Users\Window\source\repos\Character Head\Character Head\Enderdragon Head.cpp(444,23): warning C4305: 'argument': truncation from 'double' to 'GLfloat'
C:\Users\Window\source\repos\Character Head\Character Head\Enderdragon Head.cpp(445,28): warning C4305: 'argument': truncation from 'double' to 'GLfloat'
C:\Users\Window\source\repos\Character Head\Character Head\Enderdragon Head.cpp(446,24): warning C4305: 'argument': truncation from 'double' to 'GLfloat'
C:\Users\Window\source\repos\Character Head\Character Head\Enderdragon Head.cpp(447,28): warning C4305: 'argument': truncation from 'double' to 'GLfloat'
C:\Users\Window\source\repos\Character Head\Character Head\Enderdragon Head.cpp(448,23): warning C4305: 'argument': truncation from 'double' to 'GLfloat'
C:\Users\Window\source\repos\Character Head\Character Head\Enderdragon Head.cpp(449,28): warning C4305: 'argument': truncation from 'double' to 'GLfloat'
C:\Users\Window\source\repos\Character Head\Character Head\Enderdragon Head.cpp(450,22): warning C4305: 'argument': truncation from 'double' to 'GLfloat'
C:\Users\Window\source\repos\Character Head\Character Head\Enderdragon Head.cpp(455,21): warning C4305: 'argument': truncation from 'double' to 'GLfloat'
C:\Users\Window\source\repos\Character Head\Character Head\Enderdragon Head.cpp(457,22): warning C4305: 'argument': truncation from 'double' to 'GLfloat'
C:\Users\Window\source\repos\Character Head\Character Head\Enderdragon Head.cpp(459,24): warning C4305: 'argument': truncation from 'double' to 'GLfloat'
C:\Users\Window\source\repos\Character Head\Character Head\Enderdragon Head.cpp(461,23): warning C4305: 'argument': truncation from 'double' to 'GLfloat'
C:\Users\Window\source\repos\Character Head\Character Head\Enderdragon Head.cpp(466,23): warning C4305: 'argument': truncation from 'double' to 'GLfloat'
C:\Users\Window\source\repos\Character Head\Character Head\Enderdragon Head.cpp(468,24): warning C4305: 'argument': truncation from 'double' to 'GLfloat'
C:\Users\Window\source\repos\Character Head\Character Head\Enderdragon Head.cpp(470,23): warning C4305: 'argument': truncation from 'double' to 'GLfloat'
C:\Users\Window\source\repos\Character Head\Character Head\Enderdragon Head.cpp(472,22): warning C4305: 'argument': truncation from 'double' to 'GLfloat'
C:\Users\Window\source\repos\Character Head\Character Head\Enderdragon Head.cpp(477,23): warning C4305: 'argument': truncation from 'double' to 'GLfloat'
C:\Users\Window\source\repos\Character Head\Character Head\Enderdragon Head.cpp(479,24): warning C4305: 'argument': truncation from 'double' to 'GLfloat'
C:\Users\Window\source\repos\Character Head\Character Head\Enderdragon Head.cpp(481,24): warning C4305: 'argument': truncation from 'double' to 'GLfloat'
C:\Users\Window\source\repos\Character Head\Character Head\Enderdragon Head.cpp(483,23): warning C4305: 'argument': truncation from 'double' to 'GLfloat'
C:\Users\Window\source\repos\Character Head\Character Head\Enderdragon Head.cpp(487,25): warning C4305: 'argument': truncation from 'double' to 'GLfloat'
C:\Users\Window\source\repos\Character Head\Character Head\Enderdragon Head.cpp(490,10): warning C4244: '=': conversion from 'double' to 'float', possible loss of data
C:\Users\Window\source\repos\Character Head\Character Head\Enderdragon Head.cpp(491,10): warning C4244: '=': conversion from 'double' to 'float', possible loss of data
C:\Users\Window\source\repos\Character Head\Character Head\Enderdragon Head.cpp(497,25): warning C4305: 'argument': truncation from 'double' to 'GLfloat'
C:\Users\Window\source\repos\Character Head\Character Head\Enderdragon Head.cpp(500,11): warning C4244: '=': conversion from 'double' to 'float', possible loss of data
C:\Users\Window\source\repos\Character Head\Character Head\Enderdragon Head.cpp(501,11): warning C4244: '=': conversion from 'double' to 'float', possible loss of data
C:\Users\Window\source\repos\Character Head\Character Head\Enderdragon Head.cpp(509,10): warning C4244: '=': conversion from 'double' to 'float', possible loss of data
C:\Users\Window\source\repos\Character Head\Character Head\Enderdragon Head.cpp(510,10): warning C4244: '=': conversion from 'double' to 'float', possible loss of data
C:\Users\Window\source\repos\Character Head\Character Head\Enderdragon Head.cpp(518,11): warning C4244: '=': conversion from 'double' to 'float', possible loss of data
C:\Users\Window\source\repos\Character Head\Character Head\Enderdragon Head.cpp(519,11): warning C4244: '=': conversion from 'double' to 'float', possible loss of data
C:\Users\Window\source\repos\Character Head\Character Head\Enderdragon Head.cpp(525,28): warning C4305: 'argument': truncation from 'double' to 'GLfloat'
C:\Users\Window\source\repos\Character Head\Character Head\Enderdragon Head.cpp(526,24): warning C4305: 'argument': truncation from 'double' to 'GLfloat'
C:\Users\Window\source\repos\Character Head\Character Head\Enderdragon Head.cpp(527,28): warning C4305: 'argument': truncation from 'double' to 'GLfloat'
C:\Users\Window\source\repos\Character Head\Character Head\Enderdragon Head.cpp(528,23): warning C4305: 'argument': truncation from 'double' to 'GLfloat'
C:\Users\Window\source\repos\Character Head\Character Head\Enderdragon Head.cpp(529,28): warning C4305: 'argument': truncation from 'double' to 'GLfloat'
C:\Users\Window\source\repos\Character Head\Character Head\Enderdragon Head.cpp(530,22): warning C4305: 'argument': truncation from 'double' to 'GLfloat'
C:\Users\Window\source\repos\Character Head\Character Head\Enderdragon Head.cpp(531,28): warning C4305: 'argument': truncation from 'double' to 'GLfloat'
C:\Users\Window\source\repos\Character Head\Character Head\Enderdragon Head.cpp(532,23): warning C4305: 'argument': truncation from 'double' to 'GLfloat'
C:\Users\Window\source\repos\Character Head\Character Head\Enderdragon Head.cpp(536,28): warning C4305: 'argument': truncation from 'double' to 'GLfloat'
C:\Users\Window\source\repos\Character Head\Character Head\Enderdragon Head.cpp(537,23): warning C4305: 'argument': truncation from 'double' to 'GLfloat'
C:\Users\Window\source\repos\Character Head\Character Head\Enderdragon Head.cpp(538,28): warning C4305: 'argument': truncation from 'double' to 'GLfloat'
C:\Users\Window\source\repos\Character Head\Character Head\Enderdragon Head.cpp(539,22): warning C4305: 'argument': truncation from 'double' to 'GLfloat'
C:\Users\Window\source\repos\Character Head\Character Head\Enderdragon Head.cpp(540,28): warning C4305: 'argument': truncation from 'double' to 'GLfloat'
C:\Users\Window\source\repos\Character Head\Character Head\Enderdragon Head.cpp(541,21): warning C4305: 'argument': truncation from 'double' to 'GLfloat'
C:\Users\Window\source\repos\Character Head\Character Head\Enderdragon Head.cpp(542,28): warning C4305: 'argument': truncation from 'double' to 'GLfloat'
C:\Users\Window\source\repos\Character Head\Character Head\Enderdragon Head.cpp(543,22): warning C4305: 'argument': truncation from 'double' to 'GLfloat'
C:\Users\Window\source\repos\Character Head\Character Head\Enderdragon Head.cpp(548,24): warning C4305: 'argument': truncation from 'double' to 'GLfloat'
C:\Users\Window\source\repos\Character Head\Character Head\Enderdragon Head.cpp(550,24): warning C4305: 'argument': truncation from 'double' to 'GLfloat'
C:\Users\Window\source\repos\Character Head\Character Head\Enderdragon Head.cpp(552,23): warning C4305: 'argument': truncation from 'double' to 'GLfloat'
C:\Users\Window\source\repos\Character Head\Character Head\Enderdragon Head.cpp(554,23): warning C4305: 'argument': truncation from 'double' to 'GLfloat'
C:\Users\Window\source\repos\Character Head\Character Head\Enderdragon Head.cpp(559,23): warning C4305: 'argument': truncation from 'double' to 'GLfloat'
C:\Users\Window\source\repos\Character Head\Character Head\Enderdragon Head.cpp(561,23): warning C4305: 'argument': truncation from 'double' to 'GLfloat'
C:\Users\Window\source\repos\Character Head\Character Head\Enderdragon Head.cpp(563,22): warning C4305: 'argument': truncation from 'double' to 'GLfloat'
C:\Users\Window\source\repos\Character Head\Character Head\Enderdragon Head.cpp(565,22): warning C4305: 'argument': truncation from 'double' to 'GLfloat'
C:\Users\Window\source\repos\Character Head\Character Head\Enderdragon Head.cpp(569,28): warning C4305: 'argument': truncation from 'double' to 'GLfloat'
C:\Users\Window\source\repos\Character Head\Character Head\Enderdragon Head.cpp(570,23): warning C4305: 'argument': truncation from 'double' to 'GLfloat'
C:\Users\Window\source\repos\Character Head\Character Head\Enderdragon Head.cpp(571,28): warning C4305: 'argument': truncation from 'double' to 'GLfloat'
C:\Users\Window\source\repos\Character Head\Character Head\Enderdragon Head.cpp(572,22): warning C4305: 'argument': truncation from 'double' to 'GLfloat'
C:\Users\Window\source\repos\Character Head\Character Head\Enderdragon Head.cpp(573,28): warning C4305: 'argument': truncation from 'double' to 'GLfloat'
C:\Users\Window\source\repos\Character Head\Character Head\Enderdragon Head.cpp(574,23): warning C4305: 'argument': truncation from 'double' to 'GLfloat'
C:\Users\Window\source\repos\Character Head\Character Head\Enderdragon Head.cpp(575,28): warning C4305: 'argument': truncation from 'double' to 'GLfloat'
C:\Users\Window\source\repos\Character Head\Character Head\Enderdragon Head.cpp(576,24): warning C4305: 'argument': truncation from 'double' to 'GLfloat'
C:\Users\Window\source\repos\Character Head\Character Head\Enderdragon Head.cpp(580,28): warning C4305: 'argument': truncation from 'double' to 'GLfloat'
C:\Users\Window\source\repos\Character Head\Character Head\Enderdragon Head.cpp(581,22): warning C4305: 'argument': truncation from 'double' to 'GLfloat'
C:\Users\Window\source\repos\Character Head\Character Head\Enderdragon Head.cpp(582,28): warning C4305: 'argument': truncation from 'double' to 'GLfloat'
C:\Users\Window\source\repos\Character Head\Character Head\Enderdragon Head.cpp(583,21): warning C4305: 'argument': truncation from 'double' to 'GLfloat'
C:\Users\Window\source\repos\Character Head\Character Head\Enderdragon Head.cpp(584,28): warning C4305: 'argument': truncation from 'double' to 'GLfloat'
C:\Users\Window\source\repos\Character Head\Character Head\Enderdragon Head.cpp(585,22): warning C4305: 'argument': truncation from 'double' to 'GLfloat'
C:\Users\Window\source\repos\Character Head\Character Head\Enderdragon Head.cpp(586,28): warning C4305: 'argument': truncation from 'double' to 'GLfloat'
C:\Users\Window\source\repos\Character Head\Character Head\Enderdragon Head.cpp(587,23): warning C4305: 'argument': truncation from 'double' to 'GLfloat'
C:\Users\Window\source\repos\Character Head\Character Head\Enderdragon Head.cpp(592,23): warning C4305: 'argument': truncation from 'double' to 'GLfloat'
C:\Users\Window\source\repos\Character Head\Character Head\Enderdragon Head.cpp(594,22): warning C4305: 'argument': truncation from 'double' to 'GLfloat'
C:\Users\Window\source\repos\Character Head\Character Head\Enderdragon Head.cpp(596,23): warning C4305: 'argument': truncation from 'double' to 'GLfloat'
C:\Users\Window\source\repos\Character Head\Character Head\Enderdragon Head.cpp(598,24): warning C4305: 'argument': truncation from 'double' to 'GLfloat'
C:\Users\Window\source\repos\Character Head\Character Head\Enderdragon Head.cpp(603,22): warning C4305: 'argument': truncation from 'double' to 'GLfloat'
C:\Users\Window\source\repos\Character Head\Character Head\Enderdragon Head.cpp(605,21): warning C4305: 'argument': truncation from 'double' to 'GLfloat'
C:\Users\Window\source\repos\Character Head\Character Head\Enderdragon Head.cpp(607,22): warning C4305: 'argument': truncation from 'double' to 'GLfloat'
C:\Users\Window\source\repos\Character Head\Character Head\Enderdragon Head.cpp(609,23): warning C4305: 'argument': truncation from 'double' to 'GLfloat'
  Character Head.vcxproj -> C:\Users\Window\source\repos\Character Head\x64\Debug\Character Head.exe
