  Windmill.cpp
C:\Users\Window\source\repos\Windmill\Windmill\Windmill.cpp(9,63): warning C4305: 'initializing': truncation from 'double' to 'float'
C:\Users\Window\source\repos\Windmill\Windmill\Windmill.cpp(10,14): warning C4305: 'initializing': truncation from 'double' to 'float'
C:\Users\Window\source\repos\Windmill\Windmill\Windmill.cpp(10,25): warning C4305: 'initializing': truncation from 'double' to 'float'
C:\Users\Window\source\repos\Windmill\Windmill\Windmill.cpp(12,18): warning C4305: 'initializing': truncation from 'double' to 'float'
C:\Users\Window\source\repos\Windmill\Windmill\Windmill.cpp(33,17): warning C4305: '+=': truncation from 'double' to 'float'
C:\Users\Window\source\repos\Windmill\Windmill\Windmill.cpp(35,17): warning C4305: '-=': truncation from 'double' to 'float'
C:\Users\Window\source\repos\Windmill\Windmill\Windmill.cpp(93,27): warning C4305: 'argument': truncation from 'double' to 'GLfloat'
C:\Users\Window\source\repos\Windmill\Windmill\Windmill.cpp(94,22): warning C4305: 'argument': truncation from 'double' to 'GLfloat'
C:\Users\Window\source\repos\Windmill\Windmill\Windmill.cpp(95,27): warning C4305: 'argument': truncation from 'double' to 'GLfloat'
C:\Users\Window\source\repos\Windmill\Windmill\Windmill.cpp(96,23): warning C4305: 'argument': truncation from 'double' to 'GLfloat'
C:\Users\Window\source\repos\Windmill\Windmill\Windmill.cpp(97,27): warning C4305: 'argument': truncation from 'double' to 'GLfloat'
C:\Users\Window\source\repos\Windmill\Windmill\Windmill.cpp(98,23): warning C4305: 'argument': truncation from 'double' to 'GLfloat'
C:\Users\Window\source\repos\Windmill\Windmill\Windmill.cpp(99,27): warning C4305: 'argument': truncation from 'double' to 'GLfloat'
C:\Users\Window\source\repos\Windmill\Windmill\Windmill.cpp(100,22): warning C4305: 'argument': truncation from 'double' to 'GLfloat'
C:\Users\Window\source\repos\Windmill\Windmill\Windmill.cpp(105,22): warning C4305: 'argument': truncation from 'double' to 'GLfloat'
C:\Users\Window\source\repos\Windmill\Windmill\Windmill.cpp(107,23): warning C4305: 'argument': truncation from 'double' to 'GLfloat'
C:\Users\Window\source\repos\Windmill\Windmill\Windmill.cpp(109,23): warning C4305: 'argument': truncation from 'double' to 'GLfloat'
C:\Users\Window\source\repos\Windmill\Windmill\Windmill.cpp(111,22): warning C4305: 'argument': truncation from 'double' to 'GLfloat'
C:\Users\Window\source\repos\Windmill\Windmill\Windmill.cpp(116,22): warning C4305: 'argument': truncation from 'double' to 'GLfloat'
C:\Users\Window\source\repos\Windmill\Windmill\Windmill.cpp(118,22): warning C4305: 'argument': truncation from 'double' to 'GLfloat'
C:\Users\Window\source\repos\Windmill\Windmill\Windmill.cpp(120,22): warning C4305: 'argument': truncation from 'double' to 'GLfloat'
C:\Users\Window\source\repos\Windmill\Windmill\Windmill.cpp(122,22): warning C4305: 'argument': truncation from 'double' to 'GLfloat'
C:\Users\Window\source\repos\Windmill\Windmill\Windmill.cpp(127,22): warning C4305: 'argument': truncation from 'double' to 'GLfloat'
C:\Users\Window\source\repos\Windmill\Windmill\Windmill.cpp(129,22): warning C4305: 'argument': truncation from 'double' to 'GLfloat'
C:\Users\Window\source\repos\Windmill\Windmill\Windmill.cpp(131,22): warning C4305: 'argument': truncation from 'double' to 'GLfloat'
C:\Users\Window\source\repos\Windmill\Windmill\Windmill.cpp(133,22): warning C4305: 'argument': truncation from 'double' to 'GLfloat'
C:\Users\Window\source\repos\Windmill\Windmill\Windmill.cpp(140,23): warning C4305: 'argument': truncation from 'double' to 'GLfloat'
C:\Users\Window\source\repos\Windmill\Windmill\Windmill.cpp(141,25): warning C4305: 'argument': truncation from 'double' to 'GLfloat'
C:\Users\Window\source\repos\Windmill\Windmill\Windmill.cpp(146,25): warning C4305: 'argument': truncation from 'double' to 'GLfloat'
C:\Users\Window\source\repos\Windmill\Windmill\Windmill.cpp(147,23): warning C4305: 'argument': truncation from 'double' to 'GLfloat'
C:\Users\Window\source\repos\Windmill\Windmill\Windmill.cpp(152,23): warning C4305: 'argument': truncation from 'double' to 'GLfloat'
C:\Users\Window\source\repos\Windmill\Windmill\Windmill.cpp(153,25): warning C4305: 'argument': truncation from 'double' to 'GLfloat'
C:\Users\Window\source\repos\Windmill\Windmill\Windmill.cpp(158,25): warning C4305: 'argument': truncation from 'double' to 'GLfloat'
C:\Users\Window\source\repos\Windmill\Windmill\Windmill.cpp(159,23): warning C4305: 'argument': truncation from 'double' to 'GLfloat'
C:\Users\Window\source\repos\Windmill\Windmill\Windmill.cpp(164,23): warning C4305: 'argument': truncation from 'double' to 'GLfloat'
C:\Users\Window\source\repos\Windmill\Windmill\Windmill.cpp(165,25): warning C4305: 'argument': truncation from 'double' to 'GLfloat'
C:\Users\Window\source\repos\Windmill\Windmill\Windmill.cpp(170,25): warning C4305: 'argument': truncation from 'double' to 'GLfloat'
C:\Users\Window\source\repos\Windmill\Windmill\Windmill.cpp(171,23): warning C4305: 'argument': truncation from 'double' to 'GLfloat'
C:\Users\Window\source\repos\Windmill\Windmill\Windmill.cpp(179,25): warning C4305: 'argument': truncation from 'double' to 'GLfloat'
C:\Users\Window\source\repos\Windmill\Windmill\Windmill.cpp(181,11): warning C4244: '=': conversion from 'double' to 'float', possible loss of data
C:\Users\Window\source\repos\Windmill\Windmill\Windmill.cpp(182,11): warning C4244: '=': conversion from 'double' to 'float', possible loss of data
C:\Users\Window\source\repos\Windmill\Windmill\Windmill.cpp(190,29): warning C4305: 'argument': truncation from 'double' to 'GLfloat'
C:\Users\Window\source\repos\Windmill\Windmill\Windmill.cpp(192,25): warning C4305: 'argument': truncation from 'double' to 'GLfloat'
C:\Users\Window\source\repos\Windmill\Windmill\Windmill.cpp(194,11): warning C4244: '=': conversion from 'double' to 'float', possible loss of data
C:\Users\Window\source\repos\Windmill\Windmill\Windmill.cpp(195,11): warning C4244: '=': conversion from 'double' to 'float', possible loss of data
C:\Users\Window\source\repos\Windmill\Windmill\Windmill.cpp(203,30): warning C4305: 'argument': truncation from 'double' to 'GLfloat'
C:\Users\Window\source\repos\Windmill\Windmill\Windmill.cpp(205,25): warning C4305: 'argument': truncation from 'double' to 'GLfloat'
C:\Users\Window\source\repos\Windmill\Windmill\Windmill.cpp(207,11): warning C4244: '=': conversion from 'double' to 'float', possible loss of data
C:\Users\Window\source\repos\Windmill\Windmill\Windmill.cpp(208,11): warning C4244: '=': conversion from 'double' to 'float', possible loss of data
C:\Users\Window\source\repos\Windmill\Windmill\Windmill.cpp(216,32): warning C4305: 'argument': truncation from 'double' to 'GLfloat'
C:\Users\Window\source\repos\Windmill\Windmill\Windmill.cpp(218,25): warning C4305: 'argument': truncation from 'double' to 'GLfloat'
C:\Users\Window\source\repos\Windmill\Windmill\Windmill.cpp(220,11): warning C4244: '=': conversion from 'double' to 'float', possible loss of data
C:\Users\Window\source\repos\Windmill\Windmill\Windmill.cpp(221,11): warning C4244: '=': conversion from 'double' to 'float', possible loss of data
C:\Users\Window\source\repos\Windmill\Windmill\Windmill.cpp(229,33): warning C4305: 'argument': truncation from 'double' to 'GLfloat'
C:\Users\Window\source\repos\Windmill\Windmill\Windmill.cpp(231,25): warning C4305: 'argument': truncation from 'double' to 'GLfloat'
C:\Users\Window\source\repos\Windmill\Windmill\Windmill.cpp(233,11): warning C4244: '=': conversion from 'double' to 'float', possible loss of data
C:\Users\Window\source\repos\Windmill\Windmill\Windmill.cpp(234,11): warning C4244: '=': conversion from 'double' to 'float', possible loss of data
C:\Users\Window\source\repos\Windmill\Windmill\Windmill.cpp(260,29): warning C4305: 'argument': truncation from 'double' to 'GLfloat'
C:\Users\Window\source\repos\Windmill\Windmill\Windmill.cpp(270,28): warning C4305: 'argument': truncation from 'double' to 'GLfloat'
C:\Users\Window\source\repos\Windmill\Windmill\Windmill.cpp(279,25): warning C4305: 'argument': truncation from 'double' to 'GLfloat'
C:\Users\Window\source\repos\Windmill\Windmill\Windmill.cpp(281,25): warning C4305: 'argument': truncation from 'double' to 'GLfloat'
C:\Users\Window\source\repos\Windmill\Windmill\Windmill.cpp(286,26): warning C4305: 'argument': truncation from 'double' to 'GLfloat'
C:\Users\Window\source\repos\Windmill\Windmill\Windmill.cpp(288,27): warning C4305: 'argument': truncation from 'double' to 'GLfloat'
C:\Users\Window\source\repos\Windmill\Windmill\Windmill.cpp(290,25): warning C4305: 'argument': truncation from 'double' to 'GLfloat'
C:\Users\Window\source\repos\Windmill\Windmill\Windmill.cpp(291,22): warning C4305: 'argument': truncation from 'double' to 'GLfloat'
C:\Users\Window\source\repos\Windmill\Windmill\Windmill.cpp(300,22): warning C4305: 'argument': truncation from 'double' to 'GLfloat'
C:\Users\Window\source\repos\Windmill\Windmill\Windmill.cpp(304,27): warning C4305: 'argument': truncation from 'double' to 'GLfloat'
C:\Users\Window\source\repos\Windmill\Windmill\Windmill.cpp(305,23): warning C4305: 'argument': truncation from 'double' to 'GLfloat'
C:\Users\Window\source\repos\Windmill\Windmill\Windmill.cpp(306,26): warning C4305: 'argument': truncation from 'double' to 'GLfloat'
C:\Users\Window\source\repos\Windmill\Windmill\Windmill.cpp(308,25): warning C4305: 'argument': truncation from 'double' to 'GLfloat'
C:\Users\Window\source\repos\Windmill\Windmill\Windmill.cpp(309,22): warning C4305: 'argument': truncation from 'double' to 'GLfloat'
C:\Users\Window\source\repos\Windmill\Windmill\Windmill.cpp(314,23): warning C4305: 'argument': truncation from 'double' to 'GLfloat'
C:\Users\Window\source\repos\Windmill\Windmill\Windmill.cpp(318,22): warning C4305: 'argument': truncation from 'double' to 'GLfloat'
C:\Users\Window\source\repos\Windmill\Windmill\Windmill.cpp(322,25): warning C4305: 'argument': truncation from 'double' to 'GLfloat'
C:\Users\Window\source\repos\Windmill\Windmill\Windmill.cpp(323,24): warning C4305: 'argument': truncation from 'double' to 'GLfloat'
C:\Users\Window\source\repos\Windmill\Windmill\Windmill.cpp(324,25): warning C4305: 'argument': truncation from 'double' to 'GLfloat'
C:\Users\Window\source\repos\Windmill\Windmill\Windmill.cpp(325,24): warning C4305: 'argument': truncation from 'double' to 'GLfloat'
C:\Users\Window\source\repos\Windmill\Windmill\Windmill.cpp(327,22): warning C4305: 'argument': truncation from 'double' to 'GLfloat'
C:\Users\Window\source\repos\Windmill\Windmill\Windmill.cpp(332,24): warning C4305: 'argument': truncation from 'double' to 'GLfloat'
C:\Users\Window\source\repos\Windmill\Windmill\Windmill.cpp(334,24): warning C4305: 'argument': truncation from 'double' to 'GLfloat'
C:\Users\Window\source\repos\Windmill\Windmill\Windmill.cpp(336,22): warning C4305: 'argument': truncation from 'double' to 'GLfloat'
C:\Users\Window\source\repos\Windmill\Windmill\Windmill.cpp(340,25): warning C4305: 'argument': truncation from 'double' to 'GLfloat'
C:\Users\Window\source\repos\Windmill\Windmill\Windmill.cpp(342,25): warning C4305: 'argument': truncation from 'double' to 'GLfloat'
C:\Users\Window\source\repos\Windmill\Windmill\Windmill.cpp(343,25): warning C4305: 'argument': truncation from 'double' to 'GLfloat'
C:\Users\Window\source\repos\Windmill\Windmill\Windmill.cpp(345,22): warning C4305: 'argument': truncation from 'double' to 'GLfloat'
C:\Users\Window\source\repos\Windmill\Windmill\Windmill.cpp(352,25): warning C4305: 'argument': truncation from 'double' to 'GLfloat'
C:\Users\Window\source\repos\Windmill\Windmill\Windmill.cpp(354,22): warning C4305: 'argument': truncation from 'double' to 'GLfloat'
C:\Users\Window\source\repos\Windmill\Windmill\Windmill.cpp(360,10): warning C4244: '=': conversion from 'double' to 'float', possible loss of data
C:\Users\Window\source\repos\Windmill\Windmill\Windmill.cpp(361,10): warning C4244: '=': conversion from 'double' to 'float', possible loss of data
C:\Users\Window\source\repos\Windmill\Windmill\Windmill.cpp(363,26): warning C4305: 'argument': truncation from 'double' to 'GLfloat'
C:\Users\Window\source\repos\Windmill\Windmill\Windmill.cpp(370,10): warning C4244: '=': conversion from 'double' to 'float', possible loss of data
C:\Users\Window\source\repos\Windmill\Windmill\Windmill.cpp(371,10): warning C4244: '=': conversion from 'double' to 'float', possible loss of data
C:\Users\Window\source\repos\Windmill\Windmill\Windmill.cpp(380,10): warning C4244: '=': conversion from 'double' to 'float', possible loss of data
C:\Users\Window\source\repos\Windmill\Windmill\Windmill.cpp(381,10): warning C4244: '=': conversion from 'double' to 'float', possible loss of data
C:\Users\Window\source\repos\Windmill\Windmill\Windmill.cpp(387,25): warning C4305: 'argument': truncation from 'double' to 'GLfloat'
C:\Users\Window\source\repos\Windmill\Windmill\Windmill.cpp(388,22): warning C4305: 'argument': truncation from 'double' to 'GLfloat'
C:\Users\Window\source\repos\Windmill\Windmill\Windmill.cpp(389,25): warning C4305: 'argument': truncation from 'double' to 'GLfloat'
C:\Users\Window\source\repos\Windmill\Windmill\Windmill.cpp(390,23): warning C4305: 'argument': truncation from 'double' to 'GLfloat'
C:\Users\Window\source\repos\Windmill\Windmill\Windmill.cpp(391,25): warning C4305: 'argument': truncation from 'double' to 'GLfloat'
C:\Users\Window\source\repos\Windmill\Windmill\Windmill.cpp(392,21): warning C4305: 'argument': truncation from 'double' to 'GLfloat'
C:\Users\Window\source\repos\Windmill\Windmill\Windmill.cpp(397,22): warning C4305: 'argument': truncation from 'double' to 'GLfloat'
C:\Users\Window\source\repos\Windmill\Windmill\Windmill.cpp(399,23): warning C4305: 'argument': truncation from 'double' to 'GLfloat'
C:\Users\Window\source\repos\Windmill\Windmill\Windmill.cpp(401,21): warning C4305: 'argument': truncation from 'double' to 'GLfloat'
C:\Users\Window\source\repos\Windmill\Windmill\Windmill.cpp(405,26): warning C4305: 'argument': truncation from 'double' to 'GLfloat'
C:\Users\Window\source\repos\Windmill\Windmill\Windmill.cpp(406,22): warning C4305: 'argument': truncation from 'double' to 'GLfloat'
C:\Users\Window\source\repos\Windmill\Windmill\Windmill.cpp(407,26): warning C4305: 'argument': truncation from 'double' to 'GLfloat'
C:\Users\Window\source\repos\Windmill\Windmill\Windmill.cpp(408,23): warning C4305: 'argument': truncation from 'double' to 'GLfloat'
C:\Users\Window\source\repos\Windmill\Windmill\Windmill.cpp(409,26): warning C4305: 'argument': truncation from 'double' to 'GLfloat'
C:\Users\Window\source\repos\Windmill\Windmill\Windmill.cpp(410,23): warning C4305: 'argument': truncation from 'double' to 'GLfloat'
C:\Users\Window\source\repos\Windmill\Windmill\Windmill.cpp(411,26): warning C4305: 'argument': truncation from 'double' to 'GLfloat'
C:\Users\Window\source\repos\Windmill\Windmill\Windmill.cpp(412,22): warning C4305: 'argument': truncation from 'double' to 'GLfloat'
C:\Users\Window\source\repos\Windmill\Windmill\Windmill.cpp(417,22): warning C4305: 'argument': truncation from 'double' to 'GLfloat'
C:\Users\Window\source\repos\Windmill\Windmill\Windmill.cpp(419,23): warning C4305: 'argument': truncation from 'double' to 'GLfloat'
C:\Users\Window\source\repos\Windmill\Windmill\Windmill.cpp(421,23): warning C4305: 'argument': truncation from 'double' to 'GLfloat'
C:\Users\Window\source\repos\Windmill\Windmill\Windmill.cpp(423,22): warning C4305: 'argument': truncation from 'double' to 'GLfloat'
C:\Users\Window\source\repos\Windmill\Windmill\Windmill.cpp(428,22): warning C4305: 'argument': truncation from 'double' to 'GLfloat'
C:\Users\Window\source\repos\Windmill\Windmill\Windmill.cpp(430,23): warning C4305: 'argument': truncation from 'double' to 'GLfloat'
C:\Users\Window\source\repos\Windmill\Windmill\Windmill.cpp(432,23): warning C4305: 'argument': truncation from 'double' to 'GLfloat'
C:\Users\Window\source\repos\Windmill\Windmill\Windmill.cpp(434,22): warning C4305: 'argument': truncation from 'double' to 'GLfloat'
C:\Users\Window\source\repos\Windmill\Windmill\Windmill.cpp(439,22): warning C4305: 'argument': truncation from 'double' to 'GLfloat'
C:\Users\Window\source\repos\Windmill\Windmill\Windmill.cpp(441,23): warning C4305: 'argument': truncation from 'double' to 'GLfloat'
C:\Users\Window\source\repos\Windmill\Windmill\Windmill.cpp(443,23): warning C4305: 'argument': truncation from 'double' to 'GLfloat'
C:\Users\Window\source\repos\Windmill\Windmill\Windmill.cpp(445,22): warning C4305: 'argument': truncation from 'double' to 'GLfloat'
C:\Users\Window\source\repos\Windmill\Windmill\Windmill.cpp(450,22): warning C4305: 'argument': truncation from 'double' to 'GLfloat'
C:\Users\Window\source\repos\Windmill\Windmill\Windmill.cpp(456,24): warning C4305: 'argument': truncation from 'double' to 'GLfloat'
C:\Users\Window\source\repos\Windmill\Windmill\Windmill.cpp(458,25): warning C4305: 'argument': truncation from 'double' to 'GLfloat'
C:\Users\Window\source\repos\Windmill\Windmill\Windmill.cpp(460,25): warning C4305: 'argument': truncation from 'double' to 'GLfloat'
C:\Users\Window\source\repos\Windmill\Windmill\Windmill.cpp(462,24): warning C4305: 'argument': truncation from 'double' to 'GLfloat'
C:\Users\Window\source\repos\Windmill\Windmill\Windmill.cpp(467,24): warning C4305: 'argument': truncation from 'double' to 'GLfloat'
C:\Users\Window\source\repos\Windmill\Windmill\Windmill.cpp(469,25): warning C4305: 'argument': truncation from 'double' to 'GLfloat'
C:\Users\Window\source\repos\Windmill\Windmill\Windmill.cpp(471,25): warning C4305: 'argument': truncation from 'double' to 'GLfloat'
C:\Users\Window\source\repos\Windmill\Windmill\Windmill.cpp(473,24): warning C4305: 'argument': truncation from 'double' to 'GLfloat'
C:\Users\Window\source\repos\Windmill\Windmill\Windmill.cpp(498,25): warning C4305: 'argument': truncation from 'double' to 'GLfloat'
C:\Users\Window\source\repos\Windmill\Windmill\Windmill.cpp(500,11): warning C4244: '=': conversion from 'double' to 'float', possible loss of data
C:\Users\Window\source\repos\Windmill\Windmill\Windmill.cpp(501,11): warning C4244: '=': conversion from 'double' to 'float', possible loss of data
C:\Users\Window\source\repos\Windmill\Windmill\Windmill.cpp(509,11): warning C4244: '=': conversion from 'double' to 'float', possible loss of data
C:\Users\Window\source\repos\Windmill\Windmill\Windmill.cpp(510,11): warning C4244: '=': conversion from 'double' to 'float', possible loss of data
C:\Users\Window\source\repos\Windmill\Windmill\Windmill.cpp(516,18): warning C4244: '=': conversion from 'double' to 'float', possible loss of data
C:\Users\Window\source\repos\Windmill\Windmill\Windmill.cpp(540,29): warning C4305: 'argument': truncation from 'double' to 'GLfloat'
C:\Users\Window\source\repos\Windmill\Windmill\Windmill.cpp(550,28): warning C4305: 'argument': truncation from 'double' to 'GLfloat'
C:\Users\Window\source\repos\Windmill\Windmill\Windmill.cpp(559,25): warning C4305: 'argument': truncation from 'double' to 'GLfloat'
C:\Users\Window\source\repos\Windmill\Windmill\Windmill.cpp(561,25): warning C4305: 'argument': truncation from 'double' to 'GLfloat'
C:\Users\Window\source\repos\Windmill\Windmill\Windmill.cpp(566,26): warning C4305: 'argument': truncation from 'double' to 'GLfloat'
C:\Users\Window\source\repos\Windmill\Windmill\Windmill.cpp(568,27): warning C4305: 'argument': truncation from 'double' to 'GLfloat'
C:\Users\Window\source\repos\Windmill\Windmill\Windmill.cpp(570,25): warning C4305: 'argument': truncation from 'double' to 'GLfloat'
C:\Users\Window\source\repos\Windmill\Windmill\Windmill.cpp(571,22): warning C4305: 'argument': truncation from 'double' to 'GLfloat'
C:\Users\Window\source\repos\Windmill\Windmill\Windmill.cpp(580,22): warning C4305: 'argument': truncation from 'double' to 'GLfloat'
C:\Users\Window\source\repos\Windmill\Windmill\Windmill.cpp(584,27): warning C4305: 'argument': truncation from 'double' to 'GLfloat'
C:\Users\Window\source\repos\Windmill\Windmill\Windmill.cpp(585,23): warning C4305: 'argument': truncation from 'double' to 'GLfloat'
C:\Users\Window\source\repos\Windmill\Windmill\Windmill.cpp(586,26): warning C4305: 'argument': truncation from 'double' to 'GLfloat'
C:\Users\Window\source\repos\Windmill\Windmill\Windmill.cpp(588,25): warning C4305: 'argument': truncation from 'double' to 'GLfloat'
C:\Users\Window\source\repos\Windmill\Windmill\Windmill.cpp(589,22): warning C4305: 'argument': truncation from 'double' to 'GLfloat'
C:\Users\Window\source\repos\Windmill\Windmill\Windmill.cpp(594,23): warning C4305: 'argument': truncation from 'double' to 'GLfloat'
C:\Users\Window\source\repos\Windmill\Windmill\Windmill.cpp(598,22): warning C4305: 'argument': truncation from 'double' to 'GLfloat'
C:\Users\Window\source\repos\Windmill\Windmill\Windmill.cpp(602,25): warning C4305: 'argument': truncation from 'double' to 'GLfloat'
C:\Users\Window\source\repos\Windmill\Windmill\Windmill.cpp(603,24): warning C4305: 'argument': truncation from 'double' to 'GLfloat'
C:\Users\Window\source\repos\Windmill\Windmill\Windmill.cpp(604,25): warning C4305: 'argument': truncation from 'double' to 'GLfloat'
C:\Users\Window\source\repos\Windmill\Windmill\Windmill.cpp(605,24): warning C4305: 'argument': truncation from 'double' to 'GLfloat'
C:\Users\Window\source\repos\Windmill\Windmill\Windmill.cpp(607,22): warning C4305: 'argument': truncation from 'double' to 'GLfloat'
C:\Users\Window\source\repos\Windmill\Windmill\Windmill.cpp(612,24): warning C4305: 'argument': truncation from 'double' to 'GLfloat'
C:\Users\Window\source\repos\Windmill\Windmill\Windmill.cpp(614,24): warning C4305: 'argument': truncation from 'double' to 'GLfloat'
C:\Users\Window\source\repos\Windmill\Windmill\Windmill.cpp(616,22): warning C4305: 'argument': truncation from 'double' to 'GLfloat'
C:\Users\Window\source\repos\Windmill\Windmill\Windmill.cpp(620,25): warning C4305: 'argument': truncation from 'double' to 'GLfloat'
C:\Users\Window\source\repos\Windmill\Windmill\Windmill.cpp(622,25): warning C4305: 'argument': truncation from 'double' to 'GLfloat'
C:\Users\Window\source\repos\Windmill\Windmill\Windmill.cpp(623,25): warning C4305: 'argument': truncation from 'double' to 'GLfloat'
C:\Users\Window\source\repos\Windmill\Windmill\Windmill.cpp(625,22): warning C4305: 'argument': truncation from 'double' to 'GLfloat'
C:\Users\Window\source\repos\Windmill\Windmill\Windmill.cpp(632,25): warning C4305: 'argument': truncation from 'double' to 'GLfloat'
C:\Users\Window\source\repos\Windmill\Windmill\Windmill.cpp(634,22): warning C4305: 'argument': truncation from 'double' to 'GLfloat'
C:\Users\Window\source\repos\Windmill\Windmill\Windmill.cpp(640,10): warning C4244: '=': conversion from 'double' to 'float', possible loss of data
C:\Users\Window\source\repos\Windmill\Windmill\Windmill.cpp(641,10): warning C4244: '=': conversion from 'double' to 'float', possible loss of data
C:\Users\Window\source\repos\Windmill\Windmill\Windmill.cpp(643,26): warning C4305: 'argument': truncation from 'double' to 'GLfloat'
C:\Users\Window\source\repos\Windmill\Windmill\Windmill.cpp(650,10): warning C4244: '=': conversion from 'double' to 'float', possible loss of data
C:\Users\Window\source\repos\Windmill\Windmill\Windmill.cpp(651,10): warning C4244: '=': conversion from 'double' to 'float', possible loss of data
C:\Users\Window\source\repos\Windmill\Windmill\Windmill.cpp(660,10): warning C4244: '=': conversion from 'double' to 'float', possible loss of data
C:\Users\Window\source\repos\Windmill\Windmill\Windmill.cpp(661,10): warning C4244: '=': conversion from 'double' to 'float', possible loss of data
C:\Users\Window\source\repos\Windmill\Windmill\Windmill.cpp(667,25): warning C4305: 'argument': truncation from 'double' to 'GLfloat'
C:\Users\Window\source\repos\Windmill\Windmill\Windmill.cpp(668,22): warning C4305: 'argument': truncation from 'double' to 'GLfloat'
C:\Users\Window\source\repos\Windmill\Windmill\Windmill.cpp(669,25): warning C4305: 'argument': truncation from 'double' to 'GLfloat'
C:\Users\Window\source\repos\Windmill\Windmill\Windmill.cpp(670,23): warning C4305: 'argument': truncation from 'double' to 'GLfloat'
C:\Users\Window\source\repos\Windmill\Windmill\Windmill.cpp(671,25): warning C4305: 'argument': truncation from 'double' to 'GLfloat'
C:\Users\Window\source\repos\Windmill\Windmill\Windmill.cpp(672,21): warning C4305: 'argument': truncation from 'double' to 'GLfloat'
C:\Users\Window\source\repos\Windmill\Windmill\Windmill.cpp(677,22): warning C4305: 'argument': truncation from 'double' to 'GLfloat'
C:\Users\Window\source\repos\Windmill\Windmill\Windmill.cpp(679,23): warning C4305: 'argument': truncation from 'double' to 'GLfloat'
C:\Users\Window\source\repos\Windmill\Windmill\Windmill.cpp(681,21): warning C4305: 'argument': truncation from 'double' to 'GLfloat'
C:\Users\Window\source\repos\Windmill\Windmill\Windmill.cpp(685,26): warning C4305: 'argument': truncation from 'double' to 'GLfloat'
C:\Users\Window\source\repos\Windmill\Windmill\Windmill.cpp(686,22): warning C4305: 'argument': truncation from 'double' to 'GLfloat'
C:\Users\Window\source\repos\Windmill\Windmill\Windmill.cpp(687,26): warning C4305: 'argument': truncation from 'double' to 'GLfloat'
C:\Users\Window\source\repos\Windmill\Windmill\Windmill.cpp(688,23): warning C4305: 'argument': truncation from 'double' to 'GLfloat'
C:\Users\Window\source\repos\Windmill\Windmill\Windmill.cpp(689,26): warning C4305: 'argument': truncation from 'double' to 'GLfloat'
C:\Users\Window\source\repos\Windmill\Windmill\Windmill.cpp(690,23): warning C4305: 'argument': truncation from 'double' to 'GLfloat'
C:\Users\Window\source\repos\Windmill\Windmill\Windmill.cpp(691,26): warning C4305: 'argument': truncation from 'double' to 'GLfloat'
C:\Users\Window\source\repos\Windmill\Windmill\Windmill.cpp(692,22): warning C4305: 'argument': truncation from 'double' to 'GLfloat'
C:\Users\Window\source\repos\Windmill\Windmill\Windmill.cpp(697,22): warning C4305: 'argument': truncation from 'double' to 'GLfloat'
C:\Users\Window\source\repos\Windmill\Windmill\Windmill.cpp(699,23): warning C4305: 'argument': truncation from 'double' to 'GLfloat'
C:\Users\Window\source\repos\Windmill\Windmill\Windmill.cpp(701,23): warning C4305: 'argument': truncation from 'double' to 'GLfloat'
C:\Users\Window\source\repos\Windmill\Windmill\Windmill.cpp(703,22): warning C4305: 'argument': truncation from 'double' to 'GLfloat'
C:\Users\Window\source\repos\Windmill\Windmill\Windmill.cpp(708,22): warning C4305: 'argument': truncation from 'double' to 'GLfloat'
C:\Users\Window\source\repos\Windmill\Windmill\Windmill.cpp(710,23): warning C4305: 'argument': truncation from 'double' to 'GLfloat'
C:\Users\Window\source\repos\Windmill\Windmill\Windmill.cpp(712,23): warning C4305: 'argument': truncation from 'double' to 'GLfloat'
C:\Users\Window\source\repos\Windmill\Windmill\Windmill.cpp(714,22): warning C4305: 'argument': truncation from 'double' to 'GLfloat'
C:\Users\Window\source\repos\Windmill\Windmill\Windmill.cpp(719,22): warning C4305: 'argument': truncation from 'double' to 'GLfloat'
C:\Users\Window\source\repos\Windmill\Windmill\Windmill.cpp(721,23): warning C4305: 'argument': truncation from 'double' to 'GLfloat'
C:\Users\Window\source\repos\Windmill\Windmill\Windmill.cpp(723,23): warning C4305: 'argument': truncation from 'double' to 'GLfloat'
C:\Users\Window\source\repos\Windmill\Windmill\Windmill.cpp(725,22): warning C4305: 'argument': truncation from 'double' to 'GLfloat'
C:\Users\Window\source\repos\Windmill\Windmill\Windmill.cpp(730,22): warning C4305: 'argument': truncation from 'double' to 'GLfloat'
C:\Users\Window\source\repos\Windmill\Windmill\Windmill.cpp(736,24): warning C4305: 'argument': truncation from 'double' to 'GLfloat'
C:\Users\Window\source\repos\Windmill\Windmill\Windmill.cpp(738,25): warning C4305: 'argument': truncation from 'double' to 'GLfloat'
C:\Users\Window\source\repos\Windmill\Windmill\Windmill.cpp(740,25): warning C4305: 'argument': truncation from 'double' to 'GLfloat'
C:\Users\Window\source\repos\Windmill\Windmill\Windmill.cpp(742,24): warning C4305: 'argument': truncation from 'double' to 'GLfloat'
C:\Users\Window\source\repos\Windmill\Windmill\Windmill.cpp(747,24): warning C4305: 'argument': truncation from 'double' to 'GLfloat'
C:\Users\Window\source\repos\Windmill\Windmill\Windmill.cpp(749,25): warning C4305: 'argument': truncation from 'double' to 'GLfloat'
C:\Users\Window\source\repos\Windmill\Windmill\Windmill.cpp(751,25): warning C4305: 'argument': truncation from 'double' to 'GLfloat'
C:\Users\Window\source\repos\Windmill\Windmill\Windmill.cpp(753,24): warning C4305: 'argument': truncation from 'double' to 'GLfloat'
C:\Users\Window\source\repos\Windmill\Windmill\Windmill.cpp(783,25): warning C4305: 'argument': truncation from 'double' to 'GLfloat'
C:\Users\Window\source\repos\Windmill\Windmill\Windmill.cpp(785,11): warning C4244: '=': conversion from 'double' to 'float', possible loss of data
C:\Users\Window\source\repos\Windmill\Windmill\Windmill.cpp(786,11): warning C4244: '=': conversion from 'double' to 'float', possible loss of data
C:\Users\Window\source\repos\Windmill\Windmill\Windmill.cpp(794,11): warning C4244: '=': conversion from 'double' to 'float', possible loss of data
C:\Users\Window\source\repos\Windmill\Windmill\Windmill.cpp(795,11): warning C4244: '=': conversion from 'double' to 'float', possible loss of data
C:\Users\Window\source\repos\Windmill\Windmill\Windmill.cpp(801,18): warning C4244: '=': conversion from 'double' to 'float', possible loss of data
C:\Users\Window\source\repos\Windmill\Windmill\Windmill.cpp(825,29): warning C4305: 'argument': truncation from 'double' to 'GLfloat'
C:\Users\Window\source\repos\Windmill\Windmill\Windmill.cpp(835,28): warning C4305: 'argument': truncation from 'double' to 'GLfloat'
C:\Users\Window\source\repos\Windmill\Windmill\Windmill.cpp(844,25): warning C4305: 'argument': truncation from 'double' to 'GLfloat'
C:\Users\Window\source\repos\Windmill\Windmill\Windmill.cpp(846,25): warning C4305: 'argument': truncation from 'double' to 'GLfloat'
C:\Users\Window\source\repos\Windmill\Windmill\Windmill.cpp(851,26): warning C4305: 'argument': truncation from 'double' to 'GLfloat'
C:\Users\Window\source\repos\Windmill\Windmill\Windmill.cpp(853,27): warning C4305: 'argument': truncation from 'double' to 'GLfloat'
C:\Users\Window\source\repos\Windmill\Windmill\Windmill.cpp(855,25): warning C4305: 'argument': truncation from 'double' to 'GLfloat'
C:\Users\Window\source\repos\Windmill\Windmill\Windmill.cpp(856,22): warning C4305: 'argument': truncation from 'double' to 'GLfloat'
C:\Users\Window\source\repos\Windmill\Windmill\Windmill.cpp(865,22): warning C4305: 'argument': truncation from 'double' to 'GLfloat'
C:\Users\Window\source\repos\Windmill\Windmill\Windmill.cpp(869,27): warning C4305: 'argument': truncation from 'double' to 'GLfloat'
C:\Users\Window\source\repos\Windmill\Windmill\Windmill.cpp(870,23): warning C4305: 'argument': truncation from 'double' to 'GLfloat'
C:\Users\Window\source\repos\Windmill\Windmill\Windmill.cpp(871,26): warning C4305: 'argument': truncation from 'double' to 'GLfloat'
C:\Users\Window\source\repos\Windmill\Windmill\Windmill.cpp(873,25): warning C4305: 'argument': truncation from 'double' to 'GLfloat'
C:\Users\Window\source\repos\Windmill\Windmill\Windmill.cpp(874,22): warning C4305: 'argument': truncation from 'double' to 'GLfloat'
C:\Users\Window\source\repos\Windmill\Windmill\Windmill.cpp(879,23): warning C4305: 'argument': truncation from 'double' to 'GLfloat'
C:\Users\Window\source\repos\Windmill\Windmill\Windmill.cpp(883,22): warning C4305: 'argument': truncation from 'double' to 'GLfloat'
C:\Users\Window\source\repos\Windmill\Windmill\Windmill.cpp(887,25): warning C4305: 'argument': truncation from 'double' to 'GLfloat'
C:\Users\Window\source\repos\Windmill\Windmill\Windmill.cpp(888,24): warning C4305: 'argument': truncation from 'double' to 'GLfloat'
C:\Users\Window\source\repos\Windmill\Windmill\Windmill.cpp(889,25): warning C4305: 'argument': truncation from 'double' to 'GLfloat'
C:\Users\Window\source\repos\Windmill\Windmill\Windmill.cpp(890,24): warning C4305: 'argument': truncation from 'double' to 'GLfloat'
C:\Users\Window\source\repos\Windmill\Windmill\Windmill.cpp(892,22): warning C4305: 'argument': truncation from 'double' to 'GLfloat'
C:\Users\Window\source\repos\Windmill\Windmill\Windmill.cpp(897,24): warning C4305: 'argument': truncation from 'double' to 'GLfloat'
C:\Users\Window\source\repos\Windmill\Windmill\Windmill.cpp(899,24): warning C4305: 'argument': truncation from 'double' to 'GLfloat'
C:\Users\Window\source\repos\Windmill\Windmill\Windmill.cpp(901,22): warning C4305: 'argument': truncation from 'double' to 'GLfloat'
C:\Users\Window\source\repos\Windmill\Windmill\Windmill.cpp(905,25): warning C4305: 'argument': truncation from 'double' to 'GLfloat'
C:\Users\Window\source\repos\Windmill\Windmill\Windmill.cpp(907,25): warning C4305: 'argument': truncation from 'double' to 'GLfloat'
C:\Users\Window\source\repos\Windmill\Windmill\Windmill.cpp(908,25): warning C4305: 'argument': truncation from 'double' to 'GLfloat'
C:\Users\Window\source\repos\Windmill\Windmill\Windmill.cpp(910,22): warning C4305: 'argument': truncation from 'double' to 'GLfloat'
C:\Users\Window\source\repos\Windmill\Windmill\Windmill.cpp(917,25): warning C4305: 'argument': truncation from 'double' to 'GLfloat'
C:\Users\Window\source\repos\Windmill\Windmill\Windmill.cpp(919,22): warning C4305: 'argument': truncation from 'double' to 'GLfloat'
C:\Users\Window\source\repos\Windmill\Windmill\Windmill.cpp(925,10): warning C4244: '=': conversion from 'double' to 'float', possible loss of data
C:\Users\Window\source\repos\Windmill\Windmill\Windmill.cpp(926,10): warning C4244: '=': conversion from 'double' to 'float', possible loss of data
C:\Users\Window\source\repos\Windmill\Windmill\Windmill.cpp(928,26): warning C4305: 'argument': truncation from 'double' to 'GLfloat'
C:\Users\Window\source\repos\Windmill\Windmill\Windmill.cpp(935,10): warning C4244: '=': conversion from 'double' to 'float', possible loss of data
C:\Users\Window\source\repos\Windmill\Windmill\Windmill.cpp(936,10): warning C4244: '=': conversion from 'double' to 'float', possible loss of data
C:\Users\Window\source\repos\Windmill\Windmill\Windmill.cpp(945,10): warning C4244: '=': conversion from 'double' to 'float', possible loss of data
C:\Users\Window\source\repos\Windmill\Windmill\Windmill.cpp(946,10): warning C4244: '=': conversion from 'double' to 'float', possible loss of data
C:\Users\Window\source\repos\Windmill\Windmill\Windmill.cpp(952,25): warning C4305: 'argument': truncation from 'double' to 'GLfloat'
C:\Users\Window\source\repos\Windmill\Windmill\Windmill.cpp(953,22): warning C4305: 'argument': truncation from 'double' to 'GLfloat'
C:\Users\Window\source\repos\Windmill\Windmill\Windmill.cpp(954,25): warning C4305: 'argument': truncation from 'double' to 'GLfloat'
C:\Users\Window\source\repos\Windmill\Windmill\Windmill.cpp(955,23): warning C4305: 'argument': truncation from 'double' to 'GLfloat'
C:\Users\Window\source\repos\Windmill\Windmill\Windmill.cpp(956,25): warning C4305: 'argument': truncation from 'double' to 'GLfloat'
C:\Users\Window\source\repos\Windmill\Windmill\Windmill.cpp(957,21): warning C4305: 'argument': truncation from 'double' to 'GLfloat'
C:\Users\Window\source\repos\Windmill\Windmill\Windmill.cpp(962,22): warning C4305: 'argument': truncation from 'double' to 'GLfloat'
C:\Users\Window\source\repos\Windmill\Windmill\Windmill.cpp(964,23): warning C4305: 'argument': truncation from 'double' to 'GLfloat'
C:\Users\Window\source\repos\Windmill\Windmill\Windmill.cpp(966,21): warning C4305: 'argument': truncation from 'double' to 'GLfloat'
C:\Users\Window\source\repos\Windmill\Windmill\Windmill.cpp(970,26): warning C4305: 'argument': truncation from 'double' to 'GLfloat'
C:\Users\Window\source\repos\Windmill\Windmill\Windmill.cpp(971,22): warning C4305: 'argument': truncation from 'double' to 'GLfloat'
C:\Users\Window\source\repos\Windmill\Windmill\Windmill.cpp(972,26): warning C4305: 'argument': truncation from 'double' to 'GLfloat'
C:\Users\Window\source\repos\Windmill\Windmill\Windmill.cpp(973,23): warning C4305: 'argument': truncation from 'double' to 'GLfloat'
C:\Users\Window\source\repos\Windmill\Windmill\Windmill.cpp(974,26): warning C4305: 'argument': truncation from 'double' to 'GLfloat'
C:\Users\Window\source\repos\Windmill\Windmill\Windmill.cpp(975,23): warning C4305: 'argument': truncation from 'double' to 'GLfloat'
C:\Users\Window\source\repos\Windmill\Windmill\Windmill.cpp(976,26): warning C4305: 'argument': truncation from 'double' to 'GLfloat'
C:\Users\Window\source\repos\Windmill\Windmill\Windmill.cpp(977,22): warning C4305: 'argument': truncation from 'double' to 'GLfloat'
C:\Users\Window\source\repos\Windmill\Windmill\Windmill.cpp(982,22): warning C4305: 'argument': truncation from 'double' to 'GLfloat'
C:\Users\Window\source\repos\Windmill\Windmill\Windmill.cpp(984,23): warning C4305: 'argument': truncation from 'double' to 'GLfloat'
C:\Users\Window\source\repos\Windmill\Windmill\Windmill.cpp(986,23): warning C4305: 'argument': truncation from 'double' to 'GLfloat'
C:\Users\Window\source\repos\Windmill\Windmill\Windmill.cpp(988,22): warning C4305: 'argument': truncation from 'double' to 'GLfloat'
C:\Users\Window\source\repos\Windmill\Windmill\Windmill.cpp(993,22): warning C4305: 'argument': truncation from 'double' to 'GLfloat'
C:\Users\Window\source\repos\Windmill\Windmill\Windmill.cpp(995,23): warning C4305: 'argument': truncation from 'double' to 'GLfloat'
C:\Users\Window\source\repos\Windmill\Windmill\Windmill.cpp(997,23): warning C4305: 'argument': truncation from 'double' to 'GLfloat'
C:\Users\Window\source\repos\Windmill\Windmill\Windmill.cpp(999,22): warning C4305: 'argument': truncation from 'double' to 'GLfloat'
C:\Users\Window\source\repos\Windmill\Windmill\Windmill.cpp(1004,22): warning C4305: 'argument': truncation from 'double' to 'GLfloat'
C:\Users\Window\source\repos\Windmill\Windmill\Windmill.cpp(1006,23): warning C4305: 'argument': truncation from 'double' to 'GLfloat'
C:\Users\Window\source\repos\Windmill\Windmill\Windmill.cpp(1008,23): warning C4305: 'argument': truncation from 'double' to 'GLfloat'
C:\Users\Window\source\repos\Windmill\Windmill\Windmill.cpp(1010,22): warning C4305: 'argument': truncation from 'double' to 'GLfloat'
C:\Users\Window\source\repos\Windmill\Windmill\Windmill.cpp(1015,22): warning C4305: 'argument': truncation from 'double' to 'GLfloat'
C:\Users\Window\source\repos\Windmill\Windmill\Windmill.cpp(1021,24): warning C4305: 'argument': truncation from 'double' to 'GLfloat'
C:\Users\Window\source\repos\Windmill\Windmill\Windmill.cpp(1023,25): warning C4305: 'argument': truncation from 'double' to 'GLfloat'
C:\Users\Window\source\repos\Windmill\Windmill\Windmill.cpp(1025,25): warning C4305: 'argument': truncation from 'double' to 'GLfloat'
C:\Users\Window\source\repos\Windmill\Windmill\Windmill.cpp(1027,24): warning C4305: 'argument': truncation from 'double' to 'GLfloat'
C:\Users\Window\source\repos\Windmill\Windmill\Windmill.cpp(1032,24): warning C4305: 'argument': truncation from 'double' to 'GLfloat'
C:\Users\Window\source\repos\Windmill\Windmill\Windmill.cpp(1034,25): warning C4305: 'argument': truncation from 'double' to 'GLfloat'
C:\Users\Window\source\repos\Windmill\Windmill\Windmill.cpp(1036,25): warning C4305: 'argument': truncation from 'double' to 'GLfloat'
C:\Users\Window\source\repos\Windmill\Windmill\Windmill.cpp(1038,24): warning C4305: 'argument': truncation from 'double' to 'GLfloat'
C:\Users\Window\source\repos\Windmill\Windmill\Windmill.cpp(1073,25): warning C4305: 'argument': truncation from 'double' to 'GLfloat'
C:\Users\Window\source\repos\Windmill\Windmill\Windmill.cpp(1075,11): warning C4244: '=': conversion from 'double' to 'float', possible loss of data
C:\Users\Window\source\repos\Windmill\Windmill\Windmill.cpp(1076,11): warning C4244: '=': conversion from 'double' to 'float', possible loss of data
C:\Users\Window\source\repos\Windmill\Windmill\Windmill.cpp(1084,11): warning C4244: '=': conversion from 'double' to 'float', possible loss of data
C:\Users\Window\source\repos\Windmill\Windmill\Windmill.cpp(1085,11): warning C4244: '=': conversion from 'double' to 'float', possible loss of data
C:\Users\Window\source\repos\Windmill\Windmill\Windmill.cpp(1091,18): warning C4244: '=': conversion from 'double' to 'float', possible loss of data
C:\Users\Window\source\repos\Windmill\Windmill\Windmill.cpp(1115,29): warning C4305: 'argument': truncation from 'double' to 'GLfloat'
C:\Users\Window\source\repos\Windmill\Windmill\Windmill.cpp(1125,28): warning C4305: 'argument': truncation from 'double' to 'GLfloat'
C:\Users\Window\source\repos\Windmill\Windmill\Windmill.cpp(1134,25): warning C4305: 'argument': truncation from 'double' to 'GLfloat'
C:\Users\Window\source\repos\Windmill\Windmill\Windmill.cpp(1136,25): warning C4305: 'argument': truncation from 'double' to 'GLfloat'
C:\Users\Window\source\repos\Windmill\Windmill\Windmill.cpp(1141,26): warning C4305: 'argument': truncation from 'double' to 'GLfloat'
C:\Users\Window\source\repos\Windmill\Windmill\Windmill.cpp(1143,27): warning C4305: 'argument': truncation from 'double' to 'GLfloat'
C:\Users\Window\source\repos\Windmill\Windmill\Windmill.cpp(1145,25): warning C4305: 'argument': truncation from 'double' to 'GLfloat'
C:\Users\Window\source\repos\Windmill\Windmill\Windmill.cpp(1146,22): warning C4305: 'argument': truncation from 'double' to 'GLfloat'
C:\Users\Window\source\repos\Windmill\Windmill\Windmill.cpp(1155,22): warning C4305: 'argument': truncation from 'double' to 'GLfloat'
C:\Users\Window\source\repos\Windmill\Windmill\Windmill.cpp(1159,27): warning C4305: 'argument': truncation from 'double' to 'GLfloat'
C:\Users\Window\source\repos\Windmill\Windmill\Windmill.cpp(1160,23): warning C4305: 'argument': truncation from 'double' to 'GLfloat'
C:\Users\Window\source\repos\Windmill\Windmill\Windmill.cpp(1161,26): warning C4305: 'argument': truncation from 'double' to 'GLfloat'
C:\Users\Window\source\repos\Windmill\Windmill\Windmill.cpp(1163,25): warning C4305: 'argument': truncation from 'double' to 'GLfloat'
C:\Users\Window\source\repos\Windmill\Windmill\Windmill.cpp(1164,22): warning C4305: 'argument': truncation from 'double' to 'GLfloat'
C:\Users\Window\source\repos\Windmill\Windmill\Windmill.cpp(1169,23): warning C4305: 'argument': truncation from 'double' to 'GLfloat'
C:\Users\Window\source\repos\Windmill\Windmill\Windmill.cpp(1173,22): warning C4305: 'argument': truncation from 'double' to 'GLfloat'
C:\Users\Window\source\repos\Windmill\Windmill\Windmill.cpp(1177,25): warning C4305: 'argument': truncation from 'double' to 'GLfloat'
C:\Users\Window\source\repos\Windmill\Windmill\Windmill.cpp(1178,24): warning C4305: 'argument': truncation from 'double' to 'GLfloat'
C:\Users\Window\source\repos\Windmill\Windmill\Windmill.cpp(1179,25): warning C4305: 'argument': truncation from 'double' to 'GLfloat'
C:\Users\Window\source\repos\Windmill\Windmill\Windmill.cpp(1180,24): warning C4305: 'argument': truncation from 'double' to 'GLfloat'
C:\Users\Window\source\repos\Windmill\Windmill\Windmill.cpp(1182,22): warning C4305: 'argument': truncation from 'double' to 'GLfloat'
C:\Users\Window\source\repos\Windmill\Windmill\Windmill.cpp(1187,24): warning C4305: 'argument': truncation from 'double' to 'GLfloat'
C:\Users\Window\source\repos\Windmill\Windmill\Windmill.cpp(1189,24): warning C4305: 'argument': truncation from 'double' to 'GLfloat'
C:\Users\Window\source\repos\Windmill\Windmill\Windmill.cpp(1191,22): warning C4305: 'argument': truncation from 'double' to 'GLfloat'
C:\Users\Window\source\repos\Windmill\Windmill\Windmill.cpp(1195,25): warning C4305: 'argument': truncation from 'double' to 'GLfloat'
C:\Users\Window\source\repos\Windmill\Windmill\Windmill.cpp(1197,25): warning C4305: 'argument': truncation from 'double' to 'GLfloat'
C:\Users\Window\source\repos\Windmill\Windmill\Windmill.cpp(1198,25): warning C4305: 'argument': truncation from 'double' to 'GLfloat'
C:\Users\Window\source\repos\Windmill\Windmill\Windmill.cpp(1200,22): warning C4305: 'argument': truncation from 'double' to 'GLfloat'
C:\Users\Window\source\repos\Windmill\Windmill\Windmill.cpp(1207,25): warning C4305: 'argument': truncation from 'double' to 'GLfloat'
C:\Users\Window\source\repos\Windmill\Windmill\Windmill.cpp(1209,22): warning C4305: 'argument': truncation from 'double' to 'GLfloat'
C:\Users\Window\source\repos\Windmill\Windmill\Windmill.cpp(1215,10): warning C4244: '=': conversion from 'double' to 'float', possible loss of data
C:\Users\Window\source\repos\Windmill\Windmill\Windmill.cpp(1216,10): warning C4244: '=': conversion from 'double' to 'float', possible loss of data
C:\Users\Window\source\repos\Windmill\Windmill\Windmill.cpp(1218,26): warning C4305: 'argument': truncation from 'double' to 'GLfloat'
C:\Users\Window\source\repos\Windmill\Windmill\Windmill.cpp(1225,10): warning C4244: '=': conversion from 'double' to 'float', possible loss of data
C:\Users\Window\source\repos\Windmill\Windmill\Windmill.cpp(1226,10): warning C4244: '=': conversion from 'double' to 'float', possible loss of data
C:\Users\Window\source\repos\Windmill\Windmill\Windmill.cpp(1235,10): warning C4244: '=': conversion from 'double' to 'float', possible loss of data
C:\Users\Window\source\repos\Windmill\Windmill\Windmill.cpp(1236,10): warning C4244: '=': conversion from 'double' to 'float', possible loss of data
C:\Users\Window\source\repos\Windmill\Windmill\Windmill.cpp(1242,25): warning C4305: 'argument': truncation from 'double' to 'GLfloat'
C:\Users\Window\source\repos\Windmill\Windmill\Windmill.cpp(1243,22): warning C4305: 'argument': truncation from 'double' to 'GLfloat'
C:\Users\Window\source\repos\Windmill\Windmill\Windmill.cpp(1244,25): warning C4305: 'argument': truncation from 'double' to 'GLfloat'
C:\Users\Window\source\repos\Windmill\Windmill\Windmill.cpp(1245,23): warning C4305: 'argument': truncation from 'double' to 'GLfloat'
C:\Users\Window\source\repos\Windmill\Windmill\Windmill.cpp(1246,25): warning C4305: 'argument': truncation from 'double' to 'GLfloat'
C:\Users\Window\source\repos\Windmill\Windmill\Windmill.cpp(1247,21): warning C4305: 'argument': truncation from 'double' to 'GLfloat'
C:\Users\Window\source\repos\Windmill\Windmill\Windmill.cpp(1252,22): warning C4305: 'argument': truncation from 'double' to 'GLfloat'
C:\Users\Window\source\repos\Windmill\Windmill\Windmill.cpp(1254,23): warning C4305: 'argument': truncation from 'double' to 'GLfloat'
C:\Users\Window\source\repos\Windmill\Windmill\Windmill.cpp(1256,21): warning C4305: 'argument': truncation from 'double' to 'GLfloat'
C:\Users\Window\source\repos\Windmill\Windmill\Windmill.cpp(1260,26): warning C4305: 'argument': truncation from 'double' to 'GLfloat'
C:\Users\Window\source\repos\Windmill\Windmill\Windmill.cpp(1261,22): warning C4305: 'argument': truncation from 'double' to 'GLfloat'
C:\Users\Window\source\repos\Windmill\Windmill\Windmill.cpp(1262,26): warning C4305: 'argument': truncation from 'double' to 'GLfloat'
C:\Users\Window\source\repos\Windmill\Windmill\Windmill.cpp(1263,23): warning C4305: 'argument': truncation from 'double' to 'GLfloat'
C:\Users\Window\source\repos\Windmill\Windmill\Windmill.cpp(1264,26): warning C4305: 'argument': truncation from 'double' to 'GLfloat'
C:\Users\Window\source\repos\Windmill\Windmill\Windmill.cpp(1265,23): warning C4305: 'argument': truncation from 'double' to 'GLfloat'
C:\Users\Window\source\repos\Windmill\Windmill\Windmill.cpp(1266,26): warning C4305: 'argument': truncation from 'double' to 'GLfloat'
C:\Users\Window\source\repos\Windmill\Windmill\Windmill.cpp(1267,22): warning C4305: 'argument': truncation from 'double' to 'GLfloat'
C:\Users\Window\source\repos\Windmill\Windmill\Windmill.cpp(1272,22): warning C4305: 'argument': truncation from 'double' to 'GLfloat'
C:\Users\Window\source\repos\Windmill\Windmill\Windmill.cpp(1274,23): warning C4305: 'argument': truncation from 'double' to 'GLfloat'
C:\Users\Window\source\repos\Windmill\Windmill\Windmill.cpp(1276,23): warning C4305: 'argument': truncation from 'double' to 'GLfloat'
C:\Users\Window\source\repos\Windmill\Windmill\Windmill.cpp(1278,22): warning C4305: 'argument': truncation from 'double' to 'GLfloat'
C:\Users\Window\source\repos\Windmill\Windmill\Windmill.cpp(1283,22): warning C4305: 'argument': truncation from 'double' to 'GLfloat'
C:\Users\Window\source\repos\Windmill\Windmill\Windmill.cpp(1285,23): warning C4305: 'argument': truncation from 'double' to 'GLfloat'
C:\Users\Window\source\repos\Windmill\Windmill\Windmill.cpp(1287,23): warning C4305: 'argument': truncation from 'double' to 'GLfloat'
C:\Users\Window\source\repos\Windmill\Windmill\Windmill.cpp(1289,22): warning C4305: 'argument': truncation from 'double' to 'GLfloat'
C:\Users\Window\source\repos\Windmill\Windmill\Windmill.cpp(1294,22): warning C4305: 'argument': truncation from 'double' to 'GLfloat'
C:\Users\Window\source\repos\Windmill\Windmill\Windmill.cpp(1296,23): warning C4305: 'argument': truncation from 'double' to 'GLfloat'
C:\Users\Window\source\repos\Windmill\Windmill\Windmill.cpp(1298,23): warning C4305: 'argument': truncation from 'double' to 'GLfloat'
C:\Users\Window\source\repos\Windmill\Windmill\Windmill.cpp(1300,22): warning C4305: 'argument': truncation from 'double' to 'GLfloat'
C:\Users\Window\source\repos\Windmill\Windmill\Windmill.cpp(1305,22): warning C4305: 'argument': truncation from 'double' to 'GLfloat'
C:\Users\Window\source\repos\Windmill\Windmill\Windmill.cpp(1311,24): warning C4305: 'argument': truncation from 'double' to 'GLfloat'
C:\Users\Window\source\repos\Windmill\Windmill\Windmill.cpp(1313,25): warning C4305: 'argument': truncation from 'double' to 'GLfloat'
C:\Users\Window\source\repos\Windmill\Windmill\Windmill.cpp(1315,25): warning C4305: 'argument': truncation from 'double' to 'GLfloat'
C:\Users\Window\source\repos\Windmill\Windmill\Windmill.cpp(1317,24): warning C4305: 'argument': truncation from 'double' to 'GLfloat'
C:\Users\Window\source\repos\Windmill\Windmill\Windmill.cpp(1322,24): warning C4305: 'argument': truncation from 'double' to 'GLfloat'
C:\Users\Window\source\repos\Windmill\Windmill\Windmill.cpp(1324,25): warning C4305: 'argument': truncation from 'double' to 'GLfloat'
C:\Users\Window\source\repos\Windmill\Windmill\Windmill.cpp(1326,25): warning C4305: 'argument': truncation from 'double' to 'GLfloat'
C:\Users\Window\source\repos\Windmill\Windmill\Windmill.cpp(1328,24): warning C4305: 'argument': truncation from 'double' to 'GLfloat'
C:\Users\Window\source\repos\Windmill\Windmill\Windmill.cpp(1368,25): warning C4305: 'argument': truncation from 'double' to 'GLfloat'
C:\Users\Window\source\repos\Windmill\Windmill\Windmill.cpp(1370,11): warning C4244: '=': conversion from 'double' to 'float', possible loss of data
C:\Users\Window\source\repos\Windmill\Windmill\Windmill.cpp(1371,11): warning C4244: '=': conversion from 'double' to 'float', possible loss of data
C:\Users\Window\source\repos\Windmill\Windmill\Windmill.cpp(1379,11): warning C4244: '=': conversion from 'double' to 'float', possible loss of data
C:\Users\Window\source\repos\Windmill\Windmill\Windmill.cpp(1380,11): warning C4244: '=': conversion from 'double' to 'float', possible loss of data
C:\Users\Window\source\repos\Windmill\Windmill\Windmill.cpp(1386,18): warning C4244: '=': conversion from 'double' to 'float', possible loss of data
C:\Users\Window\source\repos\Windmill\Windmill\Windmill.cpp(1406,9): warning C4102: 'dafault': unreferenced label
  Windmill.vcxproj -> C:\Users\Window\source\repos\Windmill\x64\Debug\Windmill.exe
