  Robot.cpp
C:\Users\Window\source\repos\OptimusPrime\OptimusPrime\Robot.cpp(133,18): warning C4305: 'initializing': truncation from 'double' to 'float'
C:\Users\Window\source\repos\OptimusPrime\OptimusPrime\Robot.cpp(693,28): warning C4244: 'argument': conversion from 'double' to 'GLint', possible loss of data
C:\Users\Window\source\repos\OptimusPrime\OptimusPrime\Robot.cpp(693,23): warning C4244: 'argument': conversion from 'double' to 'GLint', possible loss of data
C:\Users\Window\source\repos\OptimusPrime\OptimusPrime\Robot.cpp(704,28): warning C4244: 'argument': conversion from 'double' to 'GLint', possible loss of data
C:\Users\Window\source\repos\OptimusPrime\OptimusPrime\Robot.cpp(704,23): warning C4244: 'argument': conversion from 'double' to 'GLint', possible loss of data
C:\Users\Window\source\repos\OptimusPrime\OptimusPrime\Robot.cpp(715,40): warning C4244: 'argument': conversion from 'double' to 'GLint', possible loss of data
C:\Users\Window\source\repos\OptimusPrime\OptimusPrime\Robot.cpp(715,35): warning C4244: 'argument': conversion from 'double' to 'GLint', possible loss of data
C:\Users\Window\source\repos\OptimusPrime\OptimusPrime\Robot.cpp(726,40): warning C4244: 'argument': conversion from 'double' to 'GLint', possible loss of data
C:\Users\Window\source\repos\OptimusPrime\OptimusPrime\Robot.cpp(726,35): warning C4244: 'argument': conversion from 'double' to 'GLint', possible loss of data
C:\Users\Window\source\repos\OptimusPrime\OptimusPrime\Robot.cpp(978,26): warning C4305: 'argument': truncation from 'double' to 'GLfloat'
C:\Users\Window\source\repos\OptimusPrime\OptimusPrime\Robot.cpp(984,24): warning C4305: 'argument': truncation from 'double' to 'GLfloat'
C:\Users\Window\source\repos\OptimusPrime\OptimusPrime\Robot.cpp(988,24): warning C4305: 'argument': truncation from 'double' to 'GLfloat'
C:\Users\Window\source\repos\OptimusPrime\OptimusPrime\Robot.cpp(990,24): warning C4305: 'argument': truncation from 'double' to 'GLfloat'
C:\Users\Window\source\repos\OptimusPrime\OptimusPrime\Robot.cpp(1012,26): warning C4305: 'argument': truncation from 'double' to 'GLfloat'
C:\Users\Window\source\repos\OptimusPrime\OptimusPrime\Robot.cpp(1014,26): warning C4305: 'argument': truncation from 'double' to 'GLfloat'
C:\Users\Window\source\repos\OptimusPrime\OptimusPrime\Robot.cpp(1025,24): warning C4305: 'argument': truncation from 'double' to 'GLfloat'
C:\Users\Window\source\repos\OptimusPrime\OptimusPrime\Robot.cpp(1027,26): warning C4305: 'argument': truncation from 'double' to 'GLfloat'
C:\Users\Window\source\repos\OptimusPrime\OptimusPrime\Robot.cpp(1032,26): warning C4305: 'argument': truncation from 'double' to 'GLfloat'
C:\Users\Window\source\repos\OptimusPrime\OptimusPrime\Robot.cpp(1034,24): warning C4305: 'argument': truncation from 'double' to 'GLfloat'
C:\Users\Window\source\repos\OptimusPrime\OptimusPrime\Robot.cpp(1036,24): warning C4305: 'argument': truncation from 'double' to 'GLfloat'
C:\Users\Window\source\repos\OptimusPrime\OptimusPrime\Robot.cpp(1038,26): warning C4305: 'argument': truncation from 'double' to 'GLfloat'
C:\Users\Window\source\repos\OptimusPrime\OptimusPrime\Robot.cpp(1049,26): warning C4305: 'argument': truncation from 'double' to 'GLfloat'
C:\Users\Window\source\repos\OptimusPrime\OptimusPrime\Robot.cpp(1052,24): warning C4305: 'argument': truncation from 'double' to 'GLfloat'
C:\Users\Window\source\repos\OptimusPrime\OptimusPrime\Robot.cpp(1055,24): warning C4305: 'argument': truncation from 'double' to 'GLfloat'
C:\Users\Window\source\repos\OptimusPrime\OptimusPrime\Robot.cpp(1056,24): warning C4305: 'argument': truncation from 'double' to 'GLfloat'
C:\Users\Window\source\repos\OptimusPrime\OptimusPrime\Robot.cpp(1068,26): warning C4305: 'argument': truncation from 'double' to 'GLfloat'
C:\Users\Window\source\repos\OptimusPrime\OptimusPrime\Robot.cpp(1069,26): warning C4305: 'argument': truncation from 'double' to 'GLfloat'
C:\Users\Window\source\repos\OptimusPrime\OptimusPrime\Robot.cpp(1075,24): warning C4305: 'argument': truncation from 'double' to 'GLfloat'
C:\Users\Window\source\repos\OptimusPrime\OptimusPrime\Robot.cpp(1076,26): warning C4305: 'argument': truncation from 'double' to 'GLfloat'
C:\Users\Window\source\repos\OptimusPrime\OptimusPrime\Robot.cpp(1079,26): warning C4305: 'argument': truncation from 'double' to 'GLfloat'
C:\Users\Window\source\repos\OptimusPrime\OptimusPrime\Robot.cpp(1080,24): warning C4305: 'argument': truncation from 'double' to 'GLfloat'
C:\Users\Window\source\repos\OptimusPrime\OptimusPrime\Robot.cpp(1081,24): warning C4305: 'argument': truncation from 'double' to 'GLfloat'
C:\Users\Window\source\repos\OptimusPrime\OptimusPrime\Robot.cpp(1082,26): warning C4305: 'argument': truncation from 'double' to 'GLfloat'
C:\Users\Window\source\repos\OptimusPrime\OptimusPrime\Robot.cpp(1206,22): warning C4305: 'argument': truncation from 'double' to 'GLfloat'
C:\Users\Window\source\repos\OptimusPrime\OptimusPrime\Robot.cpp(1208,22): warning C4305: 'argument': truncation from 'double' to 'GLfloat'
C:\Users\Window\source\repos\OptimusPrime\OptimusPrime\Robot.cpp(1210,22): warning C4305: 'argument': truncation from 'double' to 'GLfloat'
C:\Users\Window\source\repos\OptimusPrime\OptimusPrime\Robot.cpp(1212,22): warning C4305: 'argument': truncation from 'double' to 'GLfloat'
C:\Users\Window\source\repos\OptimusPrime\OptimusPrime\Robot.cpp(1216,22): warning C4305: 'argument': truncation from 'double' to 'GLfloat'
C:\Users\Window\source\repos\OptimusPrime\OptimusPrime\Robot.cpp(1218,22): warning C4305: 'argument': truncation from 'double' to 'GLfloat'
C:\Users\Window\source\repos\OptimusPrime\OptimusPrime\Robot.cpp(1220,22): warning C4305: 'argument': truncation from 'double' to 'GLfloat'
C:\Users\Window\source\repos\OptimusPrime\OptimusPrime\Robot.cpp(1222,22): warning C4305: 'argument': truncation from 'double' to 'GLfloat'
C:\Users\Window\source\repos\OptimusPrime\OptimusPrime\Robot.cpp(1226,22): warning C4305: 'argument': truncation from 'double' to 'GLfloat'
C:\Users\Window\source\repos\OptimusPrime\OptimusPrime\Robot.cpp(1228,22): warning C4305: 'argument': truncation from 'double' to 'GLfloat'
C:\Users\Window\source\repos\OptimusPrime\OptimusPrime\Robot.cpp(1230,24): warning C4305: 'argument': truncation from 'double' to 'GLfloat'
C:\Users\Window\source\repos\OptimusPrime\OptimusPrime\Robot.cpp(1232,24): warning C4305: 'argument': truncation from 'double' to 'GLfloat'
C:\Users\Window\source\repos\OptimusPrime\OptimusPrime\Robot.cpp(1236,24): warning C4305: 'argument': truncation from 'double' to 'GLfloat'
C:\Users\Window\source\repos\OptimusPrime\OptimusPrime\Robot.cpp(1238,24): warning C4305: 'argument': truncation from 'double' to 'GLfloat'
C:\Users\Window\source\repos\OptimusPrime\OptimusPrime\Robot.cpp(1240,24): warning C4305: 'argument': truncation from 'double' to 'GLfloat'
C:\Users\Window\source\repos\OptimusPrime\OptimusPrime\Robot.cpp(1242,24): warning C4305: 'argument': truncation from 'double' to 'GLfloat'
C:\Users\Window\source\repos\OptimusPrime\OptimusPrime\Robot.cpp(1247,24): warning C4305: 'argument': truncation from 'double' to 'GLfloat'
C:\Users\Window\source\repos\OptimusPrime\OptimusPrime\Robot.cpp(1249,24): warning C4305: 'argument': truncation from 'double' to 'GLfloat'
C:\Users\Window\source\repos\OptimusPrime\OptimusPrime\Robot.cpp(1251,24): warning C4305: 'argument': truncation from 'double' to 'GLfloat'
C:\Users\Window\source\repos\OptimusPrime\OptimusPrime\Robot.cpp(1253,24): warning C4305: 'argument': truncation from 'double' to 'GLfloat'
C:\Users\Window\source\repos\OptimusPrime\OptimusPrime\Robot.cpp(1257,21): warning C4305: 'argument': truncation from 'double' to 'GLfloat'
C:\Users\Window\source\repos\OptimusPrime\OptimusPrime\Robot.cpp(1258,24): warning C4305: 'argument': truncation from 'double' to 'GLfloat'
C:\Users\Window\source\repos\OptimusPrime\OptimusPrime\Robot.cpp(1259,21): warning C4305: 'argument': truncation from 'double' to 'GLfloat'
C:\Users\Window\source\repos\OptimusPrime\OptimusPrime\Robot.cpp(1260,24): warning C4305: 'argument': truncation from 'double' to 'GLfloat'
C:\Users\Window\source\repos\OptimusPrime\OptimusPrime\Robot.cpp(1262,22): warning C4305: 'argument': truncation from 'double' to 'GLfloat'
C:\Users\Window\source\repos\OptimusPrime\OptimusPrime\Robot.cpp(1263,21): warning C4305: 'argument': truncation from 'double' to 'GLfloat'
C:\Users\Window\source\repos\OptimusPrime\OptimusPrime\Robot.cpp(1264,22): warning C4305: 'argument': truncation from 'double' to 'GLfloat'
C:\Users\Window\source\repos\OptimusPrime\OptimusPrime\Robot.cpp(1265,21): warning C4305: 'argument': truncation from 'double' to 'GLfloat'
C:\Users\Window\source\repos\OptimusPrime\OptimusPrime\Robot.cpp(1266,22): warning C4305: 'argument': truncation from 'double' to 'GLfloat'
C:\Users\Window\source\repos\OptimusPrime\OptimusPrime\Robot.cpp(1268,24): warning C4305: 'argument': truncation from 'double' to 'GLfloat'
C:\Users\Window\source\repos\OptimusPrime\OptimusPrime\Robot.cpp(1273,24): warning C4305: 'argument': truncation from 'double' to 'GLfloat'
C:\Users\Window\source\repos\OptimusPrime\OptimusPrime\Robot.cpp(1275,22): warning C4305: 'argument': truncation from 'double' to 'GLfloat'
C:\Users\Window\source\repos\OptimusPrime\OptimusPrime\Robot.cpp(1277,22): warning C4305: 'argument': truncation from 'double' to 'GLfloat'
C:\Users\Window\source\repos\OptimusPrime\OptimusPrime\Robot.cpp(1279,24): warning C4305: 'argument': truncation from 'double' to 'GLfloat'
C:\Users\Window\source\repos\OptimusPrime\OptimusPrime\Robot.cpp(1283,21): warning C4305: 'argument': truncation from 'double' to 'GLfloat'
C:\Users\Window\source\repos\OptimusPrime\OptimusPrime\Robot.cpp(1284,24): warning C4305: 'argument': truncation from 'double' to 'GLfloat'
C:\Users\Window\source\repos\OptimusPrime\OptimusPrime\Robot.cpp(1285,21): warning C4305: 'argument': truncation from 'double' to 'GLfloat'
C:\Users\Window\source\repos\OptimusPrime\OptimusPrime\Robot.cpp(1286,24): warning C4305: 'argument': truncation from 'double' to 'GLfloat'
C:\Users\Window\source\repos\OptimusPrime\OptimusPrime\Robot.cpp(1288,24): warning C4305: 'argument': truncation from 'double' to 'GLfloat'
C:\Users\Window\source\repos\OptimusPrime\OptimusPrime\Robot.cpp(1289,21): warning C4305: 'argument': truncation from 'double' to 'GLfloat'
C:\Users\Window\source\repos\OptimusPrime\OptimusPrime\Robot.cpp(1290,26): warning C4305: 'argument': truncation from 'double' to 'GLfloat'
C:\Users\Window\source\repos\OptimusPrime\OptimusPrime\Robot.cpp(1291,21): warning C4305: 'argument': truncation from 'double' to 'GLfloat'
C:\Users\Window\source\repos\OptimusPrime\OptimusPrime\Robot.cpp(1292,26): warning C4305: 'argument': truncation from 'double' to 'GLfloat'
C:\Users\Window\source\repos\OptimusPrime\OptimusPrime\Robot.cpp(1294,22): warning C4305: 'argument': truncation from 'double' to 'GLfloat'
C:\Users\Window\source\repos\OptimusPrime\OptimusPrime\Robot.cpp(1306,22): warning C4305: 'argument': truncation from 'double' to 'GLfloat'
C:\Users\Window\source\repos\OptimusPrime\OptimusPrime\Robot.cpp(1307,22): warning C4305: 'argument': truncation from 'double' to 'GLfloat'
C:\Users\Window\source\repos\OptimusPrime\OptimusPrime\Robot.cpp(1308,22): warning C4305: 'argument': truncation from 'double' to 'GLfloat'
C:\Users\Window\source\repos\OptimusPrime\OptimusPrime\Robot.cpp(1309,22): warning C4305: 'argument': truncation from 'double' to 'GLfloat'
C:\Users\Window\source\repos\OptimusPrime\OptimusPrime\Robot.cpp(1312,22): warning C4305: 'argument': truncation from 'double' to 'GLfloat'
C:\Users\Window\source\repos\OptimusPrime\OptimusPrime\Robot.cpp(1313,22): warning C4305: 'argument': truncation from 'double' to 'GLfloat'
C:\Users\Window\source\repos\OptimusPrime\OptimusPrime\Robot.cpp(1314,22): warning C4305: 'argument': truncation from 'double' to 'GLfloat'
C:\Users\Window\source\repos\OptimusPrime\OptimusPrime\Robot.cpp(1315,22): warning C4305: 'argument': truncation from 'double' to 'GLfloat'
C:\Users\Window\source\repos\OptimusPrime\OptimusPrime\Robot.cpp(1318,22): warning C4305: 'argument': truncation from 'double' to 'GLfloat'
C:\Users\Window\source\repos\OptimusPrime\OptimusPrime\Robot.cpp(1319,22): warning C4305: 'argument': truncation from 'double' to 'GLfloat'
C:\Users\Window\source\repos\OptimusPrime\OptimusPrime\Robot.cpp(1320,24): warning C4305: 'argument': truncation from 'double' to 'GLfloat'
C:\Users\Window\source\repos\OptimusPrime\OptimusPrime\Robot.cpp(1321,24): warning C4305: 'argument': truncation from 'double' to 'GLfloat'
C:\Users\Window\source\repos\OptimusPrime\OptimusPrime\Robot.cpp(1324,24): warning C4305: 'argument': truncation from 'double' to 'GLfloat'
C:\Users\Window\source\repos\OptimusPrime\OptimusPrime\Robot.cpp(1325,24): warning C4305: 'argument': truncation from 'double' to 'GLfloat'
C:\Users\Window\source\repos\OptimusPrime\OptimusPrime\Robot.cpp(1326,24): warning C4305: 'argument': truncation from 'double' to 'GLfloat'
C:\Users\Window\source\repos\OptimusPrime\OptimusPrime\Robot.cpp(1327,24): warning C4305: 'argument': truncation from 'double' to 'GLfloat'
C:\Users\Window\source\repos\OptimusPrime\OptimusPrime\Robot.cpp(1330,24): warning C4305: 'argument': truncation from 'double' to 'GLfloat'
C:\Users\Window\source\repos\OptimusPrime\OptimusPrime\Robot.cpp(1331,24): warning C4305: 'argument': truncation from 'double' to 'GLfloat'
C:\Users\Window\source\repos\OptimusPrime\OptimusPrime\Robot.cpp(1332,24): warning C4305: 'argument': truncation from 'double' to 'GLfloat'
C:\Users\Window\source\repos\OptimusPrime\OptimusPrime\Robot.cpp(1333,24): warning C4305: 'argument': truncation from 'double' to 'GLfloat'
C:\Users\Window\source\repos\OptimusPrime\OptimusPrime\Robot.cpp(1336,24): warning C4305: 'argument': truncation from 'double' to 'GLfloat'
C:\Users\Window\source\repos\OptimusPrime\OptimusPrime\Robot.cpp(1337,24): warning C4305: 'argument': truncation from 'double' to 'GLfloat'
C:\Users\Window\source\repos\OptimusPrime\OptimusPrime\Robot.cpp(1338,22): warning C4305: 'argument': truncation from 'double' to 'GLfloat'
C:\Users\Window\source\repos\OptimusPrime\OptimusPrime\Robot.cpp(1339,22): warning C4305: 'argument': truncation from 'double' to 'GLfloat'
C:\Users\Window\source\repos\OptimusPrime\OptimusPrime\Robot.cpp(1340,22): warning C4305: 'argument': truncation from 'double' to 'GLfloat'
C:\Users\Window\source\repos\OptimusPrime\OptimusPrime\Robot.cpp(1341,24): warning C4305: 'argument': truncation from 'double' to 'GLfloat'
C:\Users\Window\source\repos\OptimusPrime\OptimusPrime\Robot.cpp(1344,24): warning C4305: 'argument': truncation from 'double' to 'GLfloat'
C:\Users\Window\source\repos\OptimusPrime\OptimusPrime\Robot.cpp(1345,22): warning C4305: 'argument': truncation from 'double' to 'GLfloat'
C:\Users\Window\source\repos\OptimusPrime\OptimusPrime\Robot.cpp(1346,22): warning C4305: 'argument': truncation from 'double' to 'GLfloat'
C:\Users\Window\source\repos\OptimusPrime\OptimusPrime\Robot.cpp(1347,24): warning C4305: 'argument': truncation from 'double' to 'GLfloat'
C:\Users\Window\source\repos\OptimusPrime\OptimusPrime\Robot.cpp(1350,24): warning C4305: 'argument': truncation from 'double' to 'GLfloat'
C:\Users\Window\source\repos\OptimusPrime\OptimusPrime\Robot.cpp(1351,24): warning C4305: 'argument': truncation from 'double' to 'GLfloat'
C:\Users\Window\source\repos\OptimusPrime\OptimusPrime\Robot.cpp(1352,24): warning C4305: 'argument': truncation from 'double' to 'GLfloat'
C:\Users\Window\source\repos\OptimusPrime\OptimusPrime\Robot.cpp(1353,26): warning C4305: 'argument': truncation from 'double' to 'GLfloat'
C:\Users\Window\source\repos\OptimusPrime\OptimusPrime\Robot.cpp(1354,26): warning C4305: 'argument': truncation from 'double' to 'GLfloat'
C:\Users\Window\source\repos\OptimusPrime\OptimusPrime\Robot.cpp(1355,22): warning C4305: 'argument': truncation from 'double' to 'GLfloat'
C:\Users\Window\source\repos\OptimusPrime\OptimusPrime\Robot.cpp(1370,24): warning C4244: '=': conversion from 'double' to 'float', possible loss of data
C:\Users\Window\source\repos\OptimusPrime\OptimusPrime\Robot.cpp(1371,24): warning C4244: '=': conversion from 'double' to 'float', possible loss of data
C:\Users\Window\source\repos\OptimusPrime\OptimusPrime\Robot.cpp(1380,27): warning C4244: 'argument': conversion from 'double' to 'float', possible loss of data
C:\Users\Window\source\repos\OptimusPrime\OptimusPrime\Robot.cpp(1380,19): warning C4244: 'argument': conversion from 'double' to 'float', possible loss of data
C:\Users\Window\source\repos\OptimusPrime\OptimusPrime\Robot.cpp(1384,29): warning C4244: 'argument': conversion from 'double' to 'GLfloat', possible loss of data
C:\Users\Window\source\repos\OptimusPrime\OptimusPrime\Robot.cpp(1392,24): warning C4244: '=': conversion from 'double' to 'float', possible loss of data
C:\Users\Window\source\repos\OptimusPrime\OptimusPrime\Robot.cpp(1393,24): warning C4244: '=': conversion from 'double' to 'float', possible loss of data
C:\Users\Window\source\repos\OptimusPrime\OptimusPrime\Robot.cpp(1409,24): warning C4244: '=': conversion from 'double' to 'float', possible loss of data
C:\Users\Window\source\repos\OptimusPrime\OptimusPrime\Robot.cpp(1410,24): warning C4244: '=': conversion from 'double' to 'float', possible loss of data
C:\Users\Window\source\repos\OptimusPrime\OptimusPrime\Robot.cpp(1418,27): warning C4244: 'argument': conversion from 'double' to 'float', possible loss of data
C:\Users\Window\source\repos\OptimusPrime\OptimusPrime\Robot.cpp(1418,19): warning C4244: 'argument': conversion from 'double' to 'float', possible loss of data
C:\Users\Window\source\repos\OptimusPrime\OptimusPrime\Robot.cpp(1422,29): warning C4244: 'argument': conversion from 'double' to 'GLfloat', possible loss of data
C:\Users\Window\source\repos\OptimusPrime\OptimusPrime\Robot.cpp(1428,24): warning C4244: '=': conversion from 'double' to 'float', possible loss of data
C:\Users\Window\source\repos\OptimusPrime\OptimusPrime\Robot.cpp(1429,24): warning C4244: '=': conversion from 'double' to 'float', possible loss of data
C:\Users\Window\source\repos\OptimusPrime\OptimusPrime\Robot.cpp(1466,26): warning C4305: 'argument': truncation from 'double' to 'GLfloat'
C:\Users\Window\source\repos\OptimusPrime\OptimusPrime\Robot.cpp(1468,26): warning C4305: 'argument': truncation from 'double' to 'GLfloat'
C:\Users\Window\source\repos\OptimusPrime\OptimusPrime\Robot.cpp(1470,26): warning C4305: 'argument': truncation from 'double' to 'GLfloat'
C:\Users\Window\source\repos\OptimusPrime\OptimusPrime\Robot.cpp(1472,26): warning C4305: 'argument': truncation from 'double' to 'GLfloat'
C:\Users\Window\source\repos\OptimusPrime\OptimusPrime\Robot.cpp(1476,26): warning C4305: 'argument': truncation from 'double' to 'GLfloat'
C:\Users\Window\source\repos\OptimusPrime\OptimusPrime\Robot.cpp(1478,26): warning C4305: 'argument': truncation from 'double' to 'GLfloat'
C:\Users\Window\source\repos\OptimusPrime\OptimusPrime\Robot.cpp(1490,26): warning C4305: 'argument': truncation from 'double' to 'GLfloat'
C:\Users\Window\source\repos\OptimusPrime\OptimusPrime\Robot.cpp(1492,26): warning C4305: 'argument': truncation from 'double' to 'GLfloat'
C:\Users\Window\source\repos\OptimusPrime\OptimusPrime\Robot.cpp(1496,26): warning C4305: 'argument': truncation from 'double' to 'GLfloat'
C:\Users\Window\source\repos\OptimusPrime\OptimusPrime\Robot.cpp(1498,26): warning C4305: 'argument': truncation from 'double' to 'GLfloat'
C:\Users\Window\source\repos\OptimusPrime\OptimusPrime\Robot.cpp(1500,26): warning C4305: 'argument': truncation from 'double' to 'GLfloat'
C:\Users\Window\source\repos\OptimusPrime\OptimusPrime\Robot.cpp(1502,26): warning C4305: 'argument': truncation from 'double' to 'GLfloat'
C:\Users\Window\source\repos\OptimusPrime\OptimusPrime\Robot.cpp(1506,26): warning C4305: 'argument': truncation from 'double' to 'GLfloat'
C:\Users\Window\source\repos\OptimusPrime\OptimusPrime\Robot.cpp(1508,26): warning C4305: 'argument': truncation from 'double' to 'GLfloat'
C:\Users\Window\source\repos\OptimusPrime\OptimusPrime\Robot.cpp(1515,21): warning C4305: 'argument': truncation from 'double' to 'GLfloat'
C:\Users\Window\source\repos\OptimusPrime\OptimusPrime\Robot.cpp(1517,21): warning C4305: 'argument': truncation from 'double' to 'GLfloat'
C:\Users\Window\source\repos\OptimusPrime\OptimusPrime\Robot.cpp(1518,22): warning C4305: 'argument': truncation from 'double' to 'GLfloat'
C:\Users\Window\source\repos\OptimusPrime\OptimusPrime\Robot.cpp(1520,22): warning C4305: 'argument': truncation from 'double' to 'GLfloat'
C:\Users\Window\source\repos\OptimusPrime\OptimusPrime\Robot.cpp(1521,21): warning C4305: 'argument': truncation from 'double' to 'GLfloat'
C:\Users\Window\source\repos\OptimusPrime\OptimusPrime\Robot.cpp(1523,21): warning C4305: 'argument': truncation from 'double' to 'GLfloat'
C:\Users\Window\source\repos\OptimusPrime\OptimusPrime\Robot.cpp(1524,24): warning C4305: 'argument': truncation from 'double' to 'GLfloat'
C:\Users\Window\source\repos\OptimusPrime\OptimusPrime\Robot.cpp(1526,24): warning C4305: 'argument': truncation from 'double' to 'GLfloat'
C:\Users\Window\source\repos\OptimusPrime\OptimusPrime\Robot.cpp(1532,26): warning C4305: 'argument': truncation from 'double' to 'GLfloat'
C:\Users\Window\source\repos\OptimusPrime\OptimusPrime\Robot.cpp(1534,26): warning C4305: 'argument': truncation from 'double' to 'GLfloat'
C:\Users\Window\source\repos\OptimusPrime\OptimusPrime\Robot.cpp(1539,23): warning C4305: 'argument': truncation from 'double' to 'GLfloat'
C:\Users\Window\source\repos\OptimusPrime\OptimusPrime\Robot.cpp(1540,26): warning C4305: 'argument': truncation from 'double' to 'GLfloat'
C:\Users\Window\source\repos\OptimusPrime\OptimusPrime\Robot.cpp(1541,23): warning C4305: 'argument': truncation from 'double' to 'GLfloat'
C:\Users\Window\source\repos\OptimusPrime\OptimusPrime\Robot.cpp(1544,26): warning C4305: 'argument': truncation from 'double' to 'GLfloat'
C:\Users\Window\source\repos\OptimusPrime\OptimusPrime\Robot.cpp(1545,23): warning C4305: 'argument': truncation from 'double' to 'GLfloat'
C:\Users\Window\source\repos\OptimusPrime\OptimusPrime\Robot.cpp(1546,26): warning C4305: 'argument': truncation from 'double' to 'GLfloat'
C:\Users\Window\source\repos\OptimusPrime\OptimusPrime\Robot.cpp(1547,23): warning C4305: 'argument': truncation from 'double' to 'GLfloat'
C:\Users\Window\source\repos\OptimusPrime\OptimusPrime\Robot.cpp(1550,26): warning C4305: 'argument': truncation from 'double' to 'GLfloat'
C:\Users\Window\source\repos\OptimusPrime\OptimusPrime\Robot.cpp(1613,28): warning C4305: 'argument': truncation from 'double' to 'GLfloat'
C:\Users\Window\source\repos\OptimusPrime\OptimusPrime\Robot.cpp(1616,23): warning C4305: 'argument': truncation from 'double' to 'GLfloat'
C:\Users\Window\source\repos\OptimusPrime\OptimusPrime\Robot.cpp(1618,23): warning C4305: 'argument': truncation from 'double' to 'GLfloat'
C:\Users\Window\source\repos\OptimusPrime\OptimusPrime\Robot.cpp(1620,22): warning C4305: 'argument': truncation from 'double' to 'GLfloat'
C:\Users\Window\source\repos\OptimusPrime\OptimusPrime\Robot.cpp(1622,22): warning C4305: 'argument': truncation from 'double' to 'GLfloat'
C:\Users\Window\source\repos\OptimusPrime\OptimusPrime\Robot.cpp(1625,28): warning C4305: 'argument': truncation from 'double' to 'GLfloat'
C:\Users\Window\source\repos\OptimusPrime\OptimusPrime\Robot.cpp(1628,24): warning C4305: 'argument': truncation from 'double' to 'GLfloat'
C:\Users\Window\source\repos\OptimusPrime\OptimusPrime\Robot.cpp(1630,24): warning C4305: 'argument': truncation from 'double' to 'GLfloat'
C:\Users\Window\source\repos\OptimusPrime\OptimusPrime\Robot.cpp(1632,23): warning C4305: 'argument': truncation from 'double' to 'GLfloat'
C:\Users\Window\source\repos\OptimusPrime\OptimusPrime\Robot.cpp(1634,23): warning C4305: 'argument': truncation from 'double' to 'GLfloat'
C:\Users\Window\source\repos\OptimusPrime\OptimusPrime\Robot.cpp(1639,27): warning C4305: 'argument': truncation from 'double' to 'GLfloat'
C:\Users\Window\source\repos\OptimusPrime\OptimusPrime\Robot.cpp(1641,23): warning C4305: 'argument': truncation from 'double' to 'GLfloat'
C:\Users\Window\source\repos\OptimusPrime\OptimusPrime\Robot.cpp(1642,22): warning C4305: 'argument': truncation from 'double' to 'GLfloat'
C:\Users\Window\source\repos\OptimusPrime\OptimusPrime\Robot.cpp(1644,21): warning C4305: 'argument': truncation from 'double' to 'GLfloat'
C:\Users\Window\source\repos\OptimusPrime\OptimusPrime\Robot.cpp(1645,23): warning C4305: 'argument': truncation from 'double' to 'GLfloat'
C:\Users\Window\source\repos\OptimusPrime\OptimusPrime\Robot.cpp(1646,21): warning C4305: 'argument': truncation from 'double' to 'GLfloat'
C:\Users\Window\source\repos\OptimusPrime\OptimusPrime\Robot.cpp(1650,22): warning C4305: 'argument': truncation from 'double' to 'GLfloat'
C:\Users\Window\source\repos\OptimusPrime\OptimusPrime\Robot.cpp(1655,22): warning C4305: 'argument': truncation from 'double' to 'GLfloat'
C:\Users\Window\source\repos\OptimusPrime\OptimusPrime\Robot.cpp(1656,21): warning C4305: 'argument': truncation from 'double' to 'GLfloat'
C:\Users\Window\source\repos\OptimusPrime\OptimusPrime\Robot.cpp(1657,21): warning C4305: 'argument': truncation from 'double' to 'GLfloat'
C:\Users\Window\source\repos\OptimusPrime\OptimusPrime\Robot.cpp(1659,22): warning C4305: 'argument': truncation from 'double' to 'GLfloat'
C:\Users\Window\source\repos\OptimusPrime\OptimusPrime\Robot.cpp(1666,22): warning C4305: 'argument': truncation from 'double' to 'GLfloat'
C:\Users\Window\source\repos\OptimusPrime\OptimusPrime\Robot.cpp(1667,22): warning C4305: 'argument': truncation from 'double' to 'GLfloat'
C:\Users\Window\source\repos\OptimusPrime\OptimusPrime\Robot.cpp(1678,21): warning C4305: 'argument': truncation from 'double' to 'GLfloat'
C:\Users\Window\source\repos\OptimusPrime\OptimusPrime\Robot.cpp(1679,21): warning C4305: 'argument': truncation from 'double' to 'GLfloat'
C:\Users\Window\source\repos\OptimusPrime\OptimusPrime\Robot.cpp(1684,27): warning C4305: 'argument': truncation from 'double' to 'GLfloat'
C:\Users\Window\source\repos\OptimusPrime\OptimusPrime\Robot.cpp(1686,23): warning C4305: 'argument': truncation from 'double' to 'GLfloat'
C:\Users\Window\source\repos\OptimusPrime\OptimusPrime\Robot.cpp(1687,23): warning C4305: 'argument': truncation from 'double' to 'GLfloat'
C:\Users\Window\source\repos\OptimusPrime\OptimusPrime\Robot.cpp(1688,23): warning C4305: 'argument': truncation from 'double' to 'GLfloat'
C:\Users\Window\source\repos\OptimusPrime\OptimusPrime\Robot.cpp(1689,22): warning C4305: 'argument': truncation from 'double' to 'GLfloat'
C:\Users\Window\source\repos\OptimusPrime\OptimusPrime\Robot.cpp(1691,21): warning C4305: 'argument': truncation from 'double' to 'GLfloat'
C:\Users\Window\source\repos\OptimusPrime\OptimusPrime\Robot.cpp(1693,22): warning C4305: 'argument': truncation from 'double' to 'GLfloat'
C:\Users\Window\source\repos\OptimusPrime\OptimusPrime\Robot.cpp(1698,23): warning C4305: 'argument': truncation from 'double' to 'GLfloat'
C:\Users\Window\source\repos\OptimusPrime\OptimusPrime\Robot.cpp(1699,22): warning C4305: 'argument': truncation from 'double' to 'GLfloat'
C:\Users\Window\source\repos\OptimusPrime\OptimusPrime\Robot.cpp(1700,21): warning C4305: 'argument': truncation from 'double' to 'GLfloat'
C:\Users\Window\source\repos\OptimusPrime\OptimusPrime\Robot.cpp(1701,22): warning C4305: 'argument': truncation from 'double' to 'GLfloat'
C:\Users\Window\source\repos\OptimusPrime\OptimusPrime\Robot.cpp(1711,27): warning C4305: 'argument': truncation from 'double' to 'GLfloat'
C:\Users\Window\source\repos\OptimusPrime\OptimusPrime\Robot.cpp(1713,27): warning C4305: 'argument': truncation from 'double' to 'GLfloat'
C:\Users\Window\source\repos\OptimusPrime\OptimusPrime\Robot.cpp(1723,26): warning C4305: 'argument': truncation from 'double' to 'GLfloat'
C:\Users\Window\source\repos\OptimusPrime\OptimusPrime\Robot.cpp(1725,26): warning C4305: 'argument': truncation from 'double' to 'GLfloat'
C:\Users\Window\source\repos\OptimusPrime\OptimusPrime\Robot.cpp(1729,26): warning C4305: 'argument': truncation from 'double' to 'GLfloat'
C:\Users\Window\source\repos\OptimusPrime\OptimusPrime\Robot.cpp(1731,26): warning C4305: 'argument': truncation from 'double' to 'GLfloat'
C:\Users\Window\source\repos\OptimusPrime\OptimusPrime\Robot.cpp(1733,27): warning C4305: 'argument': truncation from 'double' to 'GLfloat'
C:\Users\Window\source\repos\OptimusPrime\OptimusPrime\Robot.cpp(1735,27): warning C4305: 'argument': truncation from 'double' to 'GLfloat'
C:\Users\Window\source\repos\OptimusPrime\OptimusPrime\Robot.cpp(1739,27): warning C4305: 'argument': truncation from 'double' to 'GLfloat'
C:\Users\Window\source\repos\OptimusPrime\OptimusPrime\Robot.cpp(1741,26): warning C4305: 'argument': truncation from 'double' to 'GLfloat'
C:\Users\Window\source\repos\OptimusPrime\OptimusPrime\Robot.cpp(1745,27): warning C4305: 'argument': truncation from 'double' to 'GLfloat'
C:\Users\Window\source\repos\OptimusPrime\OptimusPrime\Robot.cpp(1749,27): warning C4305: 'argument': truncation from 'double' to 'GLfloat'
C:\Users\Window\source\repos\OptimusPrime\OptimusPrime\Robot.cpp(1751,27): warning C4305: 'argument': truncation from 'double' to 'GLfloat'
C:\Users\Window\source\repos\OptimusPrime\OptimusPrime\Robot.cpp(1753,27): warning C4305: 'argument': truncation from 'double' to 'GLfloat'
C:\Users\Window\source\repos\OptimusPrime\OptimusPrime\Robot.cpp(1755,27): warning C4305: 'argument': truncation from 'double' to 'GLfloat'
C:\Users\Window\source\repos\OptimusPrime\OptimusPrime\Robot.cpp(1759,27): warning C4305: 'argument': truncation from 'double' to 'GLfloat'
C:\Users\Window\source\repos\OptimusPrime\OptimusPrime\Robot.cpp(1761,27): warning C4305: 'argument': truncation from 'double' to 'GLfloat'
C:\Users\Window\source\repos\OptimusPrime\OptimusPrime\Robot.cpp(1763,26): warning C4305: 'argument': truncation from 'double' to 'GLfloat'
C:\Users\Window\source\repos\OptimusPrime\OptimusPrime\Robot.cpp(1773,27): warning C4305: 'argument': truncation from 'double' to 'GLfloat'
C:\Users\Window\source\repos\OptimusPrime\OptimusPrime\Robot.cpp(1774,27): warning C4305: 'argument': truncation from 'double' to 'GLfloat'
C:\Users\Window\source\repos\OptimusPrime\OptimusPrime\Robot.cpp(1780,26): warning C4305: 'argument': truncation from 'double' to 'GLfloat'
C:\Users\Window\source\repos\OptimusPrime\OptimusPrime\Robot.cpp(1781,26): warning C4305: 'argument': truncation from 'double' to 'GLfloat'
C:\Users\Window\source\repos\OptimusPrime\OptimusPrime\Robot.cpp(1784,26): warning C4305: 'argument': truncation from 'double' to 'GLfloat'
C:\Users\Window\source\repos\OptimusPrime\OptimusPrime\Robot.cpp(1785,26): warning C4305: 'argument': truncation from 'double' to 'GLfloat'
C:\Users\Window\source\repos\OptimusPrime\OptimusPrime\Robot.cpp(1786,27): warning C4305: 'argument': truncation from 'double' to 'GLfloat'
C:\Users\Window\source\repos\OptimusPrime\OptimusPrime\Robot.cpp(1787,27): warning C4305: 'argument': truncation from 'double' to 'GLfloat'
C:\Users\Window\source\repos\OptimusPrime\OptimusPrime\Robot.cpp(1790,27): warning C4305: 'argument': truncation from 'double' to 'GLfloat'
C:\Users\Window\source\repos\OptimusPrime\OptimusPrime\Robot.cpp(1791,26): warning C4305: 'argument': truncation from 'double' to 'GLfloat'
C:\Users\Window\source\repos\OptimusPrime\OptimusPrime\Robot.cpp(1793,27): warning C4305: 'argument': truncation from 'double' to 'GLfloat'
C:\Users\Window\source\repos\OptimusPrime\OptimusPrime\Robot.cpp(1796,27): warning C4305: 'argument': truncation from 'double' to 'GLfloat'
C:\Users\Window\source\repos\OptimusPrime\OptimusPrime\Robot.cpp(1797,27): warning C4305: 'argument': truncation from 'double' to 'GLfloat'
C:\Users\Window\source\repos\OptimusPrime\OptimusPrime\Robot.cpp(1798,27): warning C4305: 'argument': truncation from 'double' to 'GLfloat'
C:\Users\Window\source\repos\OptimusPrime\OptimusPrime\Robot.cpp(1799,27): warning C4305: 'argument': truncation from 'double' to 'GLfloat'
C:\Users\Window\source\repos\OptimusPrime\OptimusPrime\Robot.cpp(1802,27): warning C4305: 'argument': truncation from 'double' to 'GLfloat'
C:\Users\Window\source\repos\OptimusPrime\OptimusPrime\Robot.cpp(1803,27): warning C4305: 'argument': truncation from 'double' to 'GLfloat'
C:\Users\Window\source\repos\OptimusPrime\OptimusPrime\Robot.cpp(1804,26): warning C4305: 'argument': truncation from 'double' to 'GLfloat'
C:\Users\Window\source\repos\OptimusPrime\OptimusPrime\Robot.cpp(1810,27): warning C4305: 'argument': truncation from 'double' to 'GLfloat'
C:\Users\Window\source\repos\OptimusPrime\OptimusPrime\Robot.cpp(1812,23): warning C4305: 'argument': truncation from 'double' to 'GLfloat'
C:\Users\Window\source\repos\OptimusPrime\OptimusPrime\Robot.cpp(1813,23): warning C4305: 'argument': truncation from 'double' to 'GLfloat'
C:\Users\Window\source\repos\OptimusPrime\OptimusPrime\Robot.cpp(1814,23): warning C4305: 'argument': truncation from 'double' to 'GLfloat'
C:\Users\Window\source\repos\OptimusPrime\OptimusPrime\Robot.cpp(1815,22): warning C4305: 'argument': truncation from 'double' to 'GLfloat'
C:\Users\Window\source\repos\OptimusPrime\OptimusPrime\Robot.cpp(1817,21): warning C4305: 'argument': truncation from 'double' to 'GLfloat'
C:\Users\Window\source\repos\OptimusPrime\OptimusPrime\Robot.cpp(1819,22): warning C4305: 'argument': truncation from 'double' to 'GLfloat'
C:\Users\Window\source\repos\OptimusPrime\OptimusPrime\Robot.cpp(1824,23): warning C4305: 'argument': truncation from 'double' to 'GLfloat'
C:\Users\Window\source\repos\OptimusPrime\OptimusPrime\Robot.cpp(1825,22): warning C4305: 'argument': truncation from 'double' to 'GLfloat'
C:\Users\Window\source\repos\OptimusPrime\OptimusPrime\Robot.cpp(1826,21): warning C4305: 'argument': truncation from 'double' to 'GLfloat'
C:\Users\Window\source\repos\OptimusPrime\OptimusPrime\Robot.cpp(1827,22): warning C4305: 'argument': truncation from 'double' to 'GLfloat'
C:\Users\Window\source\repos\OptimusPrime\OptimusPrime\Robot.cpp(1830,27): warning C4305: 'argument': truncation from 'double' to 'GLfloat'
C:\Users\Window\source\repos\OptimusPrime\OptimusPrime\Robot.cpp(1832,23): warning C4305: 'argument': truncation from 'double' to 'GLfloat'
C:\Users\Window\source\repos\OptimusPrime\OptimusPrime\Robot.cpp(1833,23): warning C4305: 'argument': truncation from 'double' to 'GLfloat'
C:\Users\Window\source\repos\OptimusPrime\OptimusPrime\Robot.cpp(1834,23): warning C4305: 'argument': truncation from 'double' to 'GLfloat'
C:\Users\Window\source\repos\OptimusPrime\OptimusPrime\Robot.cpp(1835,22): warning C4305: 'argument': truncation from 'double' to 'GLfloat'
C:\Users\Window\source\repos\OptimusPrime\OptimusPrime\Robot.cpp(1837,22): warning C4305: 'argument': truncation from 'double' to 'GLfloat'
C:\Users\Window\source\repos\OptimusPrime\OptimusPrime\Robot.cpp(1839,23): warning C4305: 'argument': truncation from 'double' to 'GLfloat'
C:\Users\Window\source\repos\OptimusPrime\OptimusPrime\Robot.cpp(1844,23): warning C4305: 'argument': truncation from 'double' to 'GLfloat'
C:\Users\Window\source\repos\OptimusPrime\OptimusPrime\Robot.cpp(1845,22): warning C4305: 'argument': truncation from 'double' to 'GLfloat'
C:\Users\Window\source\repos\OptimusPrime\OptimusPrime\Robot.cpp(1846,22): warning C4305: 'argument': truncation from 'double' to 'GLfloat'
C:\Users\Window\source\repos\OptimusPrime\OptimusPrime\Robot.cpp(1847,23): warning C4305: 'argument': truncation from 'double' to 'GLfloat'
C:\Users\Window\source\repos\OptimusPrime\OptimusPrime\Robot.cpp(1852,23): warning C4305: 'argument': truncation from 'double' to 'GLfloat'
C:\Users\Window\source\repos\OptimusPrime\OptimusPrime\Robot.cpp(1853,23): warning C4305: 'argument': truncation from 'double' to 'GLfloat'
C:\Users\Window\source\repos\OptimusPrime\OptimusPrime\Robot.cpp(1858,22): warning C4305: 'argument': truncation from 'double' to 'GLfloat'
C:\Users\Window\source\repos\OptimusPrime\OptimusPrime\Robot.cpp(1859,22): warning C4305: 'argument': truncation from 'double' to 'GLfloat'
C:\Users\Window\source\repos\OptimusPrime\OptimusPrime\Robot.cpp(1865,23): warning C4305: 'argument': truncation from 'double' to 'GLfloat'
C:\Users\Window\source\repos\OptimusPrime\OptimusPrime\Robot.cpp(1866,21): warning C4305: 'argument': truncation from 'double' to 'GLfloat'
C:\Users\Window\source\repos\OptimusPrime\OptimusPrime\Robot.cpp(1869,23): warning C4305: 'argument': truncation from 'double' to 'GLfloat'
C:\Users\Window\source\repos\OptimusPrime\OptimusPrime\Robot.cpp(1870,21): warning C4305: 'argument': truncation from 'double' to 'GLfloat'
C:\Users\Window\source\repos\OptimusPrime\OptimusPrime\Robot.cpp(1871,23): warning C4305: 'argument': truncation from 'double' to 'GLfloat'
C:\Users\Window\source\repos\OptimusPrime\OptimusPrime\Robot.cpp(1872,21): warning C4305: 'argument': truncation from 'double' to 'GLfloat'
C:\Users\Window\source\repos\OptimusPrime\OptimusPrime\Robot.cpp(1875,23): warning C4305: 'argument': truncation from 'double' to 'GLfloat'
C:\Users\Window\source\repos\OptimusPrime\OptimusPrime\Robot.cpp(1876,21): warning C4305: 'argument': truncation from 'double' to 'GLfloat'
C:\Users\Window\source\repos\OptimusPrime\OptimusPrime\Robot.cpp(1887,26): warning C4305: 'argument': truncation from 'double' to 'GLfloat'
C:\Users\Window\source\repos\OptimusPrime\OptimusPrime\Robot.cpp(1903,31): warning C4305: 'argument': truncation from 'double' to 'GLfloat'
C:\Users\Window\source\repos\OptimusPrime\OptimusPrime\Robot.cpp(1910,32): warning C4305: 'argument': truncation from 'double' to 'GLfloat'
C:\Users\Window\source\repos\OptimusPrime\OptimusPrime\Robot.cpp(1916,32): warning C4305: 'argument': truncation from 'double' to 'GLfloat'
C:\Users\Window\source\repos\OptimusPrime\OptimusPrime\Robot.cpp(1922,31): warning C4305: 'argument': truncation from 'double' to 'GLfloat'
C:\Users\Window\source\repos\OptimusPrime\OptimusPrime\Robot.cpp(1929,30): warning C4305: 'argument': truncation from 'double' to 'GLfloat'
C:\Users\Window\source\repos\OptimusPrime\OptimusPrime\Robot.cpp(1931,28): warning C4305: 'argument': truncation from 'double' to 'GLfloat'
C:\Users\Window\source\repos\OptimusPrime\OptimusPrime\Robot.cpp(1932,20): warning C4305: 'argument': truncation from 'double' to 'float'
C:\Users\Window\source\repos\OptimusPrime\OptimusPrime\Robot.cpp(1947,32): warning C4305: 'argument': truncation from 'double' to 'GLfloat'
C:\Users\Window\source\repos\OptimusPrime\OptimusPrime\Robot.cpp(1966,32): warning C4305: 'argument': truncation from 'double' to 'GLfloat'
C:\Users\Window\source\repos\OptimusPrime\OptimusPrime\Robot.cpp(1976,30): warning C4305: 'argument': truncation from 'double' to 'GLfloat'
C:\Users\Window\source\repos\OptimusPrime\OptimusPrime\Robot.cpp(1984,26): warning C4305: 'argument': truncation from 'double' to 'GLfloat'
C:\Users\Window\source\repos\OptimusPrime\OptimusPrime\Robot.cpp(2023,26): warning C4305: 'argument': truncation from 'double' to 'GLfloat'
C:\Users\Window\source\repos\OptimusPrime\OptimusPrime\Robot.cpp(2025,27): warning C4305: 'argument': truncation from 'double' to 'GLfloat'
C:\Users\Window\source\repos\OptimusPrime\OptimusPrime\Robot.cpp(2030,33): warning C4305: 'argument': truncation from 'double' to 'GLfloat'
C:\Users\Window\source\repos\OptimusPrime\OptimusPrime\Robot.cpp(2036,33): warning C4305: 'argument': truncation from 'double' to 'GLfloat'
C:\Users\Window\source\repos\OptimusPrime\OptimusPrime\Robot.cpp(2039,33): warning C4305: 'argument': truncation from 'double' to 'GLfloat'
C:\Users\Window\source\repos\OptimusPrime\OptimusPrime\Robot.cpp(2043,27): warning C4305: 'argument': truncation from 'double' to 'GLfloat'
C:\Users\Window\source\repos\OptimusPrime\OptimusPrime\Robot.cpp(2045,33): warning C4305: 'argument': truncation from 'double' to 'GLfloat'
C:\Users\Window\source\repos\OptimusPrime\OptimusPrime\Robot.cpp(2048,33): warning C4305: 'argument': truncation from 'double' to 'GLfloat'
C:\Users\Window\source\repos\OptimusPrime\OptimusPrime\Robot.cpp(2050,27): warning C4305: 'argument': truncation from 'double' to 'GLfloat'
C:\Users\Window\source\repos\OptimusPrime\OptimusPrime\Robot.cpp(2052,26): warning C4305: 'argument': truncation from 'double' to 'GLfloat'
C:\Users\Window\source\repos\OptimusPrime\OptimusPrime\Robot.cpp(2054,33): warning C4305: 'argument': truncation from 'double' to 'GLfloat'
C:\Users\Window\source\repos\OptimusPrime\OptimusPrime\Robot.cpp(2057,33): warning C4305: 'argument': truncation from 'double' to 'GLfloat'
C:\Users\Window\source\repos\OptimusPrime\OptimusPrime\Robot.cpp(2059,26): warning C4305: 'argument': truncation from 'double' to 'GLfloat'
C:\Users\Window\source\repos\OptimusPrime\OptimusPrime\Robot.cpp(2063,33): warning C4305: 'argument': truncation from 'double' to 'GLfloat'
C:\Users\Window\source\repos\OptimusPrime\OptimusPrime\Robot.cpp(2166,50): warning C4305: 'initializing': truncation from 'double' to 'float'
C:\Users\Window\source\repos\OptimusPrime\OptimusPrime\Robot.cpp(2166,74): warning C4305: 'initializing': truncation from 'double' to 'float'
C:\Users\Window\source\repos\OptimusPrime\OptimusPrime\Robot.cpp(2171,10): warning C4244: '=': conversion from 'double' to 'float', possible loss of data
C:\Users\Window\source\repos\OptimusPrime\OptimusPrime\Robot.cpp(2172,10): warning C4244: '=': conversion from 'double' to 'float', possible loss of data
C:\Users\Window\source\repos\OptimusPrime\OptimusPrime\Robot.cpp(2174,29): warning C4305: 'argument': truncation from 'double' to 'GLfloat'
C:\Users\Window\source\repos\OptimusPrime\OptimusPrime\Robot.cpp(2182,28): warning C4305: 'argument': truncation from 'double' to 'GLfloat'
C:\Users\Window\source\repos\OptimusPrime\OptimusPrime\Robot.cpp(2188,28): warning C4305: 'argument': truncation from 'double' to 'GLfloat'
C:\Users\Window\source\repos\OptimusPrime\OptimusPrime\Robot.cpp(2201,27): warning C4305: 'argument': truncation from 'double' to 'GLfloat'
C:\Users\Window\source\repos\OptimusPrime\OptimusPrime\Robot.cpp(2208,28): warning C4305: 'argument': truncation from 'double' to 'GLfloat'
C:\Users\Window\source\repos\OptimusPrime\OptimusPrime\Robot.cpp(2209,29): warning C4305: 'argument': truncation from 'double' to 'GLfloat'
C:\Users\Window\source\repos\OptimusPrime\OptimusPrime\Robot.cpp(2216,28): warning C4305: 'argument': truncation from 'double' to 'GLfloat'
C:\Users\Window\source\repos\OptimusPrime\OptimusPrime\Robot.cpp(2218,28): warning C4305: 'argument': truncation from 'double' to 'GLfloat'
C:\Users\Window\source\repos\OptimusPrime\OptimusPrime\Robot.cpp(2225,28): warning C4305: 'argument': truncation from 'double' to 'GLfloat'
C:\Users\Window\source\repos\OptimusPrime\OptimusPrime\Robot.cpp(2226,28): warning C4305: 'argument': truncation from 'double' to 'GLfloat'
C:\Users\Window\source\repos\OptimusPrime\OptimusPrime\Robot.cpp(2234,28): warning C4305: 'argument': truncation from 'double' to 'GLfloat'
C:\Users\Window\source\repos\OptimusPrime\OptimusPrime\Robot.cpp(2235,28): warning C4305: 'argument': truncation from 'double' to 'GLfloat'
C:\Users\Window\source\repos\OptimusPrime\OptimusPrime\Robot.cpp(2237,23): warning C4305: 'argument': truncation from 'double' to 'float'
C:\Users\Window\source\repos\OptimusPrime\OptimusPrime\Robot.cpp(2252,28): warning C4305: 'argument': truncation from 'double' to 'GLfloat'
C:\Users\Window\source\repos\OptimusPrime\OptimusPrime\Robot.cpp(2253,27): warning C4305: 'argument': truncation from 'double' to 'float'
C:\Users\Window\source\repos\OptimusPrime\OptimusPrime\Robot.cpp(2259,27): warning C4305: 'argument': truncation from 'double' to 'float'
C:\Users\Window\source\repos\OptimusPrime\OptimusPrime\Robot.cpp(2265,31): warning C4305: 'argument': truncation from 'double' to 'GLfloat'
C:\Users\Window\source\repos\OptimusPrime\OptimusPrime\Robot.cpp(2267,28): warning C4305: 'argument': truncation from 'double' to 'GLfloat'
C:\Users\Window\source\repos\OptimusPrime\OptimusPrime\Robot.cpp(2268,28): warning C4305: 'argument': truncation from 'double' to 'float'
C:\Users\Window\source\repos\OptimusPrime\OptimusPrime\Robot.cpp(2273,31): warning C4305: 'argument': truncation from 'double' to 'GLfloat'
C:\Users\Window\source\repos\OptimusPrime\OptimusPrime\Robot.cpp(2276,28): warning C4305: 'argument': truncation from 'double' to 'float'
C:\Users\Window\source\repos\OptimusPrime\OptimusPrime\Robot.cpp(2282,30): warning C4305: 'argument': truncation from 'double' to 'GLfloat'
C:\Users\Window\source\repos\OptimusPrime\OptimusPrime\Robot.cpp(2284,28): warning C4305: 'argument': truncation from 'double' to 'GLfloat'
C:\Users\Window\source\repos\OptimusPrime\OptimusPrime\Robot.cpp(2285,29): warning C4305: 'argument': truncation from 'double' to 'float'
C:\Users\Window\source\repos\OptimusPrime\OptimusPrime\Robot.cpp(2290,30): warning C4305: 'argument': truncation from 'double' to 'GLfloat'
C:\Users\Window\source\repos\OptimusPrime\OptimusPrime\Robot.cpp(2293,29): warning C4305: 'argument': truncation from 'double' to 'float'
C:\Users\Window\source\repos\OptimusPrime\OptimusPrime\Robot.cpp(2298,32): warning C4305: 'argument': truncation from 'double' to 'GLfloat'
C:\Users\Window\source\repos\OptimusPrime\OptimusPrime\Robot.cpp(2306,31): warning C4305: 'argument': truncation from 'double' to 'GLfloat'
C:\Users\Window\source\repos\OptimusPrime\OptimusPrime\Robot.cpp(2308,28): warning C4305: 'argument': truncation from 'double' to 'GLfloat'
C:\Users\Window\source\repos\OptimusPrime\OptimusPrime\Robot.cpp(2309,29): warning C4305: 'argument': truncation from 'double' to 'float'
C:\Users\Window\source\repos\OptimusPrime\OptimusPrime\Robot.cpp(2314,31): warning C4305: 'argument': truncation from 'double' to 'GLfloat'
C:\Users\Window\source\repos\OptimusPrime\OptimusPrime\Robot.cpp(2317,29): warning C4305: 'argument': truncation from 'double' to 'float'
C:\Users\Window\source\repos\OptimusPrime\OptimusPrime\Robot.cpp(2323,31): warning C4305: 'argument': truncation from 'double' to 'GLfloat'
C:\Users\Window\source\repos\OptimusPrime\OptimusPrime\Robot.cpp(2325,28): warning C4305: 'argument': truncation from 'double' to 'GLfloat'
C:\Users\Window\source\repos\OptimusPrime\OptimusPrime\Robot.cpp(2326,29): warning C4305: 'argument': truncation from 'double' to 'float'
C:\Users\Window\source\repos\OptimusPrime\OptimusPrime\Robot.cpp(2331,31): warning C4305: 'argument': truncation from 'double' to 'GLfloat'
C:\Users\Window\source\repos\OptimusPrime\OptimusPrime\Robot.cpp(2334,29): warning C4305: 'argument': truncation from 'double' to 'float'
C:\Users\Window\source\repos\OptimusPrime\OptimusPrime\Robot.cpp(2340,34): warning C4305: 'argument': truncation from 'double' to 'GLfloat'
C:\Users\Window\source\repos\OptimusPrime\OptimusPrime\Robot.cpp(2342,28): warning C4305: 'argument': truncation from 'double' to 'GLfloat'
C:\Users\Window\source\repos\OptimusPrime\OptimusPrime\Robot.cpp(2343,29): warning C4305: 'argument': truncation from 'double' to 'float'
C:\Users\Window\source\repos\OptimusPrime\OptimusPrime\Robot.cpp(2348,34): warning C4305: 'argument': truncation from 'double' to 'GLfloat'
C:\Users\Window\source\repos\OptimusPrime\OptimusPrime\Robot.cpp(2351,29): warning C4305: 'argument': truncation from 'double' to 'float'
C:\Users\Window\source\repos\OptimusPrime\OptimusPrime\Robot.cpp(2363,31): warning C4244: 'argument': conversion from 'double' to 'GLfloat', possible loss of data
C:\Users\Window\source\repos\OptimusPrime\OptimusPrime\Robot.cpp(2363,23): warning C4244: 'argument': conversion from 'double' to 'GLfloat', possible loss of data
C:\Users\Window\source\repos\OptimusPrime\OptimusPrime\Robot.cpp(2363,15): warning C4244: 'argument': conversion from 'double' to 'GLfloat', possible loss of data
C:\Users\Window\source\repos\OptimusPrime\OptimusPrime\Robot.cpp(2368,31): warning C4305: 'argument': truncation from 'double' to 'GLfloat'
C:\Users\Window\source\repos\OptimusPrime\OptimusPrime\Robot.cpp(2382,15): warning C4805: '==': unsafe mix of type 'boolean' and type 'bool' in operation
C:\Users\Window\source\repos\OptimusPrime\OptimusPrime\Robot.cpp(2412,41): warning C4244: '=': conversion from 'double' to 'float', possible loss of data
C:\Users\Window\source\repos\OptimusPrime\OptimusPrime\Robot.cpp(2426,41): warning C4244: '=': conversion from 'double' to 'float', possible loss of data
C:\Users\Window\source\repos\OptimusPrime\OptimusPrime\Robot.cpp(2441,41): warning C4244: '=': conversion from 'double' to 'float', possible loss of data
C:\Users\Window\source\repos\OptimusPrime\OptimusPrime\Robot.cpp(2447,41): warning C4244: '=': conversion from 'double' to 'float', possible loss of data
C:\Users\Window\source\repos\OptimusPrime\OptimusPrime\Robot.cpp(2454,32): warning C4244: '=': conversion from 'double' to 'float', possible loss of data
C:\Users\Window\source\repos\OptimusPrime\OptimusPrime\Robot.cpp(2489,42): warning C4244: '=': conversion from 'double' to 'float', possible loss of data
C:\Users\Window\source\repos\OptimusPrime\OptimusPrime\Robot.cpp(2509,41): warning C4244: '=': conversion from 'double' to 'float', possible loss of data
C:\Users\Window\source\repos\OptimusPrime\OptimusPrime\Robot.cpp(2516,32): warning C4244: '=': conversion from 'double' to 'float', possible loss of data
C:\Users\Window\source\repos\OptimusPrime\OptimusPrime\Robot.cpp(2539,19): warning C4805: '==': unsafe mix of type 'boolean' and type 'bool' in operation
C:\Users\Window\source\repos\OptimusPrime\OptimusPrime\Robot.cpp(2550,42): warning C4244: '=': conversion from 'double' to 'float', possible loss of data
C:\Users\Window\source\repos\OptimusPrime\OptimusPrime\Robot.cpp(2568,43): warning C4244: '=': conversion from 'double' to 'float', possible loss of data
C:\Users\Window\source\repos\OptimusPrime\OptimusPrime\Robot.cpp(2584,42): warning C4244: '=': conversion from 'double' to 'float', possible loss of data
C:\Users\Window\source\repos\OptimusPrime\OptimusPrime\Robot.cpp(2599,42): warning C4244: '=': conversion from 'double' to 'float', possible loss of data
C:\Users\Window\source\repos\OptimusPrime\OptimusPrime\Robot.cpp(2610,31): warning C4244: '=': conversion from 'double' to 'float', possible loss of data
C:\Users\Window\source\repos\OptimusPrime\OptimusPrime\Robot.cpp(2611,29): warning C4244: '=': conversion from 'double' to 'float', possible loss of data
C:\Users\Window\source\repos\OptimusPrime\OptimusPrime\Robot.cpp(2633,25): warning C4305: 'argument': truncation from 'double' to 'GLfloat'
C:\Users\Window\source\repos\OptimusPrime\OptimusPrime\Robot.cpp(2637,59): warning C4244: 'argument': conversion from 'int' to 'GLfloat', possible loss of data
C:\Users\Window\source\repos\OptimusPrime\OptimusPrime\Robot.cpp(2637,45): warning C4244: 'argument': conversion from 'int' to 'GLfloat', possible loss of data
C:\Users\Window\source\repos\OptimusPrime\OptimusPrime\Robot.cpp(2637,31): warning C4244: 'argument': conversion from 'int' to 'GLfloat', possible loss of data
C:\Users\Window\source\repos\OptimusPrime\OptimusPrime\Robot.cpp(2641,13): warning C4244: 'argument': conversion from 'double' to 'GLfloat', possible loss of data
C:\Users\Window\source\repos\OptimusPrime\OptimusPrime\Robot.cpp(2670,30): warning C4305: 'argument': truncation from 'double' to 'GLfloat'
C:\Users\Window\source\repos\OptimusPrime\OptimusPrime\Robot.cpp(2682,42): warning C4305: 'argument': truncation from 'double' to 'float'
C:\Users\Window\source\repos\OptimusPrime\OptimusPrime\Robot.cpp(2690,28): warning C4305: 'argument': truncation from 'double' to 'GLfloat'
C:\Users\Window\source\repos\OptimusPrime\OptimusPrime\Robot.cpp(2702,39): warning C4305: 'argument': truncation from 'double' to 'float'
C:\Users\Window\source\repos\OptimusPrime\OptimusPrime\Robot.cpp(2709,27): warning C4305: 'argument': truncation from 'double' to 'GLfloat'
C:\Users\Window\source\repos\OptimusPrime\OptimusPrime\Robot.cpp(2721,21): warning C4305: 'argument': truncation from 'double' to 'float'
C:\Users\Window\source\repos\OptimusPrime\OptimusPrime\Robot.cpp(2727,27): warning C4305: 'argument': truncation from 'double' to 'GLfloat'
C:\Users\Window\source\repos\OptimusPrime\OptimusPrime\Robot.cpp(2739,21): warning C4305: 'argument': truncation from 'double' to 'float'
C:\Users\Window\source\repos\OptimusPrime\OptimusPrime\Robot.cpp(2745,27): warning C4305: 'argument': truncation from 'double' to 'GLfloat'
C:\Users\Window\source\repos\OptimusPrime\OptimusPrime\Robot.cpp(2757,21): warning C4305: 'argument': truncation from 'double' to 'float'
C:\Users\Window\source\repos\OptimusPrime\OptimusPrime\Robot.cpp(2767,24): warning C4305: 'argument': truncation from 'double' to 'GLfloat'
C:\Users\Window\source\repos\OptimusPrime\OptimusPrime\Robot.cpp(2771,28): warning C4305: 'argument': truncation from 'double' to 'GLfloat'
C:\Users\Window\source\repos\OptimusPrime\OptimusPrime\Robot.cpp(2775,28): warning C4305: 'argument': truncation from 'double' to 'float'
C:\Users\Window\source\repos\OptimusPrime\OptimusPrime\Robot.cpp(2782,30): warning C4305: 'argument': truncation from 'double' to 'GLfloat'
C:\Users\Window\source\repos\OptimusPrime\OptimusPrime\Robot.cpp(2793,30): warning C4305: 'argument': truncation from 'double' to 'GLfloat'
C:\Users\Window\source\repos\OptimusPrime\OptimusPrime\Robot.cpp(2803,28): warning C4305: 'argument': truncation from 'double' to 'float'
C:\Users\Window\source\repos\OptimusPrime\OptimusPrime\Robot.cpp(2810,29): warning C4305: 'argument': truncation from 'double' to 'GLfloat'
C:\Users\Window\source\repos\OptimusPrime\OptimusPrime\Robot.cpp(2822,41): warning C4305: 'argument': truncation from 'double' to 'float'
C:\Users\Window\source\repos\OptimusPrime\OptimusPrime\Robot.cpp(2829,24): warning C4305: 'argument': truncation from 'double' to 'GLfloat'
C:\Users\Window\source\repos\OptimusPrime\OptimusPrime\Robot.cpp(2832,27): warning C4305: 'argument': truncation from 'double' to 'GLfloat'
C:\Users\Window\source\repos\OptimusPrime\OptimusPrime\Robot.cpp(2834,29): warning C4305: 'argument': truncation from 'double' to 'GLfloat'
C:\Users\Window\source\repos\OptimusPrime\OptimusPrime\Robot.cpp(2853,25): warning C4305: 'argument': truncation from 'double' to 'GLfloat'
C:\Users\Window\source\repos\OptimusPrime\OptimusPrime\Robot.cpp(2866,29): warning C4305: 'argument': truncation from 'double' to 'float'
C:\Users\Window\source\repos\OptimusPrime\OptimusPrime\Robot.cpp(2876,31): warning C4305: 'argument': truncation from 'double' to 'GLfloat'
C:\Users\Window\source\repos\OptimusPrime\OptimusPrime\Robot.cpp(2886,31): warning C4305: 'argument': truncation from 'double' to 'GLfloat'
C:\Users\Window\source\repos\OptimusPrime\OptimusPrime\Robot.cpp(2895,30): warning C4305: 'argument': truncation from 'double' to 'GLfloat'
C:\Users\Window\source\repos\OptimusPrime\OptimusPrime\Robot.cpp(2910,29): warning C4305: 'argument': truncation from 'double' to 'float'
C:\Users\Window\source\repos\OptimusPrime\OptimusPrime\Robot.cpp(2916,25): warning C4305: 'argument': truncation from 'double' to 'GLfloat'
C:\Users\Window\source\repos\OptimusPrime\OptimusPrime\Robot.cpp(2927,29): warning C4305: 'argument': truncation from 'double' to 'float'
C:\Users\Window\source\repos\OptimusPrime\OptimusPrime\Robot.cpp(2933,25): warning C4305: 'argument': truncation from 'double' to 'GLfloat'
C:\Users\Window\source\repos\OptimusPrime\OptimusPrime\Robot.cpp(2944,29): warning C4305: 'argument': truncation from 'double' to 'float'
C:\Users\Window\source\repos\OptimusPrime\OptimusPrime\Robot.cpp(2950,25): warning C4305: 'argument': truncation from 'double' to 'GLfloat'
C:\Users\Window\source\repos\OptimusPrime\OptimusPrime\Robot.cpp(2961,29): warning C4305: 'argument': truncation from 'double' to 'float'
C:\Users\Window\source\repos\OptimusPrime\OptimusPrime\Robot.cpp(2997,39): warning C4244: '=': conversion from 'double' to 'float', possible loss of data
C:\Users\Window\source\repos\OptimusPrime\OptimusPrime\Robot.cpp(3009,39): warning C4244: '=': conversion from 'double' to 'float', possible loss of data
C:\Users\Window\source\repos\OptimusPrime\OptimusPrime\Robot.cpp(3021,39): warning C4244: '=': conversion from 'double' to 'float', possible loss of data
C:\Users\Window\source\repos\OptimusPrime\OptimusPrime\Robot.cpp(3030,19): warning C4805: '==': unsafe mix of type 'boolean' and type 'bool' in operation
C:\Users\Window\source\repos\OptimusPrime\OptimusPrime\Robot.cpp(3101,24): warning C4305: 'argument': truncation from 'double' to 'GLfloat'
C:\Users\Window\source\repos\OptimusPrime\OptimusPrime\Robot.cpp(3111,56): warning C4244: 'argument': conversion from 'int' to 'GLfloat', possible loss of data
C:\Users\Window\source\repos\OptimusPrime\OptimusPrime\Robot.cpp(3111,43): warning C4244: 'argument': conversion from 'int' to 'GLfloat', possible loss of data
C:\Users\Window\source\repos\OptimusPrime\OptimusPrime\Robot.cpp(3111,30): warning C4244: 'argument': conversion from 'int' to 'GLfloat', possible loss of data
C:\Users\Window\source\repos\OptimusPrime\OptimusPrime\Robot.cpp(3136,30): warning C4305: 'argument': truncation from 'double' to 'GLfloat'
C:\Users\Window\source\repos\OptimusPrime\OptimusPrime\Robot.cpp(3148,42): warning C4305: 'argument': truncation from 'double' to 'float'
C:\Users\Window\source\repos\OptimusPrime\OptimusPrime\Robot.cpp(3155,28): warning C4305: 'argument': truncation from 'double' to 'GLfloat'
C:\Users\Window\source\repos\OptimusPrime\OptimusPrime\Robot.cpp(3167,39): warning C4305: 'argument': truncation from 'double' to 'float'
C:\Users\Window\source\repos\OptimusPrime\OptimusPrime\Robot.cpp(3173,27): warning C4305: 'argument': truncation from 'double' to 'GLfloat'
C:\Users\Window\source\repos\OptimusPrime\OptimusPrime\Robot.cpp(3185,21): warning C4305: 'argument': truncation from 'double' to 'float'
C:\Users\Window\source\repos\OptimusPrime\OptimusPrime\Robot.cpp(3191,27): warning C4305: 'argument': truncation from 'double' to 'GLfloat'
C:\Users\Window\source\repos\OptimusPrime\OptimusPrime\Robot.cpp(3203,21): warning C4305: 'argument': truncation from 'double' to 'float'
C:\Users\Window\source\repos\OptimusPrime\OptimusPrime\Robot.cpp(3209,27): warning C4305: 'argument': truncation from 'double' to 'GLfloat'
C:\Users\Window\source\repos\OptimusPrime\OptimusPrime\Robot.cpp(3221,21): warning C4305: 'argument': truncation from 'double' to 'float'
C:\Users\Window\source\repos\OptimusPrime\OptimusPrime\Robot.cpp(3230,25): warning C4305: 'argument': truncation from 'double' to 'GLfloat'
C:\Users\Window\source\repos\OptimusPrime\OptimusPrime\Robot.cpp(3236,28): warning C4305: 'argument': truncation from 'double' to 'GLfloat'
C:\Users\Window\source\repos\OptimusPrime\OptimusPrime\Robot.cpp(3238,28): warning C4305: 'argument': truncation from 'double' to 'float'
C:\Users\Window\source\repos\OptimusPrime\OptimusPrime\Robot.cpp(3244,30): warning C4305: 'argument': truncation from 'double' to 'GLfloat'
C:\Users\Window\source\repos\OptimusPrime\OptimusPrime\Robot.cpp(3252,30): warning C4305: 'argument': truncation from 'double' to 'GLfloat'
C:\Users\Window\source\repos\OptimusPrime\OptimusPrime\Robot.cpp(3260,28): warning C4305: 'argument': truncation from 'double' to 'float'
C:\Users\Window\source\repos\OptimusPrime\OptimusPrime\Robot.cpp(3267,29): warning C4305: 'argument': truncation from 'double' to 'GLfloat'
C:\Users\Window\source\repos\OptimusPrime\OptimusPrime\Robot.cpp(3278,41): warning C4305: 'argument': truncation from 'double' to 'float'
C:\Users\Window\source\repos\OptimusPrime\OptimusPrime\Robot.cpp(3285,24): warning C4305: 'argument': truncation from 'double' to 'GLfloat'
C:\Users\Window\source\repos\OptimusPrime\OptimusPrime\Robot.cpp(3288,27): warning C4305: 'argument': truncation from 'double' to 'GLfloat'
C:\Users\Window\source\repos\OptimusPrime\OptimusPrime\Robot.cpp(3290,29): warning C4305: 'argument': truncation from 'double' to 'GLfloat'
C:\Users\Window\source\repos\OptimusPrime\OptimusPrime\Robot.cpp(3310,27): warning C4305: 'argument': truncation from 'double' to 'GLfloat'
C:\Users\Window\source\repos\OptimusPrime\OptimusPrime\Robot.cpp(3323,29): warning C4305: 'argument': truncation from 'double' to 'float'
C:\Users\Window\source\repos\OptimusPrime\OptimusPrime\Robot.cpp(3330,26): warning C4305: 'argument': truncation from 'double' to 'GLfloat'
C:\Users\Window\source\repos\OptimusPrime\OptimusPrime\Robot.cpp(3346,29): warning C4305: 'argument': truncation from 'double' to 'float'
C:\Users\Window\source\repos\OptimusPrime\OptimusPrime\Robot.cpp(3352,25): warning C4305: 'argument': truncation from 'double' to 'GLfloat'
C:\Users\Window\source\repos\OptimusPrime\OptimusPrime\Robot.cpp(3363,29): warning C4305: 'argument': truncation from 'double' to 'float'
C:\Users\Window\source\repos\OptimusPrime\OptimusPrime\Robot.cpp(3369,25): warning C4305: 'argument': truncation from 'double' to 'GLfloat'
C:\Users\Window\source\repos\OptimusPrime\OptimusPrime\Robot.cpp(3380,29): warning C4305: 'argument': truncation from 'double' to 'float'
C:\Users\Window\source\repos\OptimusPrime\OptimusPrime\Robot.cpp(3386,25): warning C4305: 'argument': truncation from 'double' to 'GLfloat'
C:\Users\Window\source\repos\OptimusPrime\OptimusPrime\Robot.cpp(3397,29): warning C4305: 'argument': truncation from 'double' to 'float'
C:\Users\Window\source\repos\OptimusPrime\OptimusPrime\Robot.cpp(3425,24): warning C4305: 'argument': truncation from 'double' to 'GLfloat'
C:\Users\Window\source\repos\OptimusPrime\OptimusPrime\Robot.cpp(3429,28): warning C4305: 'argument': truncation from 'double' to 'GLfloat'
C:\Users\Window\source\repos\OptimusPrime\OptimusPrime\Robot.cpp(3430,31): warning C4305: 'argument': truncation from 'double' to 'float'
C:\Users\Window\source\repos\OptimusPrime\OptimusPrime\Robot.cpp(3437,28): warning C4305: 'argument': truncation from 'double' to 'GLfloat'
C:\Users\Window\source\repos\OptimusPrime\OptimusPrime\Robot.cpp(3438,31): warning C4305: 'argument': truncation from 'double' to 'float'
C:\Users\Window\source\repos\OptimusPrime\OptimusPrime\Robot.cpp(3456,30): warning C4305: 'argument': truncation from 'double' to 'GLfloat'
C:\Users\Window\source\repos\OptimusPrime\OptimusPrime\Robot.cpp(3469,40): warning C4305: 'argument': truncation from 'double' to 'float'
C:\Users\Window\source\repos\OptimusPrime\OptimusPrime\Robot.cpp(3474,25): warning C4305: 'argument': truncation from 'double' to 'GLfloat'
C:\Users\Window\source\repos\OptimusPrime\OptimusPrime\Robot.cpp(3488,29): warning C4305: 'argument': truncation from 'double' to 'GLfloat'
C:\Users\Window\source\repos\OptimusPrime\OptimusPrime\Robot.cpp(3501,40): warning C4305: 'argument': truncation from 'double' to 'float'
C:\Users\Window\source\repos\OptimusPrime\OptimusPrime\Robot.cpp(3506,25): warning C4305: 'argument': truncation from 'double' to 'GLfloat'
C:\Users\Window\source\repos\OptimusPrime\OptimusPrime\Robot.cpp(3528,25): warning C4305: 'argument': truncation from 'double' to 'GLfloat'
C:\Users\Window\source\repos\OptimusPrime\OptimusPrime\Robot.cpp(3546,20): warning C4305: 'argument': truncation from 'double' to 'GLfloat'
C:\Users\Window\source\repos\OptimusPrime\OptimusPrime\Robot.cpp(3547,33): warning C4305: 'argument': truncation from 'double' to 'GLfloat'
C:\Users\Window\source\repos\OptimusPrime\OptimusPrime\Robot.cpp(3566,22): warning C4305: 'argument': truncation from 'double' to 'GLfloat'
C:\Users\Window\source\repos\OptimusPrime\OptimusPrime\Robot.cpp(3567,30): warning C4305: 'argument': truncation from 'double' to 'GLfloat'
C:\Users\Window\source\repos\OptimusPrime\OptimusPrime\Robot.cpp(3590,22): warning C4305: 'argument': truncation from 'double' to 'GLfloat'
C:\Users\Window\source\repos\OptimusPrime\OptimusPrime\Robot.cpp(3591,30): warning C4305: 'argument': truncation from 'double' to 'GLfloat'
C:\Users\Window\source\repos\OptimusPrime\OptimusPrime\Robot.cpp(3615,29): warning C4305: 'argument': truncation from 'double' to 'GLfloat'
C:\Users\Window\source\repos\OptimusPrime\OptimusPrime\Robot.cpp(3625,27): warning C4305: 'argument': truncation from 'double' to 'GLfloat'
C:\Users\Window\source\repos\OptimusPrime\OptimusPrime\Robot.cpp(3633,27): warning C4305: 'argument': truncation from 'double' to 'GLfloat'
C:\Users\Window\source\repos\OptimusPrime\OptimusPrime\Robot.cpp(3641,29): warning C4305: 'argument': truncation from 'double' to 'GLfloat'
C:\Users\Window\source\repos\OptimusPrime\OptimusPrime\Robot.cpp(3650,25): warning C4305: 'argument': truncation from 'double' to 'GLfloat'
C:\Users\Window\source\repos\OptimusPrime\OptimusPrime\Robot.cpp(3657,27): warning C4305: 'argument': truncation from 'double' to 'GLfloat'
C:\Users\Window\source\repos\OptimusPrime\OptimusPrime\Robot.cpp(3662,27): warning C4305: 'argument': truncation from 'double' to 'GLfloat'
C:\Users\Window\source\repos\OptimusPrime\OptimusPrime\Robot.cpp(3667,27): warning C4305: 'argument': truncation from 'double' to 'GLfloat'
C:\Users\Window\source\repos\OptimusPrime\OptimusPrime\Robot.cpp(3672,27): warning C4305: 'argument': truncation from 'double' to 'GLfloat'
C:\Users\Window\source\repos\OptimusPrime\OptimusPrime\Robot.cpp(3677,27): warning C4305: 'argument': truncation from 'double' to 'GLfloat'
C:\Users\Window\source\repos\OptimusPrime\OptimusPrime\Robot.cpp(3683,27): warning C4305: 'argument': truncation from 'double' to 'GLfloat'
C:\Users\Window\source\repos\OptimusPrime\OptimusPrime\Robot.cpp(3684,22): warning C4305: 'argument': truncation from 'double' to 'GLfloat'
C:\Users\Window\source\repos\OptimusPrime\OptimusPrime\Robot.cpp(3693,27): warning C4305: 'argument': truncation from 'double' to 'GLfloat'
C:\Users\Window\source\repos\OptimusPrime\OptimusPrime\Robot.cpp(3694,22): warning C4305: 'argument': truncation from 'double' to 'GLfloat'
C:\Users\Window\source\repos\OptimusPrime\OptimusPrime\Robot.cpp(3702,29): warning C4305: 'argument': truncation from 'double' to 'GLfloat'
C:\Users\Window\source\repos\OptimusPrime\OptimusPrime\Robot.cpp(3703,22): warning C4305: 'argument': truncation from 'double' to 'GLfloat'
C:\Users\Window\source\repos\OptimusPrime\OptimusPrime\Robot.cpp(3711,27): warning C4305: 'argument': truncation from 'double' to 'GLfloat'
C:\Users\Window\source\repos\OptimusPrime\OptimusPrime\Robot.cpp(3712,22): warning C4305: 'argument': truncation from 'double' to 'GLfloat'
C:\Users\Window\source\repos\OptimusPrime\OptimusPrime\Robot.cpp(3723,28): warning C4305: 'argument': truncation from 'double' to 'GLfloat'
C:\Users\Window\source\repos\OptimusPrime\OptimusPrime\Robot.cpp(3724,22): warning C4305: 'argument': truncation from 'double' to 'GLfloat'
C:\Users\Window\source\repos\OptimusPrime\OptimusPrime\Robot.cpp(3727,28): warning C4305: 'argument': truncation from 'double' to 'float'
C:\Users\Window\source\repos\OptimusPrime\OptimusPrime\Robot.cpp(3733,28): warning C4305: 'argument': truncation from 'double' to 'GLfloat'
C:\Users\Window\source\repos\OptimusPrime\OptimusPrime\Robot.cpp(3735,22): warning C4305: 'argument': truncation from 'double' to 'GLfloat'
C:\Users\Window\source\repos\OptimusPrime\OptimusPrime\Robot.cpp(3738,28): warning C4305: 'argument': truncation from 'double' to 'float'
C:\Users\Window\source\repos\OptimusPrime\OptimusPrime\Robot.cpp(3743,31): warning C4305: 'argument': truncation from 'double' to 'GLfloat'
C:\Users\Window\source\repos\OptimusPrime\OptimusPrime\Robot.cpp(3745,24): warning C4305: 'argument': truncation from 'double' to 'GLfloat'
C:\Users\Window\source\repos\OptimusPrime\OptimusPrime\Robot.cpp(3757,28): warning C4305: 'argument': truncation from 'double' to 'float'
C:\Users\Window\source\repos\OptimusPrime\OptimusPrime\Robot.cpp(3765,31): warning C4305: 'argument': truncation from 'double' to 'GLfloat'
C:\Users\Window\source\repos\OptimusPrime\OptimusPrime\Robot.cpp(3766,25): warning C4305: 'argument': truncation from 'double' to 'GLfloat'
C:\Users\Window\source\repos\OptimusPrime\OptimusPrime\Robot.cpp(3778,28): warning C4305: 'argument': truncation from 'double' to 'float'
C:\Users\Window\source\repos\OptimusPrime\OptimusPrime\Robot.cpp(3784,27): warning C4305: 'argument': truncation from 'double' to 'GLfloat'
C:\Users\Window\source\repos\OptimusPrime\OptimusPrime\Robot.cpp(3785,22): warning C4305: 'argument': truncation from 'double' to 'GLfloat'
C:\Users\Window\source\repos\OptimusPrime\OptimusPrime\Robot.cpp(3803,25): warning C4305: 'argument': truncation from 'double' to 'GLfloat'
C:\Users\Window\source\repos\OptimusPrime\OptimusPrime\Robot.cpp(3804,22): warning C4305: 'argument': truncation from 'double' to 'GLfloat'
C:\Users\Window\source\repos\OptimusPrime\OptimusPrime\Robot.cpp(3823,25): warning C4305: 'argument': truncation from 'double' to 'GLfloat'
C:\Users\Window\source\repos\OptimusPrime\OptimusPrime\Robot.cpp(3824,23): warning C4305: 'argument': truncation from 'double' to 'GLfloat'
C:\Users\Window\source\repos\OptimusPrime\OptimusPrime\Robot.cpp(3842,30): warning C4305: 'argument': truncation from 'double' to 'GLfloat'
C:\Users\Window\source\repos\OptimusPrime\OptimusPrime\Robot.cpp(3843,22): warning C4305: 'argument': truncation from 'double' to 'GLfloat'
C:\Users\Window\source\repos\OptimusPrime\OptimusPrime\Robot.cpp(3863,22): warning C4305: 'argument': truncation from 'double' to 'GLfloat'
C:\Users\Window\source\repos\OptimusPrime\OptimusPrime\Robot.cpp(3866,28): warning C4305: 'argument': truncation from 'double' to 'float'
C:\Users\Window\source\repos\OptimusPrime\OptimusPrime\Robot.cpp(3873,26): warning C4305: 'argument': truncation from 'double' to 'GLfloat'
C:\Users\Window\source\repos\OptimusPrime\OptimusPrime\Robot.cpp(3874,22): warning C4305: 'argument': truncation from 'double' to 'GLfloat'
C:\Users\Window\source\repos\OptimusPrime\OptimusPrime\Robot.cpp(3877,28): warning C4305: 'argument': truncation from 'double' to 'float'
C:\Users\Window\source\repos\OptimusPrime\OptimusPrime\Robot.cpp(3883,30): warning C4305: 'argument': truncation from 'double' to 'GLfloat'
C:\Users\Window\source\repos\OptimusPrime\OptimusPrime\Robot.cpp(3885,24): warning C4305: 'argument': truncation from 'double' to 'GLfloat'
C:\Users\Window\source\repos\OptimusPrime\OptimusPrime\Robot.cpp(3893,30): warning C4305: 'argument': truncation from 'double' to 'GLfloat'
C:\Users\Window\source\repos\OptimusPrime\OptimusPrime\Robot.cpp(3896,24): warning C4305: 'argument': truncation from 'double' to 'GLfloat'
C:\Users\Window\source\repos\OptimusPrime\OptimusPrime\Robot.cpp(3905,31): warning C4305: 'argument': truncation from 'double' to 'GLfloat'
C:\Users\Window\source\repos\OptimusPrime\OptimusPrime\Robot.cpp(3907,24): warning C4305: 'argument': truncation from 'double' to 'GLfloat'
C:\Users\Window\source\repos\OptimusPrime\OptimusPrime\Robot.cpp(3915,31): warning C4305: 'argument': truncation from 'double' to 'GLfloat'
C:\Users\Window\source\repos\OptimusPrime\OptimusPrime\Robot.cpp(3918,24): warning C4305: 'argument': truncation from 'double' to 'GLfloat'
C:\Users\Window\source\repos\OptimusPrime\OptimusPrime\Robot.cpp(3927,28): warning C4305: 'argument': truncation from 'double' to 'GLfloat'
C:\Users\Window\source\repos\OptimusPrime\OptimusPrime\Robot.cpp(3928,24): warning C4305: 'argument': truncation from 'double' to 'GLfloat'
C:\Users\Window\source\repos\OptimusPrime\OptimusPrime\Robot.cpp(3937,29): warning C4305: 'argument': truncation from 'double' to 'GLfloat'
C:\Users\Window\source\repos\OptimusPrime\OptimusPrime\Robot.cpp(3938,24): warning C4305: 'argument': truncation from 'double' to 'GLfloat'
C:\Users\Window\source\repos\OptimusPrime\OptimusPrime\Robot.cpp(3947,27): warning C4305: 'argument': truncation from 'double' to 'GLfloat'
C:\Users\Window\source\repos\OptimusPrime\OptimusPrime\Robot.cpp(3948,28): warning C4305: 'argument': truncation from 'double' to 'GLfloat'
C:\Users\Window\source\repos\OptimusPrime\OptimusPrime\Robot.cpp(3951,28): warning C4305: 'argument': truncation from 'double' to 'float'
C:\Users\Window\source\repos\OptimusPrime\OptimusPrime\Robot.cpp(3956,27): warning C4305: 'argument': truncation from 'double' to 'GLfloat'
C:\Users\Window\source\repos\OptimusPrime\OptimusPrime\Robot.cpp(3957,28): warning C4305: 'argument': truncation from 'double' to 'GLfloat'
C:\Users\Window\source\repos\OptimusPrime\OptimusPrime\Robot.cpp(3960,28): warning C4305: 'argument': truncation from 'double' to 'float'
C:\Users\Window\source\repos\OptimusPrime\OptimusPrime\Robot.cpp(3965,22): warning C4305: 'argument': truncation from 'double' to 'GLfloat'
C:\Users\Window\source\repos\OptimusPrime\OptimusPrime\Robot.cpp(3967,29): warning C4305: 'argument': truncation from 'double' to 'GLfloat'
C:\Users\Window\source\repos\OptimusPrime\OptimusPrime\Robot.cpp(3986,28): warning C4305: 'argument': truncation from 'double' to 'GLfloat'
C:\Users\Window\source\repos\OptimusPrime\OptimusPrime\Robot.cpp(3996,25): warning C4305: 'argument': truncation from 'double' to 'GLfloat'
C:\Users\Window\source\repos\OptimusPrime\OptimusPrime\Robot.cpp(4022,27): warning C4305: 'argument': truncation from 'double' to 'GLfloat'
C:\Users\Window\source\repos\OptimusPrime\OptimusPrime\Robot.cpp(4024,27): warning C4305: 'argument': truncation from 'double' to 'GLfloat'
C:\Users\Window\source\repos\OptimusPrime\OptimusPrime\Robot.cpp(4026,27): warning C4305: 'argument': truncation from 'double' to 'GLfloat'
C:\Users\Window\source\repos\OptimusPrime\OptimusPrime\Robot.cpp(4028,26): warning C4305: 'argument': truncation from 'double' to 'GLfloat'
C:\Users\Window\source\repos\OptimusPrime\OptimusPrime\Robot.cpp(4030,26): warning C4305: 'argument': truncation from 'double' to 'GLfloat'
C:\Users\Window\source\repos\OptimusPrime\OptimusPrime\Robot.cpp(4032,26): warning C4305: 'argument': truncation from 'double' to 'GLfloat'
C:\Users\Window\source\repos\OptimusPrime\OptimusPrime\Robot.cpp(4039,27): warning C4305: 'argument': truncation from 'double' to 'GLfloat'
C:\Users\Window\source\repos\OptimusPrime\OptimusPrime\Robot.cpp(4041,27): warning C4305: 'argument': truncation from 'double' to 'GLfloat'
C:\Users\Window\source\repos\OptimusPrime\OptimusPrime\Robot.cpp(4043,27): warning C4305: 'argument': truncation from 'double' to 'GLfloat'
C:\Users\Window\source\repos\OptimusPrime\OptimusPrime\Robot.cpp(4045,27): warning C4305: 'argument': truncation from 'double' to 'GLfloat'
C:\Users\Window\source\repos\OptimusPrime\OptimusPrime\Robot.cpp(4048,27): warning C4305: 'argument': truncation from 'double' to 'GLfloat'
C:\Users\Window\source\repos\OptimusPrime\OptimusPrime\Robot.cpp(4050,27): warning C4305: 'argument': truncation from 'double' to 'GLfloat'
C:\Users\Window\source\repos\OptimusPrime\OptimusPrime\Robot.cpp(4052,27): warning C4305: 'argument': truncation from 'double' to 'GLfloat'
C:\Users\Window\source\repos\OptimusPrime\OptimusPrime\Robot.cpp(4054,27): warning C4305: 'argument': truncation from 'double' to 'GLfloat'
C:\Users\Window\source\repos\OptimusPrime\OptimusPrime\Robot.cpp(4059,26): warning C4305: 'argument': truncation from 'double' to 'GLfloat'
C:\Users\Window\source\repos\OptimusPrime\OptimusPrime\Robot.cpp(4061,26): warning C4305: 'argument': truncation from 'double' to 'GLfloat'
C:\Users\Window\source\repos\OptimusPrime\OptimusPrime\Robot.cpp(4063,26): warning C4305: 'argument': truncation from 'double' to 'GLfloat'
C:\Users\Window\source\repos\OptimusPrime\OptimusPrime\Robot.cpp(4065,26): warning C4305: 'argument': truncation from 'double' to 'GLfloat'
C:\Users\Window\source\repos\OptimusPrime\OptimusPrime\Robot.cpp(4068,26): warning C4305: 'argument': truncation from 'double' to 'GLfloat'
C:\Users\Window\source\repos\OptimusPrime\OptimusPrime\Robot.cpp(4070,26): warning C4305: 'argument': truncation from 'double' to 'GLfloat'
C:\Users\Window\source\repos\OptimusPrime\OptimusPrime\Robot.cpp(4072,26): warning C4305: 'argument': truncation from 'double' to 'GLfloat'
C:\Users\Window\source\repos\OptimusPrime\OptimusPrime\Robot.cpp(4074,26): warning C4305: 'argument': truncation from 'double' to 'GLfloat'
C:\Users\Window\source\repos\OptimusPrime\OptimusPrime\Robot.cpp(4082,27): warning C4305: 'argument': truncation from 'double' to 'GLfloat'
C:\Users\Window\source\repos\OptimusPrime\OptimusPrime\Robot.cpp(4084,27): warning C4305: 'argument': truncation from 'double' to 'GLfloat'
C:\Users\Window\source\repos\OptimusPrime\OptimusPrime\Robot.cpp(4086,27): warning C4305: 'argument': truncation from 'double' to 'GLfloat'
C:\Users\Window\source\repos\OptimusPrime\OptimusPrime\Robot.cpp(4088,26): warning C4305: 'argument': truncation from 'double' to 'GLfloat'
C:\Users\Window\source\repos\OptimusPrime\OptimusPrime\Robot.cpp(4090,26): warning C4305: 'argument': truncation from 'double' to 'GLfloat'
C:\Users\Window\source\repos\OptimusPrime\OptimusPrime\Robot.cpp(4092,26): warning C4305: 'argument': truncation from 'double' to 'GLfloat'
C:\Users\Window\source\repos\OptimusPrime\OptimusPrime\Robot.cpp(4103,29): warning C4305: 'argument': truncation from 'double' to 'GLfloat'
C:\Users\Window\source\repos\OptimusPrime\OptimusPrime\Robot.cpp(4105,29): warning C4305: 'argument': truncation from 'double' to 'GLfloat'
C:\Users\Window\source\repos\OptimusPrime\OptimusPrime\Robot.cpp(4107,28): warning C4305: 'argument': truncation from 'double' to 'GLfloat'
C:\Users\Window\source\repos\OptimusPrime\OptimusPrime\Robot.cpp(4109,28): warning C4305: 'argument': truncation from 'double' to 'GLfloat'
C:\Users\Window\source\repos\OptimusPrime\OptimusPrime\Robot.cpp(4117,29): warning C4305: 'argument': truncation from 'double' to 'GLfloat'
C:\Users\Window\source\repos\OptimusPrime\OptimusPrime\Robot.cpp(4119,28): warning C4305: 'argument': truncation from 'double' to 'GLfloat'
C:\Users\Window\source\repos\OptimusPrime\OptimusPrime\Robot.cpp(4121,27): warning C4305: 'argument': truncation from 'double' to 'GLfloat'
C:\Users\Window\source\repos\OptimusPrime\OptimusPrime\Robot.cpp(4123,28): warning C4305: 'argument': truncation from 'double' to 'GLfloat'
C:\Users\Window\source\repos\OptimusPrime\OptimusPrime\Robot.cpp(4131,29): warning C4305: 'argument': truncation from 'double' to 'GLfloat'
C:\Users\Window\source\repos\OptimusPrime\OptimusPrime\Robot.cpp(4133,29): warning C4305: 'argument': truncation from 'double' to 'GLfloat'
C:\Users\Window\source\repos\OptimusPrime\OptimusPrime\Robot.cpp(4135,28): warning C4305: 'argument': truncation from 'double' to 'GLfloat'
C:\Users\Window\source\repos\OptimusPrime\OptimusPrime\Robot.cpp(4137,28): warning C4305: 'argument': truncation from 'double' to 'GLfloat'
C:\Users\Window\source\repos\OptimusPrime\OptimusPrime\Robot.cpp(4145,28): warning C4305: 'argument': truncation from 'double' to 'GLfloat'
C:\Users\Window\source\repos\OptimusPrime\OptimusPrime\Robot.cpp(4147,28): warning C4305: 'argument': truncation from 'double' to 'GLfloat'
C:\Users\Window\source\repos\OptimusPrime\OptimusPrime\Robot.cpp(4149,27): warning C4305: 'argument': truncation from 'double' to 'GLfloat'
C:\Users\Window\source\repos\OptimusPrime\OptimusPrime\Robot.cpp(4151,27): warning C4305: 'argument': truncation from 'double' to 'GLfloat'
C:\Users\Window\source\repos\OptimusPrime\OptimusPrime\Robot.cpp(4159,29): warning C4305: 'argument': truncation from 'double' to 'GLfloat'
C:\Users\Window\source\repos\OptimusPrime\OptimusPrime\Robot.cpp(4161,28): warning C4305: 'argument': truncation from 'double' to 'GLfloat'
C:\Users\Window\source\repos\OptimusPrime\OptimusPrime\Robot.cpp(4163,27): warning C4305: 'argument': truncation from 'double' to 'GLfloat'
C:\Users\Window\source\repos\OptimusPrime\OptimusPrime\Robot.cpp(4165,28): warning C4305: 'argument': truncation from 'double' to 'GLfloat'
C:\Users\Window\source\repos\OptimusPrime\OptimusPrime\Robot.cpp(4174,27): warning C4305: 'argument': truncation from 'double' to 'GLfloat'
C:\Users\Window\source\repos\OptimusPrime\OptimusPrime\Robot.cpp(4176,27): warning C4305: 'argument': truncation from 'double' to 'GLfloat'
C:\Users\Window\source\repos\OptimusPrime\OptimusPrime\Robot.cpp(4178,28): warning C4305: 'argument': truncation from 'double' to 'GLfloat'
C:\Users\Window\source\repos\OptimusPrime\OptimusPrime\Robot.cpp(4180,28): warning C4305: 'argument': truncation from 'double' to 'GLfloat'
C:\Users\Window\source\repos\OptimusPrime\OptimusPrime\Robot.cpp(4193,29): warning C4305: 'argument': truncation from 'double' to 'GLfloat'
C:\Users\Window\source\repos\OptimusPrime\OptimusPrime\Robot.cpp(4211,29): warning C4305: 'argument': truncation from 'double' to 'GLfloat'
C:\Users\Window\source\repos\OptimusPrime\OptimusPrime\Robot.cpp(4230,29): warning C4305: 'argument': truncation from 'double' to 'GLfloat'
C:\Users\Window\source\repos\OptimusPrime\OptimusPrime\Robot.cpp(4237,29): warning C4305: 'argument': truncation from 'double' to 'GLfloat'
C:\Users\Window\source\repos\OptimusPrime\OptimusPrime\Robot.cpp(4244,31): warning C4305: 'argument': truncation from 'double' to 'GLfloat'
C:\Users\Window\source\repos\OptimusPrime\OptimusPrime\Robot.cpp(4261,27): warning C4305: 'argument': truncation from 'double' to 'GLfloat'
C:\Users\Window\source\repos\OptimusPrime\OptimusPrime\Robot.cpp(4268,30): warning C4305: 'argument': truncation from 'double' to 'GLfloat'
C:\Users\Window\source\repos\OptimusPrime\OptimusPrime\Robot.cpp(4276,30): warning C4305: 'argument': truncation from 'double' to 'GLfloat'
C:\Users\Window\source\repos\OptimusPrime\OptimusPrime\Robot.cpp(4291,29): warning C4305: 'argument': truncation from 'double' to 'GLfloat'
C:\Users\Window\source\repos\OptimusPrime\OptimusPrime\Robot.cpp(4307,30): warning C4305: 'argument': truncation from 'double' to 'GLfloat'
C:\Users\Window\source\repos\OptimusPrime\OptimusPrime\Robot.cpp(4318,38): warning C4305: 'argument': truncation from 'double' to 'float'
C:\Users\Window\source\repos\OptimusPrime\OptimusPrime\Robot.cpp(4320,26): warning C4305: 'argument': truncation from 'double' to 'GLfloat'
C:\Users\Window\source\repos\OptimusPrime\OptimusPrime\Robot.cpp(4331,38): warning C4305: 'argument': truncation from 'double' to 'float'
C:\Users\Window\source\repos\OptimusPrime\OptimusPrime\Robot.cpp(4338,33): warning C4305: 'argument': truncation from 'double' to 'GLfloat'
C:\Users\Window\source\repos\OptimusPrime\OptimusPrime\Robot.cpp(4352,28): warning C4305: 'argument': truncation from 'double' to 'GLfloat'
C:\Users\Window\source\repos\OptimusPrime\OptimusPrime\Robot.cpp(4365,30): warning C4305: 'argument': truncation from 'double' to 'GLfloat'
C:\Users\Window\source\repos\OptimusPrime\OptimusPrime\Robot.cpp(4443,35): warning C4305: 'argument': truncation from 'double' to 'GLclampf'
C:\Users\Window\source\repos\OptimusPrime\OptimusPrime\Robot.cpp(4449,17): warning C4805: '==': unsafe mix of type 'boolean' and type 'bool' in operation
C:\Users\Window\source\repos\OptimusPrime\OptimusPrime\Robot.cpp(4467,24): warning C4305: 'argument': truncation from 'double' to 'GLfloat'
C:\Users\Window\source\repos\OptimusPrime\OptimusPrime\Robot.cpp(4479,29): warning C4305: 'argument': truncation from 'double' to 'GLfloat'
C:\Users\Window\source\repos\OptimusPrime\OptimusPrime\Robot.cpp(4481,22): warning C4305: 'argument': truncation from 'double' to 'GLfloat'
C:\Users\Window\source\repos\OptimusPrime\OptimusPrime\Robot.cpp(4501,26): warning C4305: 'argument': truncation from 'double' to 'GLfloat'
  OptimusPrime.vcxproj -> C:\Users\Window\source\repos\OptimusPrime\x64\Debug\OptimusPrime.exe
